[ 2018-03-19 13:02:57,937][cascade_classifier.fit_transform] X_groups_train.shape=[(675, 420)],y_train.shape=(675,),X_groups_test.shape=no_test,y_test.shape=no_test
[ 2018-03-19 13:02:57,939][cascade_classifier.fit_transform] group_dims=[420]
[ 2018-03-19 13:02:57,939][cascade_classifier.fit_transform] group_starts=[0]
[ 2018-03-19 13:02:57,939][cascade_classifier.fit_transform] group_ends=[420]
[ 2018-03-19 13:02:57,939][cascade_classifier.fit_transform] X_train.shape=(675, 420),X_test.shape=(0, 420)
[ 2018-03-19 13:02:57,941][cascade_classifier.fit_transform] [layer=0] look_indexs=[0], X_cur_train.shape=(675, 420), X_cur_test.shape=(0, 420)
[ 2018-03-19 13:02:58,640][kfold_wrapper.log_eval_metrics] Accuracy(layer_0 - estimator_0 - 5_folds.train_0.predict)=65.19%
[ 2018-03-19 13:02:59,316][kfold_wrapper.log_eval_metrics] Accuracy(layer_0 - estimator_0 - 5_folds.train_1.predict)=64.44%
[ 2018-03-19 13:03:00,006][kfold_wrapper.log_eval_metrics] Accuracy(layer_0 - estimator_0 - 5_folds.train_2.predict)=68.15%
[ 2018-03-19 13:03:00,744][kfold_wrapper.log_eval_metrics] Accuracy(layer_0 - estimator_0 - 5_folds.train_3.predict)=62.96%
[ 2018-03-19 13:03:01,446][kfold_wrapper.log_eval_metrics] Accuracy(layer_0 - estimator_0 - 5_folds.train_4.predict)=66.67%
[ 2018-03-19 13:03:01,446][kfold_wrapper.log_eval_metrics] Accuracy(layer_0 - estimator_0 - 5_folds.train_cv.predict)=65.48%
[ 2018-03-19 13:03:02,326][kfold_wrapper.log_eval_metrics] Accuracy(layer_0 - estimator_1 - 5_folds.train_0.predict)=68.15%
[ 2018-03-19 13:03:03,377][kfold_wrapper.log_eval_metrics] Accuracy(layer_0 - estimator_1 - 5_folds.train_1.predict)=67.41%
[ 2018-03-19 13:03:04,270][kfold_wrapper.log_eval_metrics] Accuracy(layer_0 - estimator_1 - 5_folds.train_2.predict)=65.93%
[ 2018-03-19 13:03:05,314][kfold_wrapper.log_eval_metrics] Accuracy(layer_0 - estimator_1 - 5_folds.train_3.predict)=66.67%
[ 2018-03-19 13:03:06,117][kfold_wrapper.log_eval_metrics] Accuracy(layer_0 - estimator_1 - 5_folds.train_4.predict)=66.67%
[ 2018-03-19 13:03:06,118][kfold_wrapper.log_eval_metrics] Accuracy(layer_0 - estimator_1 - 5_folds.train_cv.predict)=66.96%
[ 2018-03-19 13:03:06,860][kfold_wrapper.log_eval_metrics] Accuracy(layer_0 - estimator_2 - 5_folds.train_0.predict)=65.19%
[ 2018-03-19 13:03:07,752][kfold_wrapper.log_eval_metrics] Accuracy(layer_0 - estimator_2 - 5_folds.train_1.predict)=67.41%
[ 2018-03-19 13:03:08,488][kfold_wrapper.log_eval_metrics] Accuracy(layer_0 - estimator_2 - 5_folds.train_2.predict)=65.19%
[ 2018-03-19 13:03:09,355][kfold_wrapper.log_eval_metrics] Accuracy(layer_0 - estimator_2 - 5_folds.train_3.predict)=64.44%
[ 2018-03-19 13:03:10,227][kfold_wrapper.log_eval_metrics] Accuracy(layer_0 - estimator_2 - 5_folds.train_4.predict)=64.44%
[ 2018-03-19 13:03:10,228][kfold_wrapper.log_eval_metrics] Accuracy(layer_0 - estimator_2 - 5_folds.train_cv.predict)=65.33%
[ 2018-03-19 13:03:10,253][kfold_wrapper.log_eval_metrics] Accuracy(layer_0 - estimator_3 - 4_folds.train_0.predict)=65.29%
[ 2018-03-19 13:03:10,272][kfold_wrapper.log_eval_metrics] Accuracy(layer_0 - estimator_3 - 4_folds.train_1.predict)=68.05%
[ 2018-03-19 13:03:10,286][kfold_wrapper.log_eval_metrics] Accuracy(layer_0 - estimator_3 - 4_folds.train_2.predict)=67.86%
[ 2018-03-19 13:03:10,304][kfold_wrapper.log_eval_metrics] Accuracy(layer_0 - estimator_3 - 4_folds.train_3.predict)=64.88%
[ 2018-03-19 13:03:10,304][kfold_wrapper.log_eval_metrics] Accuracy(layer_0 - estimator_3 - 4_folds.train_cv.predict)=66.52%
[ 2018-03-19 13:03:10,305][cascade_classifier.calc_accuracy] Accuracy(layer_0 - train.classifier_average)=68.74%
[ 2018-03-19 13:03:10,307][cascade_classifier.fit_transform] [layer=1] look_indexs=[0], X_cur_train.shape=(675, 428), X_cur_test.shape=(0, 428)
[ 2018-03-19 13:03:11,336][kfold_wrapper.log_eval_metrics] Accuracy(layer_1 - estimator_0 - 5_folds.train_0.predict)=68.15%
[ 2018-03-19 13:03:12,010][kfold_wrapper.log_eval_metrics] Accuracy(layer_1 - estimator_0 - 5_folds.train_1.predict)=60.00%
[ 2018-03-19 13:03:12,702][kfold_wrapper.log_eval_metrics] Accuracy(layer_1 - estimator_0 - 5_folds.train_2.predict)=59.26%
[ 2018-03-19 13:03:13,389][kfold_wrapper.log_eval_metrics] Accuracy(layer_1 - estimator_0 - 5_folds.train_3.predict)=68.89%
[ 2018-03-19 13:03:14,115][kfold_wrapper.log_eval_metrics] Accuracy(layer_1 - estimator_0 - 5_folds.train_4.predict)=65.93%
[ 2018-03-19 13:03:14,115][kfold_wrapper.log_eval_metrics] Accuracy(layer_1 - estimator_0 - 5_folds.train_cv.predict)=64.44%
[ 2018-03-19 13:03:14,843][kfold_wrapper.log_eval_metrics] Accuracy(layer_1 - estimator_1 - 5_folds.train_0.predict)=67.41%
[ 2018-03-19 13:03:15,571][kfold_wrapper.log_eval_metrics] Accuracy(layer_1 - estimator_1 - 5_folds.train_1.predict)=68.15%
[ 2018-03-19 13:03:16,276][kfold_wrapper.log_eval_metrics] Accuracy(layer_1 - estimator_1 - 5_folds.train_2.predict)=70.37%
[ 2018-03-19 13:03:16,997][kfold_wrapper.log_eval_metrics] Accuracy(layer_1 - estimator_1 - 5_folds.train_3.predict)=68.15%
[ 2018-03-19 13:03:17,737][kfold_wrapper.log_eval_metrics] Accuracy(layer_1 - estimator_1 - 5_folds.train_4.predict)=66.67%
[ 2018-03-19 13:03:17,738][kfold_wrapper.log_eval_metrics] Accuracy(layer_1 - estimator_1 - 5_folds.train_cv.predict)=68.15%
[ 2018-03-19 13:03:18,625][kfold_wrapper.log_eval_metrics] Accuracy(layer_1 - estimator_2 - 5_folds.train_0.predict)=66.67%
[ 2018-03-19 13:03:19,375][kfold_wrapper.log_eval_metrics] Accuracy(layer_1 - estimator_2 - 5_folds.train_1.predict)=69.63%
[ 2018-03-19 13:03:20,126][kfold_wrapper.log_eval_metrics] Accuracy(layer_1 - estimator_2 - 5_folds.train_2.predict)=71.11%
[ 2018-03-19 13:03:20,978][kfold_wrapper.log_eval_metrics] Accuracy(layer_1 - estimator_2 - 5_folds.train_3.predict)=71.11%
[ 2018-03-19 13:03:21,719][kfold_wrapper.log_eval_metrics] Accuracy(layer_1 - estimator_2 - 5_folds.train_4.predict)=71.11%
[ 2018-03-19 13:03:21,720][kfold_wrapper.log_eval_metrics] Accuracy(layer_1 - estimator_2 - 5_folds.train_cv.predict)=69.93%
[ 2018-03-19 13:03:21,737][kfold_wrapper.log_eval_metrics] Accuracy(layer_1 - estimator_3 - 4_folds.train_0.predict)=67.06%
[ 2018-03-19 13:03:21,750][kfold_wrapper.log_eval_metrics] Accuracy(layer_1 - estimator_3 - 4_folds.train_1.predict)=75.15%
[ 2018-03-19 13:03:21,762][kfold_wrapper.log_eval_metrics] Accuracy(layer_1 - estimator_3 - 4_folds.train_2.predict)=69.05%
[ 2018-03-19 13:03:21,775][kfold_wrapper.log_eval_metrics] Accuracy(layer_1 - estimator_3 - 4_folds.train_3.predict)=69.64%
[ 2018-03-19 13:03:21,776][kfold_wrapper.log_eval_metrics] Accuracy(layer_1 - estimator_3 - 4_folds.train_cv.predict)=70.22%
[ 2018-03-19 13:03:21,776][cascade_classifier.calc_accuracy] Accuracy(layer_1 - train.classifier_average)=70.07%
[ 2018-03-19 13:03:21,777][cascade_classifier.fit_transform] [layer=2] look_indexs=[0], X_cur_train.shape=(675, 428), X_cur_test.shape=(0, 428)
[ 2018-03-19 13:03:22,511][kfold_wrapper.log_eval_metrics] Accuracy(layer_2 - estimator_0 - 5_folds.train_0.predict)=71.11%
[ 2018-03-19 13:03:23,285][kfold_wrapper.log_eval_metrics] Accuracy(layer_2 - estimator_0 - 5_folds.train_1.predict)=68.89%
[ 2018-03-19 13:03:24,180][kfold_wrapper.log_eval_metrics] Accuracy(layer_2 - estimator_0 - 5_folds.train_2.predict)=65.93%
[ 2018-03-19 13:03:25,053][kfold_wrapper.log_eval_metrics] Accuracy(layer_2 - estimator_0 - 5_folds.train_3.predict)=70.37%
[ 2018-03-19 13:03:25,912][kfold_wrapper.log_eval_metrics] Accuracy(layer_2 - estimator_0 - 5_folds.train_4.predict)=67.41%
[ 2018-03-19 13:03:25,912][kfold_wrapper.log_eval_metrics] Accuracy(layer_2 - estimator_0 - 5_folds.train_cv.predict)=68.74%
[ 2018-03-19 13:03:27,169][kfold_wrapper.log_eval_metrics] Accuracy(layer_2 - estimator_1 - 5_folds.train_0.predict)=71.85%
[ 2018-03-19 13:03:28,240][kfold_wrapper.log_eval_metrics] Accuracy(layer_2 - estimator_1 - 5_folds.train_1.predict)=76.30%
[ 2018-03-19 13:03:29,017][kfold_wrapper.log_eval_metrics] Accuracy(layer_2 - estimator_1 - 5_folds.train_2.predict)=66.67%
[ 2018-03-19 13:03:29,763][kfold_wrapper.log_eval_metrics] Accuracy(layer_2 - estimator_1 - 5_folds.train_3.predict)=68.15%
[ 2018-03-19 13:03:30,483][kfold_wrapper.log_eval_metrics] Accuracy(layer_2 - estimator_1 - 5_folds.train_4.predict)=62.96%
[ 2018-03-19 13:03:30,484][kfold_wrapper.log_eval_metrics] Accuracy(layer_2 - estimator_1 - 5_folds.train_cv.predict)=69.19%
[ 2018-03-19 13:03:31,349][kfold_wrapper.log_eval_metrics] Accuracy(layer_2 - estimator_2 - 5_folds.train_0.predict)=67.41%
[ 2018-03-19 13:03:32,079][kfold_wrapper.log_eval_metrics] Accuracy(layer_2 - estimator_2 - 5_folds.train_1.predict)=69.63%
[ 2018-03-19 13:03:32,795][kfold_wrapper.log_eval_metrics] Accuracy(layer_2 - estimator_2 - 5_folds.train_2.predict)=71.85%
[ 2018-03-19 13:03:33,528][kfold_wrapper.log_eval_metrics] Accuracy(layer_2 - estimator_2 - 5_folds.train_3.predict)=71.85%
[ 2018-03-19 13:03:34,321][kfold_wrapper.log_eval_metrics] Accuracy(layer_2 - estimator_2 - 5_folds.train_4.predict)=69.63%
[ 2018-03-19 13:03:34,322][kfold_wrapper.log_eval_metrics] Accuracy(layer_2 - estimator_2 - 5_folds.train_cv.predict)=70.07%
[ 2018-03-19 13:03:34,340][kfold_wrapper.log_eval_metrics] Accuracy(layer_2 - estimator_3 - 4_folds.train_0.predict)=58.24%
[ 2018-03-19 13:03:34,355][kfold_wrapper.log_eval_metrics] Accuracy(layer_2 - estimator_3 - 4_folds.train_1.predict)=66.86%
[ 2018-03-19 13:03:34,368][kfold_wrapper.log_eval_metrics] Accuracy(layer_2 - estimator_3 - 4_folds.train_2.predict)=67.86%
[ 2018-03-19 13:03:34,382][kfold_wrapper.log_eval_metrics] Accuracy(layer_2 - estimator_3 - 4_folds.train_3.predict)=68.45%
[ 2018-03-19 13:03:34,383][kfold_wrapper.log_eval_metrics] Accuracy(layer_2 - estimator_3 - 4_folds.train_cv.predict)=65.33%
[ 2018-03-19 13:03:34,383][cascade_classifier.calc_accuracy] Accuracy(layer_2 - train.classifier_average)=69.04%
[ 2018-03-19 13:03:34,384][cascade_classifier.fit_transform] [layer=3] look_indexs=[0], X_cur_train.shape=(675, 428), X_cur_test.shape=(0, 428)
[ 2018-03-19 13:03:35,077][kfold_wrapper.log_eval_metrics] Accuracy(layer_3 - estimator_0 - 5_folds.train_0.predict)=62.96%
[ 2018-03-19 13:03:35,741][kfold_wrapper.log_eval_metrics] Accuracy(layer_3 - estimator_0 - 5_folds.train_1.predict)=68.15%
[ 2018-03-19 13:03:36,413][kfold_wrapper.log_eval_metrics] Accuracy(layer_3 - estimator_0 - 5_folds.train_2.predict)=65.93%
[ 2018-03-19 13:03:37,096][kfold_wrapper.log_eval_metrics] Accuracy(layer_3 - estimator_0 - 5_folds.train_3.predict)=64.44%
[ 2018-03-19 13:03:37,776][kfold_wrapper.log_eval_metrics] Accuracy(layer_3 - estimator_0 - 5_folds.train_4.predict)=67.41%
[ 2018-03-19 13:03:37,776][kfold_wrapper.log_eval_metrics] Accuracy(layer_3 - estimator_0 - 5_folds.train_cv.predict)=65.78%
[ 2018-03-19 13:03:38,608][kfold_wrapper.log_eval_metrics] Accuracy(layer_3 - estimator_1 - 5_folds.train_0.predict)=65.93%
[ 2018-03-19 13:03:39,516][kfold_wrapper.log_eval_metrics] Accuracy(layer_3 - estimator_1 - 5_folds.train_1.predict)=66.67%
[ 2018-03-19 13:03:40,466][kfold_wrapper.log_eval_metrics] Accuracy(layer_3 - estimator_1 - 5_folds.train_2.predict)=69.63%
[ 2018-03-19 13:03:41,613][kfold_wrapper.log_eval_metrics] Accuracy(layer_3 - estimator_1 - 5_folds.train_3.predict)=75.56%
[ 2018-03-19 13:03:42,540][kfold_wrapper.log_eval_metrics] Accuracy(layer_3 - estimator_1 - 5_folds.train_4.predict)=68.89%
[ 2018-03-19 13:03:42,540][kfold_wrapper.log_eval_metrics] Accuracy(layer_3 - estimator_1 - 5_folds.train_cv.predict)=69.33%
[ 2018-03-19 13:03:43,437][kfold_wrapper.log_eval_metrics] Accuracy(layer_3 - estimator_2 - 5_folds.train_0.predict)=71.11%
[ 2018-03-19 13:03:44,187][kfold_wrapper.log_eval_metrics] Accuracy(layer_3 - estimator_2 - 5_folds.train_1.predict)=70.37%
[ 2018-03-19 13:03:45,072][kfold_wrapper.log_eval_metrics] Accuracy(layer_3 - estimator_2 - 5_folds.train_2.predict)=64.44%
[ 2018-03-19 13:03:45,839][kfold_wrapper.log_eval_metrics] Accuracy(layer_3 - estimator_2 - 5_folds.train_3.predict)=71.85%
[ 2018-03-19 13:03:46,564][kfold_wrapper.log_eval_metrics] Accuracy(layer_3 - estimator_2 - 5_folds.train_4.predict)=71.85%
[ 2018-03-19 13:03:46,565][kfold_wrapper.log_eval_metrics] Accuracy(layer_3 - estimator_2 - 5_folds.train_cv.predict)=69.93%
[ 2018-03-19 13:03:46,582][kfold_wrapper.log_eval_metrics] Accuracy(layer_3 - estimator_3 - 4_folds.train_0.predict)=65.29%
[ 2018-03-19 13:03:46,595][kfold_wrapper.log_eval_metrics] Accuracy(layer_3 - estimator_3 - 4_folds.train_1.predict)=72.78%
[ 2018-03-19 13:03:46,608][kfold_wrapper.log_eval_metrics] Accuracy(layer_3 - estimator_3 - 4_folds.train_2.predict)=72.02%
[ 2018-03-19 13:03:46,619][kfold_wrapper.log_eval_metrics] Accuracy(layer_3 - estimator_3 - 4_folds.train_3.predict)=72.62%
[ 2018-03-19 13:03:46,619][kfold_wrapper.log_eval_metrics] Accuracy(layer_3 - estimator_3 - 4_folds.train_cv.predict)=70.67%
[ 2018-03-19 13:03:46,620][cascade_classifier.calc_accuracy] Accuracy(layer_3 - train.classifier_average)=69.33%
[ 2018-03-19 13:03:46,620][cascade_classifier.fit_transform] [layer=4] look_indexs=[0], X_cur_train.shape=(675, 428), X_cur_test.shape=(0, 428)
[ 2018-03-19 13:03:47,308][kfold_wrapper.log_eval_metrics] Accuracy(layer_4 - estimator_0 - 5_folds.train_0.predict)=71.85%
[ 2018-03-19 13:03:47,983][kfold_wrapper.log_eval_metrics] Accuracy(layer_4 - estimator_0 - 5_folds.train_1.predict)=74.07%
[ 2018-03-19 13:03:48,655][kfold_wrapper.log_eval_metrics] Accuracy(layer_4 - estimator_0 - 5_folds.train_2.predict)=70.37%
[ 2018-03-19 13:03:49,336][kfold_wrapper.log_eval_metrics] Accuracy(layer_4 - estimator_0 - 5_folds.train_3.predict)=69.63%
[ 2018-03-19 13:03:49,978][kfold_wrapper.log_eval_metrics] Accuracy(layer_4 - estimator_0 - 5_folds.train_4.predict)=60.74%
[ 2018-03-19 13:03:49,979][kfold_wrapper.log_eval_metrics] Accuracy(layer_4 - estimator_0 - 5_folds.train_cv.predict)=69.33%
[ 2018-03-19 13:03:50,713][kfold_wrapper.log_eval_metrics] Accuracy(layer_4 - estimator_1 - 5_folds.train_0.predict)=68.15%
[ 2018-03-19 13:03:51,570][kfold_wrapper.log_eval_metrics] Accuracy(layer_4 - estimator_1 - 5_folds.train_1.predict)=73.33%
[ 2018-03-19 13:03:52,310][kfold_wrapper.log_eval_metrics] Accuracy(layer_4 - estimator_1 - 5_folds.train_2.predict)=70.37%
[ 2018-03-19 13:03:53,170][kfold_wrapper.log_eval_metrics] Accuracy(layer_4 - estimator_1 - 5_folds.train_3.predict)=68.15%
[ 2018-03-19 13:03:54,183][kfold_wrapper.log_eval_metrics] Accuracy(layer_4 - estimator_1 - 5_folds.train_4.predict)=69.63%
[ 2018-03-19 13:03:54,183][kfold_wrapper.log_eval_metrics] Accuracy(layer_4 - estimator_1 - 5_folds.train_cv.predict)=69.93%
[ 2018-03-19 13:03:56,092][kfold_wrapper.log_eval_metrics] Accuracy(layer_4 - estimator_2 - 5_folds.train_0.predict)=68.89%
[ 2018-03-19 13:03:57,162][kfold_wrapper.log_eval_metrics] Accuracy(layer_4 - estimator_2 - 5_folds.train_1.predict)=64.44%
[ 2018-03-19 13:03:58,211][kfold_wrapper.log_eval_metrics] Accuracy(layer_4 - estimator_2 - 5_folds.train_2.predict)=68.89%
[ 2018-03-19 13:03:59,105][kfold_wrapper.log_eval_metrics] Accuracy(layer_4 - estimator_2 - 5_folds.train_3.predict)=65.19%
[ 2018-03-19 13:03:59,858][kfold_wrapper.log_eval_metrics] Accuracy(layer_4 - estimator_2 - 5_folds.train_4.predict)=71.85%
[ 2018-03-19 13:03:59,859][kfold_wrapper.log_eval_metrics] Accuracy(layer_4 - estimator_2 - 5_folds.train_cv.predict)=67.85%
[ 2018-03-19 13:03:59,877][kfold_wrapper.log_eval_metrics] Accuracy(layer_4 - estimator_3 - 4_folds.train_0.predict)=70.59%
[ 2018-03-19 13:03:59,890][kfold_wrapper.log_eval_metrics] Accuracy(layer_4 - estimator_3 - 4_folds.train_1.predict)=67.46%
[ 2018-03-19 13:03:59,903][kfold_wrapper.log_eval_metrics] Accuracy(layer_4 - estimator_3 - 4_folds.train_2.predict)=64.29%
[ 2018-03-19 13:03:59,917][kfold_wrapper.log_eval_metrics] Accuracy(layer_4 - estimator_3 - 4_folds.train_3.predict)=71.43%
[ 2018-03-19 13:03:59,917][kfold_wrapper.log_eval_metrics] Accuracy(layer_4 - estimator_3 - 4_folds.train_cv.predict)=68.44%
[ 2018-03-19 13:03:59,917][cascade_classifier.calc_accuracy] Accuracy(layer_4 - train.classifier_average)=71.26%
[ 2018-03-19 13:03:59,918][cascade_classifier.fit_transform] [layer=5] look_indexs=[0], X_cur_train.shape=(675, 428), X_cur_test.shape=(0, 428)
[ 2018-03-19 13:04:00,583][kfold_wrapper.log_eval_metrics] Accuracy(layer_5 - estimator_0 - 5_folds.train_0.predict)=61.48%
[ 2018-03-19 13:04:01,387][kfold_wrapper.log_eval_metrics] Accuracy(layer_5 - estimator_0 - 5_folds.train_1.predict)=75.56%
[ 2018-03-19 13:04:02,089][kfold_wrapper.log_eval_metrics] Accuracy(layer_5 - estimator_0 - 5_folds.train_2.predict)=72.59%
[ 2018-03-19 13:04:02,808][kfold_wrapper.log_eval_metrics] Accuracy(layer_5 - estimator_0 - 5_folds.train_3.predict)=70.37%
[ 2018-03-19 13:04:03,578][kfold_wrapper.log_eval_metrics] Accuracy(layer_5 - estimator_0 - 5_folds.train_4.predict)=67.41%
[ 2018-03-19 13:04:03,578][kfold_wrapper.log_eval_metrics] Accuracy(layer_5 - estimator_0 - 5_folds.train_cv.predict)=69.48%
[ 2018-03-19 13:04:04,444][kfold_wrapper.log_eval_metrics] Accuracy(layer_5 - estimator_1 - 5_folds.train_0.predict)=77.04%
[ 2018-03-19 13:04:05,178][kfold_wrapper.log_eval_metrics] Accuracy(layer_5 - estimator_1 - 5_folds.train_1.predict)=60.00%
[ 2018-03-19 13:04:05,916][kfold_wrapper.log_eval_metrics] Accuracy(layer_5 - estimator_1 - 5_folds.train_2.predict)=69.63%
[ 2018-03-19 13:04:06,680][kfold_wrapper.log_eval_metrics] Accuracy(layer_5 - estimator_1 - 5_folds.train_3.predict)=74.07%
[ 2018-03-19 13:04:07,455][kfold_wrapper.log_eval_metrics] Accuracy(layer_5 - estimator_1 - 5_folds.train_4.predict)=68.15%
[ 2018-03-19 13:04:07,456][kfold_wrapper.log_eval_metrics] Accuracy(layer_5 - estimator_1 - 5_folds.train_cv.predict)=69.78%
[ 2018-03-19 13:04:08,202][kfold_wrapper.log_eval_metrics] Accuracy(layer_5 - estimator_2 - 5_folds.train_0.predict)=72.59%
[ 2018-03-19 13:04:08,943][kfold_wrapper.log_eval_metrics] Accuracy(layer_5 - estimator_2 - 5_folds.train_1.predict)=69.63%
[ 2018-03-19 13:04:09,813][kfold_wrapper.log_eval_metrics] Accuracy(layer_5 - estimator_2 - 5_folds.train_2.predict)=72.59%
[ 2018-03-19 13:04:11,312][kfold_wrapper.log_eval_metrics] Accuracy(layer_5 - estimator_2 - 5_folds.train_3.predict)=71.85%
[ 2018-03-19 13:04:13,111][kfold_wrapper.log_eval_metrics] Accuracy(layer_5 - estimator_2 - 5_folds.train_4.predict)=65.19%
[ 2018-03-19 13:04:13,111][kfold_wrapper.log_eval_metrics] Accuracy(layer_5 - estimator_2 - 5_folds.train_cv.predict)=70.37%
[ 2018-03-19 13:04:13,143][kfold_wrapper.log_eval_metrics] Accuracy(layer_5 - estimator_3 - 4_folds.train_0.predict)=70.59%
[ 2018-03-19 13:04:13,165][kfold_wrapper.log_eval_metrics] Accuracy(layer_5 - estimator_3 - 4_folds.train_1.predict)=63.31%
[ 2018-03-19 13:04:13,234][kfold_wrapper.log_eval_metrics] Accuracy(layer_5 - estimator_3 - 4_folds.train_2.predict)=70.83%
[ 2018-03-19 13:04:13,265][kfold_wrapper.log_eval_metrics] Accuracy(layer_5 - estimator_3 - 4_folds.train_3.predict)=67.86%
[ 2018-03-19 13:04:13,265][kfold_wrapper.log_eval_metrics] Accuracy(layer_5 - estimator_3 - 4_folds.train_cv.predict)=68.15%
[ 2018-03-19 13:04:13,265][cascade_classifier.calc_accuracy] Accuracy(layer_5 - train.classifier_average)=71.41%
[ 2018-03-19 13:04:13,266][cascade_classifier.fit_transform] [layer=6] look_indexs=[0], X_cur_train.shape=(675, 428), X_cur_test.shape=(0, 428)
[ 2018-03-19 13:04:14,642][kfold_wrapper.log_eval_metrics] Accuracy(layer_6 - estimator_0 - 5_folds.train_0.predict)=63.70%
[ 2018-03-19 13:04:15,984][kfold_wrapper.log_eval_metrics] Accuracy(layer_6 - estimator_0 - 5_folds.train_1.predict)=71.11%
[ 2018-03-19 13:04:17,794][kfold_wrapper.log_eval_metrics] Accuracy(layer_6 - estimator_0 - 5_folds.train_2.predict)=66.67%
[ 2018-03-19 13:04:18,854][kfold_wrapper.log_eval_metrics] Accuracy(layer_6 - estimator_0 - 5_folds.train_3.predict)=68.15%
[ 2018-03-19 13:04:19,774][kfold_wrapper.log_eval_metrics] Accuracy(layer_6 - estimator_0 - 5_folds.train_4.predict)=65.19%
[ 2018-03-19 13:04:19,774][kfold_wrapper.log_eval_metrics] Accuracy(layer_6 - estimator_0 - 5_folds.train_cv.predict)=66.96%
[ 2018-03-19 13:04:20,616][kfold_wrapper.log_eval_metrics] Accuracy(layer_6 - estimator_1 - 5_folds.train_0.predict)=72.59%
[ 2018-03-19 13:04:21,406][kfold_wrapper.log_eval_metrics] Accuracy(layer_6 - estimator_1 - 5_folds.train_1.predict)=65.93%
[ 2018-03-19 13:04:22,270][kfold_wrapper.log_eval_metrics] Accuracy(layer_6 - estimator_1 - 5_folds.train_2.predict)=70.37%
[ 2018-03-19 13:04:23,235][kfold_wrapper.log_eval_metrics] Accuracy(layer_6 - estimator_1 - 5_folds.train_3.predict)=71.11%
[ 2018-03-19 13:04:24,090][kfold_wrapper.log_eval_metrics] Accuracy(layer_6 - estimator_1 - 5_folds.train_4.predict)=74.81%
[ 2018-03-19 13:04:24,091][kfold_wrapper.log_eval_metrics] Accuracy(layer_6 - estimator_1 - 5_folds.train_cv.predict)=70.96%
[ 2018-03-19 13:04:24,886][kfold_wrapper.log_eval_metrics] Accuracy(layer_6 - estimator_2 - 5_folds.train_0.predict)=68.89%
[ 2018-03-19 13:04:26,136][kfold_wrapper.log_eval_metrics] Accuracy(layer_6 - estimator_2 - 5_folds.train_1.predict)=68.15%
[ 2018-03-19 13:04:27,397][kfold_wrapper.log_eval_metrics] Accuracy(layer_6 - estimator_2 - 5_folds.train_2.predict)=74.81%
[ 2018-03-19 13:04:28,335][kfold_wrapper.log_eval_metrics] Accuracy(layer_6 - estimator_2 - 5_folds.train_3.predict)=70.37%
[ 2018-03-19 13:04:29,211][kfold_wrapper.log_eval_metrics] Accuracy(layer_6 - estimator_2 - 5_folds.train_4.predict)=66.67%
[ 2018-03-19 13:04:29,211][kfold_wrapper.log_eval_metrics] Accuracy(layer_6 - estimator_2 - 5_folds.train_cv.predict)=69.78%
[ 2018-03-19 13:04:29,230][kfold_wrapper.log_eval_metrics] Accuracy(layer_6 - estimator_3 - 4_folds.train_0.predict)=66.47%
[ 2018-03-19 13:04:29,247][kfold_wrapper.log_eval_metrics] Accuracy(layer_6 - estimator_3 - 4_folds.train_1.predict)=68.64%
[ 2018-03-19 13:04:29,259][kfold_wrapper.log_eval_metrics] Accuracy(layer_6 - estimator_3 - 4_folds.train_2.predict)=61.31%
[ 2018-03-19 13:04:29,270][kfold_wrapper.log_eval_metrics] Accuracy(layer_6 - estimator_3 - 4_folds.train_3.predict)=67.86%
[ 2018-03-19 13:04:29,270][kfold_wrapper.log_eval_metrics] Accuracy(layer_6 - estimator_3 - 4_folds.train_cv.predict)=66.07%
[ 2018-03-19 13:04:29,270][cascade_classifier.calc_accuracy] Accuracy(layer_6 - train.classifier_average)=69.48%
[ 2018-03-19 13:04:29,271][cascade_classifier.fit_transform] [layer=7] look_indexs=[0], X_cur_train.shape=(675, 428), X_cur_test.shape=(0, 428)
[ 2018-03-19 13:04:30,038][kfold_wrapper.log_eval_metrics] Accuracy(layer_7 - estimator_0 - 5_folds.train_0.predict)=64.44%
[ 2018-03-19 13:04:30,807][kfold_wrapper.log_eval_metrics] Accuracy(layer_7 - estimator_0 - 5_folds.train_1.predict)=66.67%
[ 2018-03-19 13:04:31,820][kfold_wrapper.log_eval_metrics] Accuracy(layer_7 - estimator_0 - 5_folds.train_2.predict)=69.63%
[ 2018-03-19 13:04:32,695][kfold_wrapper.log_eval_metrics] Accuracy(layer_7 - estimator_0 - 5_folds.train_3.predict)=74.07%
[ 2018-03-19 13:04:33,427][kfold_wrapper.log_eval_metrics] Accuracy(layer_7 - estimator_0 - 5_folds.train_4.predict)=65.93%
[ 2018-03-19 13:04:33,428][kfold_wrapper.log_eval_metrics] Accuracy(layer_7 - estimator_0 - 5_folds.train_cv.predict)=68.15%
[ 2018-03-19 13:04:34,285][kfold_wrapper.log_eval_metrics] Accuracy(layer_7 - estimator_1 - 5_folds.train_0.predict)=68.89%
[ 2018-03-19 13:04:35,284][kfold_wrapper.log_eval_metrics] Accuracy(layer_7 - estimator_1 - 5_folds.train_1.predict)=71.85%
[ 2018-03-19 13:04:36,222][kfold_wrapper.log_eval_metrics] Accuracy(layer_7 - estimator_1 - 5_folds.train_2.predict)=68.15%
[ 2018-03-19 13:04:37,076][kfold_wrapper.log_eval_metrics] Accuracy(layer_7 - estimator_1 - 5_folds.train_3.predict)=65.93%
[ 2018-03-19 13:04:37,964][kfold_wrapper.log_eval_metrics] Accuracy(layer_7 - estimator_1 - 5_folds.train_4.predict)=66.67%
[ 2018-03-19 13:04:37,965][kfold_wrapper.log_eval_metrics] Accuracy(layer_7 - estimator_1 - 5_folds.train_cv.predict)=68.30%
[ 2018-03-19 13:04:38,826][kfold_wrapper.log_eval_metrics] Accuracy(layer_7 - estimator_2 - 5_folds.train_0.predict)=70.37%
[ 2018-03-19 13:04:39,702][kfold_wrapper.log_eval_metrics] Accuracy(layer_7 - estimator_2 - 5_folds.train_1.predict)=71.85%
[ 2018-03-19 13:04:40,763][kfold_wrapper.log_eval_metrics] Accuracy(layer_7 - estimator_2 - 5_folds.train_2.predict)=65.93%
[ 2018-03-19 13:04:41,765][kfold_wrapper.log_eval_metrics] Accuracy(layer_7 - estimator_2 - 5_folds.train_3.predict)=65.93%
[ 2018-03-19 13:04:42,734][kfold_wrapper.log_eval_metrics] Accuracy(layer_7 - estimator_2 - 5_folds.train_4.predict)=71.85%
[ 2018-03-19 13:04:42,735][kfold_wrapper.log_eval_metrics] Accuracy(layer_7 - estimator_2 - 5_folds.train_cv.predict)=69.19%
[ 2018-03-19 13:04:42,759][kfold_wrapper.log_eval_metrics] Accuracy(layer_7 - estimator_3 - 4_folds.train_0.predict)=70.59%
[ 2018-03-19 13:04:42,773][kfold_wrapper.log_eval_metrics] Accuracy(layer_7 - estimator_3 - 4_folds.train_1.predict)=71.01%
[ 2018-03-19 13:04:42,787][kfold_wrapper.log_eval_metrics] Accuracy(layer_7 - estimator_3 - 4_folds.train_2.predict)=67.86%
[ 2018-03-19 13:04:42,804][kfold_wrapper.log_eval_metrics] Accuracy(layer_7 - estimator_3 - 4_folds.train_3.predict)=70.24%
[ 2018-03-19 13:04:42,804][kfold_wrapper.log_eval_metrics] Accuracy(layer_7 - estimator_3 - 4_folds.train_cv.predict)=69.93%
[ 2018-03-19 13:04:42,804][cascade_classifier.calc_accuracy] Accuracy(layer_7 - train.classifier_average)=69.93%
[ 2018-03-19 13:04:42,804][cascade_classifier.fit_transform] [layer=8] look_indexs=[0], X_cur_train.shape=(675, 428), X_cur_test.shape=(0, 428)
[ 2018-03-19 13:04:43,573][kfold_wrapper.log_eval_metrics] Accuracy(layer_8 - estimator_0 - 5_folds.train_0.predict)=62.22%
[ 2018-03-19 13:04:44,274][kfold_wrapper.log_eval_metrics] Accuracy(layer_8 - estimator_0 - 5_folds.train_1.predict)=61.48%
[ 2018-03-19 13:04:44,979][kfold_wrapper.log_eval_metrics] Accuracy(layer_8 - estimator_0 - 5_folds.train_2.predict)=71.85%
[ 2018-03-19 13:04:45,691][kfold_wrapper.log_eval_metrics] Accuracy(layer_8 - estimator_0 - 5_folds.train_3.predict)=75.56%
[ 2018-03-19 13:04:46,401][kfold_wrapper.log_eval_metrics] Accuracy(layer_8 - estimator_0 - 5_folds.train_4.predict)=68.89%
[ 2018-03-19 13:04:46,401][kfold_wrapper.log_eval_metrics] Accuracy(layer_8 - estimator_0 - 5_folds.train_cv.predict)=68.00%
[ 2018-03-19 13:04:47,132][kfold_wrapper.log_eval_metrics] Accuracy(layer_8 - estimator_1 - 5_folds.train_0.predict)=74.07%
[ 2018-03-19 13:04:47,854][kfold_wrapper.log_eval_metrics] Accuracy(layer_8 - estimator_1 - 5_folds.train_1.predict)=66.67%
[ 2018-03-19 13:04:48,579][kfold_wrapper.log_eval_metrics] Accuracy(layer_8 - estimator_1 - 5_folds.train_2.predict)=68.89%
[ 2018-03-19 13:04:49,428][kfold_wrapper.log_eval_metrics] Accuracy(layer_8 - estimator_1 - 5_folds.train_3.predict)=67.41%
[ 2018-03-19 13:04:50,274][kfold_wrapper.log_eval_metrics] Accuracy(layer_8 - estimator_1 - 5_folds.train_4.predict)=66.67%
[ 2018-03-19 13:04:50,275][kfold_wrapper.log_eval_metrics] Accuracy(layer_8 - estimator_1 - 5_folds.train_cv.predict)=68.74%
[ 2018-03-19 13:04:50,987][kfold_wrapper.log_eval_metrics] Accuracy(layer_8 - estimator_2 - 5_folds.train_0.predict)=65.19%
[ 2018-03-19 13:04:51,863][kfold_wrapper.log_eval_metrics] Accuracy(layer_8 - estimator_2 - 5_folds.train_1.predict)=68.89%
[ 2018-03-19 13:04:52,770][kfold_wrapper.log_eval_metrics] Accuracy(layer_8 - estimator_2 - 5_folds.train_2.predict)=65.19%
[ 2018-03-19 13:04:53,503][kfold_wrapper.log_eval_metrics] Accuracy(layer_8 - estimator_2 - 5_folds.train_3.predict)=71.85%
[ 2018-03-19 13:04:54,245][kfold_wrapper.log_eval_metrics] Accuracy(layer_8 - estimator_2 - 5_folds.train_4.predict)=70.37%
[ 2018-03-19 13:04:54,246][kfold_wrapper.log_eval_metrics] Accuracy(layer_8 - estimator_2 - 5_folds.train_cv.predict)=68.30%
[ 2018-03-19 13:04:54,276][kfold_wrapper.log_eval_metrics] Accuracy(layer_8 - estimator_3 - 4_folds.train_0.predict)=65.29%
[ 2018-03-19 13:04:54,292][kfold_wrapper.log_eval_metrics] Accuracy(layer_8 - estimator_3 - 4_folds.train_1.predict)=65.68%
[ 2018-03-19 13:04:54,304][kfold_wrapper.log_eval_metrics] Accuracy(layer_8 - estimator_3 - 4_folds.train_2.predict)=63.10%
[ 2018-03-19 13:04:54,317][kfold_wrapper.log_eval_metrics] Accuracy(layer_8 - estimator_3 - 4_folds.train_3.predict)=73.81%
[ 2018-03-19 13:04:54,317][kfold_wrapper.log_eval_metrics] Accuracy(layer_8 - estimator_3 - 4_folds.train_cv.predict)=66.96%
[ 2018-03-19 13:04:54,317][cascade_classifier.calc_accuracy] Accuracy(layer_8 - train.classifier_average)=69.33%
[ 2018-03-19 13:04:54,318][cascade_classifier.fit_transform] [Result][Optimal Level Detected] opt_layer_num=6, accuracy_train=71.41%, accuracy_test=0.00%
[ 2018-03-19 13:04:54,339][cascade_classifier.transform] X_groups_test.shape=[(169, 420)]
[ 2018-03-19 13:04:54,340][cascade_classifier.transform] group_dims=[420]
[ 2018-03-19 13:04:54,340][cascade_classifier.transform] X_test.shape=(169, 420)
[ 2018-03-19 13:04:54,340][cascade_classifier.transform] [layer=0] look_indexs=[0], X_cur_test.shape=(169, 420)
[ 2018-03-19 13:04:55,887][cascade_classifier.transform] [layer=1] look_indexs=[0], X_cur_test.shape=(169, 428)
[ 2018-03-19 13:04:57,345][cascade_classifier.transform] [layer=2] look_indexs=[0], X_cur_test.shape=(169, 428)
[ 2018-03-19 13:04:58,826][cascade_classifier.transform] [layer=3] look_indexs=[0], X_cur_test.shape=(169, 428)
[ 2018-03-19 13:05:00,320][cascade_classifier.transform] [layer=4] look_indexs=[0], X_cur_test.shape=(169, 428)
[ 2018-03-19 13:05:01,737][cascade_classifier.transform] [layer=5] look_indexs=[0], X_cur_test.shape=(169, 428)
