[ 2018-03-19 12:53:08,689][cascade_classifier.fit_transform] X_groups_train.shape=[(675, 420)],y_train.shape=(675,),X_groups_test.shape=no_test,y_test.shape=no_test
[ 2018-03-19 12:53:08,690][cascade_classifier.fit_transform] group_dims=[420]
[ 2018-03-19 12:53:08,690][cascade_classifier.fit_transform] group_starts=[0]
[ 2018-03-19 12:53:08,690][cascade_classifier.fit_transform] group_ends=[420]
[ 2018-03-19 12:53:08,690][cascade_classifier.fit_transform] X_train.shape=(675, 420),X_test.shape=(0, 420)
[ 2018-03-19 12:53:08,692][cascade_classifier.fit_transform] [layer=0] look_indexs=[0], X_cur_train.shape=(675, 420), X_cur_test.shape=(0, 420)
[ 2018-03-19 12:53:09,515][kfold_wrapper.log_eval_metrics] Accuracy(layer_0 - estimator_0 - 5_folds.train_0.predict)=65.44%
[ 2018-03-19 12:53:10,273][kfold_wrapper.log_eval_metrics] Accuracy(layer_0 - estimator_0 - 5_folds.train_1.predict)=66.91%
[ 2018-03-19 12:53:11,014][kfold_wrapper.log_eval_metrics] Accuracy(layer_0 - estimator_0 - 5_folds.train_2.predict)=64.44%
[ 2018-03-19 12:53:11,744][kfold_wrapper.log_eval_metrics] Accuracy(layer_0 - estimator_0 - 5_folds.train_3.predict)=60.45%
[ 2018-03-19 12:53:12,486][kfold_wrapper.log_eval_metrics] Accuracy(layer_0 - estimator_0 - 5_folds.train_4.predict)=66.42%
[ 2018-03-19 12:53:12,486][kfold_wrapper.log_eval_metrics] Accuracy(layer_0 - estimator_0 - 5_folds.train_cv.predict)=64.74%
[ 2018-03-19 12:53:13,255][kfold_wrapper.log_eval_metrics] Accuracy(layer_0 - estimator_1 - 5_folds.train_0.predict)=65.44%
[ 2018-03-19 12:53:14,108][kfold_wrapper.log_eval_metrics] Accuracy(layer_0 - estimator_1 - 5_folds.train_1.predict)=65.44%
[ 2018-03-19 12:53:14,964][kfold_wrapper.log_eval_metrics] Accuracy(layer_0 - estimator_1 - 5_folds.train_2.predict)=65.93%
[ 2018-03-19 12:53:15,666][kfold_wrapper.log_eval_metrics] Accuracy(layer_0 - estimator_1 - 5_folds.train_3.predict)=65.67%
[ 2018-03-19 12:53:16,374][kfold_wrapper.log_eval_metrics] Accuracy(layer_0 - estimator_1 - 5_folds.train_4.predict)=64.93%
[ 2018-03-19 12:53:16,374][kfold_wrapper.log_eval_metrics] Accuracy(layer_0 - estimator_1 - 5_folds.train_cv.predict)=65.48%
[ 2018-03-19 12:53:17,092][kfold_wrapper.log_eval_metrics] Accuracy(layer_0 - estimator_2 - 5_folds.train_0.predict)=66.91%
[ 2018-03-19 12:53:17,791][kfold_wrapper.log_eval_metrics] Accuracy(layer_0 - estimator_2 - 5_folds.train_1.predict)=65.44%
[ 2018-03-19 12:53:18,734][kfold_wrapper.log_eval_metrics] Accuracy(layer_0 - estimator_2 - 5_folds.train_2.predict)=65.93%
[ 2018-03-19 12:53:19,463][kfold_wrapper.log_eval_metrics] Accuracy(layer_0 - estimator_2 - 5_folds.train_3.predict)=65.67%
[ 2018-03-19 12:53:20,172][kfold_wrapper.log_eval_metrics] Accuracy(layer_0 - estimator_2 - 5_folds.train_4.predict)=66.42%
[ 2018-03-19 12:53:20,173][kfold_wrapper.log_eval_metrics] Accuracy(layer_0 - estimator_2 - 5_folds.train_cv.predict)=66.07%
[ 2018-03-19 12:53:20,193][kfold_wrapper.log_eval_metrics] Accuracy(layer_0 - estimator_3 - 4_folds.train_0.predict)=60.00%
[ 2018-03-19 12:53:20,211][kfold_wrapper.log_eval_metrics] Accuracy(layer_0 - estimator_3 - 4_folds.train_1.predict)=72.19%
[ 2018-03-19 12:53:20,226][kfold_wrapper.log_eval_metrics] Accuracy(layer_0 - estimator_3 - 4_folds.train_2.predict)=58.93%
[ 2018-03-19 12:53:20,238][kfold_wrapper.log_eval_metrics] Accuracy(layer_0 - estimator_3 - 4_folds.train_3.predict)=64.88%
[ 2018-03-19 12:53:20,239][kfold_wrapper.log_eval_metrics] Accuracy(layer_0 - estimator_3 - 4_folds.train_cv.predict)=64.00%
[ 2018-03-19 12:53:20,239][cascade_classifier.calc_accuracy] Accuracy(layer_0 - train.classifier_average)=66.81%
[ 2018-03-19 12:53:20,240][cascade_classifier.fit_transform] [layer=1] look_indexs=[0], X_cur_train.shape=(675, 428), X_cur_test.shape=(0, 428)
[ 2018-03-19 12:53:20,975][kfold_wrapper.log_eval_metrics] Accuracy(layer_1 - estimator_0 - 5_folds.train_0.predict)=61.76%
[ 2018-03-19 12:53:21,798][kfold_wrapper.log_eval_metrics] Accuracy(layer_1 - estimator_0 - 5_folds.train_1.predict)=62.50%
[ 2018-03-19 12:53:22,511][kfold_wrapper.log_eval_metrics] Accuracy(layer_1 - estimator_0 - 5_folds.train_2.predict)=68.89%
[ 2018-03-19 12:53:23,268][kfold_wrapper.log_eval_metrics] Accuracy(layer_1 - estimator_0 - 5_folds.train_3.predict)=64.18%
[ 2018-03-19 12:53:24,255][kfold_wrapper.log_eval_metrics] Accuracy(layer_1 - estimator_0 - 5_folds.train_4.predict)=63.43%
[ 2018-03-19 12:53:24,256][kfold_wrapper.log_eval_metrics] Accuracy(layer_1 - estimator_0 - 5_folds.train_cv.predict)=64.15%
[ 2018-03-19 12:53:25,008][kfold_wrapper.log_eval_metrics] Accuracy(layer_1 - estimator_1 - 5_folds.train_0.predict)=65.44%
[ 2018-03-19 12:53:25,886][kfold_wrapper.log_eval_metrics] Accuracy(layer_1 - estimator_1 - 5_folds.train_1.predict)=64.71%
[ 2018-03-19 12:53:26,774][kfold_wrapper.log_eval_metrics] Accuracy(layer_1 - estimator_1 - 5_folds.train_2.predict)=67.41%
[ 2018-03-19 12:53:27,678][kfold_wrapper.log_eval_metrics] Accuracy(layer_1 - estimator_1 - 5_folds.train_3.predict)=65.67%
[ 2018-03-19 12:53:28,560][kfold_wrapper.log_eval_metrics] Accuracy(layer_1 - estimator_1 - 5_folds.train_4.predict)=62.69%
[ 2018-03-19 12:53:28,561][kfold_wrapper.log_eval_metrics] Accuracy(layer_1 - estimator_1 - 5_folds.train_cv.predict)=65.19%
[ 2018-03-19 12:53:29,442][kfold_wrapper.log_eval_metrics] Accuracy(layer_1 - estimator_2 - 5_folds.train_0.predict)=65.44%
[ 2018-03-19 12:53:30,339][kfold_wrapper.log_eval_metrics] Accuracy(layer_1 - estimator_2 - 5_folds.train_1.predict)=66.91%
[ 2018-03-19 12:53:31,108][kfold_wrapper.log_eval_metrics] Accuracy(layer_1 - estimator_2 - 5_folds.train_2.predict)=62.96%
[ 2018-03-19 12:53:31,854][kfold_wrapper.log_eval_metrics] Accuracy(layer_1 - estimator_2 - 5_folds.train_3.predict)=64.93%
[ 2018-03-19 12:53:32,748][kfold_wrapper.log_eval_metrics] Accuracy(layer_1 - estimator_2 - 5_folds.train_4.predict)=66.42%
[ 2018-03-19 12:53:32,748][kfold_wrapper.log_eval_metrics] Accuracy(layer_1 - estimator_2 - 5_folds.train_cv.predict)=65.33%
[ 2018-03-19 12:53:32,767][kfold_wrapper.log_eval_metrics] Accuracy(layer_1 - estimator_3 - 4_folds.train_0.predict)=70.59%
[ 2018-03-19 12:53:32,781][kfold_wrapper.log_eval_metrics] Accuracy(layer_1 - estimator_3 - 4_folds.train_1.predict)=60.36%
[ 2018-03-19 12:53:32,797][kfold_wrapper.log_eval_metrics] Accuracy(layer_1 - estimator_3 - 4_folds.train_2.predict)=74.40%
[ 2018-03-19 12:53:32,812][kfold_wrapper.log_eval_metrics] Accuracy(layer_1 - estimator_3 - 4_folds.train_3.predict)=72.62%
[ 2018-03-19 12:53:32,812][kfold_wrapper.log_eval_metrics] Accuracy(layer_1 - estimator_3 - 4_folds.train_cv.predict)=69.48%
[ 2018-03-19 12:53:32,812][cascade_classifier.calc_accuracy] Accuracy(layer_1 - train.classifier_average)=68.89%
[ 2018-03-19 12:53:32,813][cascade_classifier.fit_transform] [layer=2] look_indexs=[0], X_cur_train.shape=(675, 428), X_cur_test.shape=(0, 428)
[ 2018-03-19 12:53:33,562][kfold_wrapper.log_eval_metrics] Accuracy(layer_2 - estimator_0 - 5_folds.train_0.predict)=63.97%
[ 2018-03-19 12:53:34,317][kfold_wrapper.log_eval_metrics] Accuracy(layer_2 - estimator_0 - 5_folds.train_1.predict)=68.38%
[ 2018-03-19 12:53:35,039][kfold_wrapper.log_eval_metrics] Accuracy(layer_2 - estimator_0 - 5_folds.train_2.predict)=63.70%
[ 2018-03-19 12:53:35,732][kfold_wrapper.log_eval_metrics] Accuracy(layer_2 - estimator_0 - 5_folds.train_3.predict)=63.43%
[ 2018-03-19 12:53:36,462][kfold_wrapper.log_eval_metrics] Accuracy(layer_2 - estimator_0 - 5_folds.train_4.predict)=69.40%
[ 2018-03-19 12:53:36,462][kfold_wrapper.log_eval_metrics] Accuracy(layer_2 - estimator_0 - 5_folds.train_cv.predict)=65.78%
[ 2018-03-19 12:53:37,338][kfold_wrapper.log_eval_metrics] Accuracy(layer_2 - estimator_1 - 5_folds.train_0.predict)=69.85%
[ 2018-03-19 12:53:38,221][kfold_wrapper.log_eval_metrics] Accuracy(layer_2 - estimator_1 - 5_folds.train_1.predict)=66.18%
[ 2018-03-19 12:53:39,116][kfold_wrapper.log_eval_metrics] Accuracy(layer_2 - estimator_1 - 5_folds.train_2.predict)=68.89%
[ 2018-03-19 12:53:39,920][kfold_wrapper.log_eval_metrics] Accuracy(layer_2 - estimator_1 - 5_folds.train_3.predict)=62.69%
[ 2018-03-19 12:53:40,843][kfold_wrapper.log_eval_metrics] Accuracy(layer_2 - estimator_1 - 5_folds.train_4.predict)=69.40%
[ 2018-03-19 12:53:40,844][kfold_wrapper.log_eval_metrics] Accuracy(layer_2 - estimator_1 - 5_folds.train_cv.predict)=67.41%
[ 2018-03-19 12:53:42,481][kfold_wrapper.log_eval_metrics] Accuracy(layer_2 - estimator_2 - 5_folds.train_0.predict)=68.38%
[ 2018-03-19 12:53:43,315][kfold_wrapper.log_eval_metrics] Accuracy(layer_2 - estimator_2 - 5_folds.train_1.predict)=66.91%
[ 2018-03-19 12:53:44,080][kfold_wrapper.log_eval_metrics] Accuracy(layer_2 - estimator_2 - 5_folds.train_2.predict)=66.67%
[ 2018-03-19 12:53:44,943][kfold_wrapper.log_eval_metrics] Accuracy(layer_2 - estimator_2 - 5_folds.train_3.predict)=70.15%
[ 2018-03-19 12:53:45,680][kfold_wrapper.log_eval_metrics] Accuracy(layer_2 - estimator_2 - 5_folds.train_4.predict)=69.40%
[ 2018-03-19 12:53:45,681][kfold_wrapper.log_eval_metrics] Accuracy(layer_2 - estimator_2 - 5_folds.train_cv.predict)=68.30%
[ 2018-03-19 12:53:45,699][kfold_wrapper.log_eval_metrics] Accuracy(layer_2 - estimator_3 - 4_folds.train_0.predict)=60.00%
[ 2018-03-19 12:53:45,714][kfold_wrapper.log_eval_metrics] Accuracy(layer_2 - estimator_3 - 4_folds.train_1.predict)=64.50%
[ 2018-03-19 12:53:45,727][kfold_wrapper.log_eval_metrics] Accuracy(layer_2 - estimator_3 - 4_folds.train_2.predict)=69.05%
[ 2018-03-19 12:53:45,741][kfold_wrapper.log_eval_metrics] Accuracy(layer_2 - estimator_3 - 4_folds.train_3.predict)=62.50%
[ 2018-03-19 12:53:45,741][kfold_wrapper.log_eval_metrics] Accuracy(layer_2 - estimator_3 - 4_folds.train_cv.predict)=64.00%
[ 2018-03-19 12:53:45,741][cascade_classifier.calc_accuracy] Accuracy(layer_2 - train.classifier_average)=67.26%
[ 2018-03-19 12:53:45,742][cascade_classifier.fit_transform] [layer=3] look_indexs=[0], X_cur_train.shape=(675, 428), X_cur_test.shape=(0, 428)
[ 2018-03-19 12:53:46,528][kfold_wrapper.log_eval_metrics] Accuracy(layer_3 - estimator_0 - 5_folds.train_0.predict)=63.97%
[ 2018-03-19 12:53:47,393][kfold_wrapper.log_eval_metrics] Accuracy(layer_3 - estimator_0 - 5_folds.train_1.predict)=69.12%
[ 2018-03-19 12:53:48,423][kfold_wrapper.log_eval_metrics] Accuracy(layer_3 - estimator_0 - 5_folds.train_2.predict)=62.96%
[ 2018-03-19 12:53:49,192][kfold_wrapper.log_eval_metrics] Accuracy(layer_3 - estimator_0 - 5_folds.train_3.predict)=65.67%
[ 2018-03-19 12:53:49,986][kfold_wrapper.log_eval_metrics] Accuracy(layer_3 - estimator_0 - 5_folds.train_4.predict)=69.40%
[ 2018-03-19 12:53:49,987][kfold_wrapper.log_eval_metrics] Accuracy(layer_3 - estimator_0 - 5_folds.train_cv.predict)=66.22%
[ 2018-03-19 12:53:50,826][kfold_wrapper.log_eval_metrics] Accuracy(layer_3 - estimator_1 - 5_folds.train_0.predict)=69.85%
[ 2018-03-19 12:53:51,843][kfold_wrapper.log_eval_metrics] Accuracy(layer_3 - estimator_1 - 5_folds.train_1.predict)=66.18%
[ 2018-03-19 12:53:52,811][kfold_wrapper.log_eval_metrics] Accuracy(layer_3 - estimator_1 - 5_folds.train_2.predict)=66.67%
[ 2018-03-19 12:53:53,672][kfold_wrapper.log_eval_metrics] Accuracy(layer_3 - estimator_1 - 5_folds.train_3.predict)=67.91%
[ 2018-03-19 12:53:54,411][kfold_wrapper.log_eval_metrics] Accuracy(layer_3 - estimator_1 - 5_folds.train_4.predict)=69.40%
[ 2018-03-19 12:53:54,411][kfold_wrapper.log_eval_metrics] Accuracy(layer_3 - estimator_1 - 5_folds.train_cv.predict)=68.00%
[ 2018-03-19 12:53:55,291][kfold_wrapper.log_eval_metrics] Accuracy(layer_3 - estimator_2 - 5_folds.train_0.predict)=68.38%
[ 2018-03-19 12:53:56,148][kfold_wrapper.log_eval_metrics] Accuracy(layer_3 - estimator_2 - 5_folds.train_1.predict)=63.24%
[ 2018-03-19 12:53:57,070][kfold_wrapper.log_eval_metrics] Accuracy(layer_3 - estimator_2 - 5_folds.train_2.predict)=68.89%
[ 2018-03-19 12:53:58,199][kfold_wrapper.log_eval_metrics] Accuracy(layer_3 - estimator_2 - 5_folds.train_3.predict)=67.91%
[ 2018-03-19 12:53:58,971][kfold_wrapper.log_eval_metrics] Accuracy(layer_3 - estimator_2 - 5_folds.train_4.predict)=66.42%
[ 2018-03-19 12:53:58,972][kfold_wrapper.log_eval_metrics] Accuracy(layer_3 - estimator_2 - 5_folds.train_cv.predict)=66.96%
[ 2018-03-19 12:53:58,992][kfold_wrapper.log_eval_metrics] Accuracy(layer_3 - estimator_3 - 4_folds.train_0.predict)=71.18%
[ 2018-03-19 12:53:59,007][kfold_wrapper.log_eval_metrics] Accuracy(layer_3 - estimator_3 - 4_folds.train_1.predict)=71.01%
[ 2018-03-19 12:53:59,020][kfold_wrapper.log_eval_metrics] Accuracy(layer_3 - estimator_3 - 4_folds.train_2.predict)=72.02%
[ 2018-03-19 12:53:59,032][kfold_wrapper.log_eval_metrics] Accuracy(layer_3 - estimator_3 - 4_folds.train_3.predict)=72.02%
[ 2018-03-19 12:53:59,032][kfold_wrapper.log_eval_metrics] Accuracy(layer_3 - estimator_3 - 4_folds.train_cv.predict)=71.56%
[ 2018-03-19 12:53:59,033][cascade_classifier.calc_accuracy] Accuracy(layer_3 - train.classifier_average)=69.93%
[ 2018-03-19 12:53:59,033][cascade_classifier.fit_transform] [layer=4] look_indexs=[0], X_cur_train.shape=(675, 428), X_cur_test.shape=(0, 428)
[ 2018-03-19 12:53:59,747][kfold_wrapper.log_eval_metrics] Accuracy(layer_4 - estimator_0 - 5_folds.train_0.predict)=72.06%
[ 2018-03-19 12:54:00,455][kfold_wrapper.log_eval_metrics] Accuracy(layer_4 - estimator_0 - 5_folds.train_1.predict)=69.85%
[ 2018-03-19 12:54:01,122][kfold_wrapper.log_eval_metrics] Accuracy(layer_4 - estimator_0 - 5_folds.train_2.predict)=65.93%
[ 2018-03-19 12:54:01,846][kfold_wrapper.log_eval_metrics] Accuracy(layer_4 - estimator_0 - 5_folds.train_3.predict)=68.66%
[ 2018-03-19 12:54:02,910][kfold_wrapper.log_eval_metrics] Accuracy(layer_4 - estimator_0 - 5_folds.train_4.predict)=70.90%
[ 2018-03-19 12:54:02,910][kfold_wrapper.log_eval_metrics] Accuracy(layer_4 - estimator_0 - 5_folds.train_cv.predict)=69.48%
[ 2018-03-19 12:54:03,790][kfold_wrapper.log_eval_metrics] Accuracy(layer_4 - estimator_1 - 5_folds.train_0.predict)=69.85%
[ 2018-03-19 12:54:04,545][kfold_wrapper.log_eval_metrics] Accuracy(layer_4 - estimator_1 - 5_folds.train_1.predict)=69.85%
[ 2018-03-19 12:54:05,275][kfold_wrapper.log_eval_metrics] Accuracy(layer_4 - estimator_1 - 5_folds.train_2.predict)=68.15%
[ 2018-03-19 12:54:05,987][kfold_wrapper.log_eval_metrics] Accuracy(layer_4 - estimator_1 - 5_folds.train_3.predict)=71.64%
[ 2018-03-19 12:54:06,716][kfold_wrapper.log_eval_metrics] Accuracy(layer_4 - estimator_1 - 5_folds.train_4.predict)=68.66%
[ 2018-03-19 12:54:06,716][kfold_wrapper.log_eval_metrics] Accuracy(layer_4 - estimator_1 - 5_folds.train_cv.predict)=69.63%
[ 2018-03-19 12:54:07,460][kfold_wrapper.log_eval_metrics] Accuracy(layer_4 - estimator_2 - 5_folds.train_0.predict)=66.91%
[ 2018-03-19 12:54:08,356][kfold_wrapper.log_eval_metrics] Accuracy(layer_4 - estimator_2 - 5_folds.train_1.predict)=69.85%
