[ 2018-03-19 13:06:34,926][cascade_classifier.fit_transform] X_groups_train.shape=[(675, 420)],y_train.shape=(675,),X_groups_test.shape=no_test,y_test.shape=no_test
[ 2018-03-19 13:06:34,928][cascade_classifier.fit_transform] group_dims=[420]
[ 2018-03-19 13:06:34,928][cascade_classifier.fit_transform] group_starts=[0]
[ 2018-03-19 13:06:34,928][cascade_classifier.fit_transform] group_ends=[420]
[ 2018-03-19 13:06:34,928][cascade_classifier.fit_transform] X_train.shape=(675, 420),X_test.shape=(0, 420)
[ 2018-03-19 13:06:34,929][cascade_classifier.fit_transform] [layer=0] look_indexs=[0], X_cur_train.shape=(675, 420), X_cur_test.shape=(0, 420)
[ 2018-03-19 13:06:35,432][kfold_wrapper.log_eval_metrics] Accuracy(layer_0 - estimator_0 - 5_folds.train_0.predict)=66.91%
[ 2018-03-19 13:06:35,926][kfold_wrapper.log_eval_metrics] Accuracy(layer_0 - estimator_0 - 5_folds.train_1.predict)=61.76%
[ 2018-03-19 13:06:36,455][kfold_wrapper.log_eval_metrics] Accuracy(layer_0 - estimator_0 - 5_folds.train_2.predict)=66.67%
[ 2018-03-19 13:06:36,934][kfold_wrapper.log_eval_metrics] Accuracy(layer_0 - estimator_0 - 5_folds.train_3.predict)=67.16%
[ 2018-03-19 13:06:37,543][kfold_wrapper.log_eval_metrics] Accuracy(layer_0 - estimator_0 - 5_folds.train_4.predict)=66.42%
[ 2018-03-19 13:06:37,543][kfold_wrapper.log_eval_metrics] Accuracy(layer_0 - estimator_0 - 5_folds.train_cv.predict)=65.78%
[ 2018-03-19 13:06:37,970][kfold_wrapper.log_eval_metrics] Accuracy(layer_0 - estimator_1 - 5_folds.train_0.predict)=61.76%
[ 2018-03-19 13:06:38,435][kfold_wrapper.log_eval_metrics] Accuracy(layer_0 - estimator_1 - 5_folds.train_1.predict)=64.71%
[ 2018-03-19 13:06:38,848][kfold_wrapper.log_eval_metrics] Accuracy(layer_0 - estimator_1 - 5_folds.train_2.predict)=68.15%
[ 2018-03-19 13:06:39,256][kfold_wrapper.log_eval_metrics] Accuracy(layer_0 - estimator_1 - 5_folds.train_3.predict)=61.94%
[ 2018-03-19 13:06:39,659][kfold_wrapper.log_eval_metrics] Accuracy(layer_0 - estimator_1 - 5_folds.train_4.predict)=67.16%
[ 2018-03-19 13:06:39,660][kfold_wrapper.log_eval_metrics] Accuracy(layer_0 - estimator_1 - 5_folds.train_cv.predict)=64.74%
[ 2018-03-19 13:06:40,067][kfold_wrapper.log_eval_metrics] Accuracy(layer_0 - estimator_2 - 5_folds.train_0.predict)=66.91%
[ 2018-03-19 13:06:40,672][kfold_wrapper.log_eval_metrics] Accuracy(layer_0 - estimator_2 - 5_folds.train_1.predict)=66.91%
[ 2018-03-19 13:06:41,246][kfold_wrapper.log_eval_metrics] Accuracy(layer_0 - estimator_2 - 5_folds.train_2.predict)=62.96%
[ 2018-03-19 13:06:41,683][kfold_wrapper.log_eval_metrics] Accuracy(layer_0 - estimator_2 - 5_folds.train_3.predict)=65.67%
[ 2018-03-19 13:06:42,097][kfold_wrapper.log_eval_metrics] Accuracy(layer_0 - estimator_2 - 5_folds.train_4.predict)=61.94%
[ 2018-03-19 13:06:42,097][kfold_wrapper.log_eval_metrics] Accuracy(layer_0 - estimator_2 - 5_folds.train_cv.predict)=64.89%
[ 2018-03-19 13:06:42,115][kfold_wrapper.log_eval_metrics] Accuracy(layer_0 - estimator_3 - 4_folds.train_0.predict)=64.50%
[ 2018-03-19 13:06:42,128][kfold_wrapper.log_eval_metrics] Accuracy(layer_0 - estimator_3 - 4_folds.train_1.predict)=59.76%
[ 2018-03-19 13:06:42,140][kfold_wrapper.log_eval_metrics] Accuracy(layer_0 - estimator_3 - 4_folds.train_2.predict)=62.13%
[ 2018-03-19 13:06:42,151][kfold_wrapper.log_eval_metrics] Accuracy(layer_0 - estimator_3 - 4_folds.train_3.predict)=67.26%
[ 2018-03-19 13:06:42,151][kfold_wrapper.log_eval_metrics] Accuracy(layer_0 - estimator_3 - 4_folds.train_cv.predict)=63.41%
[ 2018-03-19 13:06:42,152][cascade_classifier.calc_accuracy] Accuracy(layer_0 - train.classifier_average)=67.70%
[ 2018-03-19 13:06:42,153][cascade_classifier.fit_transform] [layer=1] look_indexs=[0], X_cur_train.shape=(675, 428), X_cur_test.shape=(0, 428)
[ 2018-03-19 13:06:43,180][kfold_wrapper.log_eval_metrics] Accuracy(layer_1 - estimator_0 - 5_folds.train_0.predict)=72.79%
[ 2018-03-19 13:06:44,054][kfold_wrapper.log_eval_metrics] Accuracy(layer_1 - estimator_0 - 5_folds.train_1.predict)=69.12%
[ 2018-03-19 13:06:44,563][kfold_wrapper.log_eval_metrics] Accuracy(layer_1 - estimator_0 - 5_folds.train_2.predict)=65.19%
[ 2018-03-19 13:06:45,083][kfold_wrapper.log_eval_metrics] Accuracy(layer_1 - estimator_0 - 5_folds.train_3.predict)=68.66%
[ 2018-03-19 13:06:45,598][kfold_wrapper.log_eval_metrics] Accuracy(layer_1 - estimator_0 - 5_folds.train_4.predict)=64.93%
[ 2018-03-19 13:06:45,598][kfold_wrapper.log_eval_metrics] Accuracy(layer_1 - estimator_0 - 5_folds.train_cv.predict)=68.15%
[ 2018-03-19 13:06:46,006][kfold_wrapper.log_eval_metrics] Accuracy(layer_1 - estimator_1 - 5_folds.train_0.predict)=71.32%
[ 2018-03-19 13:06:46,417][kfold_wrapper.log_eval_metrics] Accuracy(layer_1 - estimator_1 - 5_folds.train_1.predict)=67.65%
[ 2018-03-19 13:06:46,845][kfold_wrapper.log_eval_metrics] Accuracy(layer_1 - estimator_1 - 5_folds.train_2.predict)=68.89%
[ 2018-03-19 13:06:47,255][kfold_wrapper.log_eval_metrics] Accuracy(layer_1 - estimator_1 - 5_folds.train_3.predict)=66.42%
[ 2018-03-19 13:06:47,678][kfold_wrapper.log_eval_metrics] Accuracy(layer_1 - estimator_1 - 5_folds.train_4.predict)=67.91%
[ 2018-03-19 13:06:47,678][kfold_wrapper.log_eval_metrics] Accuracy(layer_1 - estimator_1 - 5_folds.train_cv.predict)=68.44%
[ 2018-03-19 13:06:48,102][kfold_wrapper.log_eval_metrics] Accuracy(layer_1 - estimator_2 - 5_folds.train_0.predict)=62.50%
[ 2018-03-19 13:06:48,535][kfold_wrapper.log_eval_metrics] Accuracy(layer_1 - estimator_2 - 5_folds.train_1.predict)=63.97%
[ 2018-03-19 13:06:48,970][kfold_wrapper.log_eval_metrics] Accuracy(layer_1 - estimator_2 - 5_folds.train_2.predict)=68.15%
[ 2018-03-19 13:06:49,428][kfold_wrapper.log_eval_metrics] Accuracy(layer_1 - estimator_2 - 5_folds.train_3.predict)=69.40%
[ 2018-03-19 13:06:49,870][kfold_wrapper.log_eval_metrics] Accuracy(layer_1 - estimator_2 - 5_folds.train_4.predict)=64.93%
[ 2018-03-19 13:06:49,871][kfold_wrapper.log_eval_metrics] Accuracy(layer_1 - estimator_2 - 5_folds.train_cv.predict)=65.78%
[ 2018-03-19 13:06:49,889][kfold_wrapper.log_eval_metrics] Accuracy(layer_1 - estimator_3 - 4_folds.train_0.predict)=71.01%
[ 2018-03-19 13:06:49,903][kfold_wrapper.log_eval_metrics] Accuracy(layer_1 - estimator_3 - 4_folds.train_1.predict)=69.23%
[ 2018-03-19 13:06:49,915][kfold_wrapper.log_eval_metrics] Accuracy(layer_1 - estimator_3 - 4_folds.train_2.predict)=72.78%
[ 2018-03-19 13:06:49,927][kfold_wrapper.log_eval_metrics] Accuracy(layer_1 - estimator_3 - 4_folds.train_3.predict)=63.10%
[ 2018-03-19 13:06:49,927][kfold_wrapper.log_eval_metrics] Accuracy(layer_1 - estimator_3 - 4_folds.train_cv.predict)=69.04%
[ 2018-03-19 13:06:49,927][cascade_classifier.calc_accuracy] Accuracy(layer_1 - train.classifier_average)=69.93%
[ 2018-03-19 13:06:49,928][cascade_classifier.fit_transform] [layer=2] look_indexs=[0], X_cur_train.shape=(675, 428), X_cur_test.shape=(0, 428)
[ 2018-03-19 13:06:50,437][kfold_wrapper.log_eval_metrics] Accuracy(layer_2 - estimator_0 - 5_folds.train_0.predict)=61.76%
[ 2018-03-19 13:06:50,934][kfold_wrapper.log_eval_metrics] Accuracy(layer_2 - estimator_0 - 5_folds.train_1.predict)=76.47%
[ 2018-03-19 13:06:51,458][kfold_wrapper.log_eval_metrics] Accuracy(layer_2 - estimator_0 - 5_folds.train_2.predict)=64.44%
[ 2018-03-19 13:06:51,969][kfold_wrapper.log_eval_metrics] Accuracy(layer_2 - estimator_0 - 5_folds.train_3.predict)=62.69%
[ 2018-03-19 13:06:52,504][kfold_wrapper.log_eval_metrics] Accuracy(layer_2 - estimator_0 - 5_folds.train_4.predict)=67.91%
[ 2018-03-19 13:06:52,504][kfold_wrapper.log_eval_metrics] Accuracy(layer_2 - estimator_0 - 5_folds.train_cv.predict)=66.67%
[ 2018-03-19 13:06:52,936][kfold_wrapper.log_eval_metrics] Accuracy(layer_2 - estimator_1 - 5_folds.train_0.predict)=71.32%
[ 2018-03-19 13:06:53,368][kfold_wrapper.log_eval_metrics] Accuracy(layer_2 - estimator_1 - 5_folds.train_1.predict)=62.50%
[ 2018-03-19 13:06:53,775][kfold_wrapper.log_eval_metrics] Accuracy(layer_2 - estimator_1 - 5_folds.train_2.predict)=65.19%
[ 2018-03-19 13:06:54,198][kfold_wrapper.log_eval_metrics] Accuracy(layer_2 - estimator_1 - 5_folds.train_3.predict)=64.93%
[ 2018-03-19 13:06:54,614][kfold_wrapper.log_eval_metrics] Accuracy(layer_2 - estimator_1 - 5_folds.train_4.predict)=69.40%
[ 2018-03-19 13:06:54,615][kfold_wrapper.log_eval_metrics] Accuracy(layer_2 - estimator_1 - 5_folds.train_cv.predict)=66.67%
[ 2018-03-19 13:06:55,026][kfold_wrapper.log_eval_metrics] Accuracy(layer_2 - estimator_2 - 5_folds.train_0.predict)=64.71%
[ 2018-03-19 13:06:55,444][kfold_wrapper.log_eval_metrics] Accuracy(layer_2 - estimator_2 - 5_folds.train_1.predict)=67.65%
[ 2018-03-19 13:06:55,861][kfold_wrapper.log_eval_metrics] Accuracy(layer_2 - estimator_2 - 5_folds.train_2.predict)=67.41%
[ 2018-03-19 13:06:56,259][kfold_wrapper.log_eval_metrics] Accuracy(layer_2 - estimator_2 - 5_folds.train_3.predict)=68.66%
[ 2018-03-19 13:06:56,707][kfold_wrapper.log_eval_metrics] Accuracy(layer_2 - estimator_2 - 5_folds.train_4.predict)=64.93%
[ 2018-03-19 13:06:56,708][kfold_wrapper.log_eval_metrics] Accuracy(layer_2 - estimator_2 - 5_folds.train_cv.predict)=66.67%
[ 2018-03-19 13:06:56,726][kfold_wrapper.log_eval_metrics] Accuracy(layer_2 - estimator_3 - 4_folds.train_0.predict)=66.27%
[ 2018-03-19 13:06:56,738][kfold_wrapper.log_eval_metrics] Accuracy(layer_2 - estimator_3 - 4_folds.train_1.predict)=62.72%
[ 2018-03-19 13:06:56,750][kfold_wrapper.log_eval_metrics] Accuracy(layer_2 - estimator_3 - 4_folds.train_2.predict)=58.58%
[ 2018-03-19 13:06:56,762][kfold_wrapper.log_eval_metrics] Accuracy(layer_2 - estimator_3 - 4_folds.train_3.predict)=72.02%
[ 2018-03-19 13:06:56,762][kfold_wrapper.log_eval_metrics] Accuracy(layer_2 - estimator_3 - 4_folds.train_cv.predict)=64.89%
[ 2018-03-19 13:06:56,762][cascade_classifier.calc_accuracy] Accuracy(layer_2 - train.classifier_average)=67.70%
[ 2018-03-19 13:06:56,763][cascade_classifier.fit_transform] [layer=3] look_indexs=[0], X_cur_train.shape=(675, 428), X_cur_test.shape=(0, 428)
[ 2018-03-19 13:06:57,323][kfold_wrapper.log_eval_metrics] Accuracy(layer_3 - estimator_0 - 5_folds.train_0.predict)=68.38%
[ 2018-03-19 13:06:57,947][kfold_wrapper.log_eval_metrics] Accuracy(layer_3 - estimator_0 - 5_folds.train_1.predict)=55.88%
[ 2018-03-19 13:06:58,521][kfold_wrapper.log_eval_metrics] Accuracy(layer_3 - estimator_0 - 5_folds.train_2.predict)=68.15%
[ 2018-03-19 13:06:58,996][kfold_wrapper.log_eval_metrics] Accuracy(layer_3 - estimator_0 - 5_folds.train_3.predict)=69.40%
[ 2018-03-19 13:06:59,529][kfold_wrapper.log_eval_metrics] Accuracy(layer_3 - estimator_0 - 5_folds.train_4.predict)=69.40%
[ 2018-03-19 13:06:59,529][kfold_wrapper.log_eval_metrics] Accuracy(layer_3 - estimator_0 - 5_folds.train_cv.predict)=66.22%
[ 2018-03-19 13:06:59,944][kfold_wrapper.log_eval_metrics] Accuracy(layer_3 - estimator_1 - 5_folds.train_0.predict)=70.59%
[ 2018-03-19 13:07:00,385][kfold_wrapper.log_eval_metrics] Accuracy(layer_3 - estimator_1 - 5_folds.train_1.predict)=67.65%
[ 2018-03-19 13:07:00,830][kfold_wrapper.log_eval_metrics] Accuracy(layer_3 - estimator_1 - 5_folds.train_2.predict)=70.37%
[ 2018-03-19 13:07:01,265][kfold_wrapper.log_eval_metrics] Accuracy(layer_3 - estimator_1 - 5_folds.train_3.predict)=63.43%
[ 2018-03-19 13:07:01,680][kfold_wrapper.log_eval_metrics] Accuracy(layer_3 - estimator_1 - 5_folds.train_4.predict)=68.66%
[ 2018-03-19 13:07:01,681][kfold_wrapper.log_eval_metrics] Accuracy(layer_3 - estimator_1 - 5_folds.train_cv.predict)=68.15%
[ 2018-03-19 13:07:02,094][kfold_wrapper.log_eval_metrics] Accuracy(layer_3 - estimator_2 - 5_folds.train_0.predict)=63.97%
[ 2018-03-19 13:07:02,503][kfold_wrapper.log_eval_metrics] Accuracy(layer_3 - estimator_2 - 5_folds.train_1.predict)=66.91%
[ 2018-03-19 13:07:02,943][kfold_wrapper.log_eval_metrics] Accuracy(layer_3 - estimator_2 - 5_folds.train_2.predict)=67.41%
[ 2018-03-19 13:07:03,373][kfold_wrapper.log_eval_metrics] Accuracy(layer_3 - estimator_2 - 5_folds.train_3.predict)=69.40%
[ 2018-03-19 13:07:03,783][kfold_wrapper.log_eval_metrics] Accuracy(layer_3 - estimator_2 - 5_folds.train_4.predict)=67.91%
[ 2018-03-19 13:07:03,784][kfold_wrapper.log_eval_metrics] Accuracy(layer_3 - estimator_2 - 5_folds.train_cv.predict)=67.11%
[ 2018-03-19 13:07:03,803][kfold_wrapper.log_eval_metrics] Accuracy(layer_3 - estimator_3 - 4_folds.train_0.predict)=70.41%
[ 2018-03-19 13:07:03,817][kfold_wrapper.log_eval_metrics] Accuracy(layer_3 - estimator_3 - 4_folds.train_1.predict)=68.05%
[ 2018-03-19 13:07:03,831][kfold_wrapper.log_eval_metrics] Accuracy(layer_3 - estimator_3 - 4_folds.train_2.predict)=66.86%
[ 2018-03-19 13:07:03,843][kfold_wrapper.log_eval_metrics] Accuracy(layer_3 - estimator_3 - 4_folds.train_3.predict)=63.69%
[ 2018-03-19 13:07:03,843][kfold_wrapper.log_eval_metrics] Accuracy(layer_3 - estimator_3 - 4_folds.train_cv.predict)=67.26%
[ 2018-03-19 13:07:03,843][cascade_classifier.calc_accuracy] Accuracy(layer_3 - train.classifier_average)=69.33%
[ 2018-03-19 13:07:03,844][cascade_classifier.fit_transform] [layer=4] look_indexs=[0], X_cur_train.shape=(675, 428), X_cur_test.shape=(0, 428)
[ 2018-03-19 13:07:04,392][kfold_wrapper.log_eval_metrics] Accuracy(layer_4 - estimator_0 - 5_folds.train_0.predict)=65.44%
[ 2018-03-19 13:07:04,905][kfold_wrapper.log_eval_metrics] Accuracy(layer_4 - estimator_0 - 5_folds.train_1.predict)=69.12%
[ 2018-03-19 13:07:05,446][kfold_wrapper.log_eval_metrics] Accuracy(layer_4 - estimator_0 - 5_folds.train_2.predict)=68.15%
[ 2018-03-19 13:07:05,956][kfold_wrapper.log_eval_metrics] Accuracy(layer_4 - estimator_0 - 5_folds.train_3.predict)=64.93%
[ 2018-03-19 13:07:06,513][kfold_wrapper.log_eval_metrics] Accuracy(layer_4 - estimator_0 - 5_folds.train_4.predict)=62.69%
[ 2018-03-19 13:07:06,513][kfold_wrapper.log_eval_metrics] Accuracy(layer_4 - estimator_0 - 5_folds.train_cv.predict)=66.07%
[ 2018-03-19 13:07:06,898][kfold_wrapper.log_eval_metrics] Accuracy(layer_4 - estimator_1 - 5_folds.train_0.predict)=71.32%
[ 2018-03-19 13:07:07,288][kfold_wrapper.log_eval_metrics] Accuracy(layer_4 - estimator_1 - 5_folds.train_1.predict)=64.71%
[ 2018-03-19 13:07:07,698][kfold_wrapper.log_eval_metrics] Accuracy(layer_4 - estimator_1 - 5_folds.train_2.predict)=68.15%
[ 2018-03-19 13:07:08,110][kfold_wrapper.log_eval_metrics] Accuracy(layer_4 - estimator_1 - 5_folds.train_3.predict)=64.18%
[ 2018-03-19 13:07:08,554][kfold_wrapper.log_eval_metrics] Accuracy(layer_4 - estimator_1 - 5_folds.train_4.predict)=68.66%
[ 2018-03-19 13:07:08,554][kfold_wrapper.log_eval_metrics] Accuracy(layer_4 - estimator_1 - 5_folds.train_cv.predict)=67.41%
[ 2018-03-19 13:07:08,997][kfold_wrapper.log_eval_metrics] Accuracy(layer_4 - estimator_2 - 5_folds.train_0.predict)=64.71%
[ 2018-03-19 13:07:09,440][kfold_wrapper.log_eval_metrics] Accuracy(layer_4 - estimator_2 - 5_folds.train_1.predict)=66.18%
[ 2018-03-19 13:07:09,863][kfold_wrapper.log_eval_metrics] Accuracy(layer_4 - estimator_2 - 5_folds.train_2.predict)=61.48%
[ 2018-03-19 13:07:10,431][kfold_wrapper.log_eval_metrics] Accuracy(layer_4 - estimator_2 - 5_folds.train_3.predict)=70.15%
[ 2018-03-19 13:07:11,040][kfold_wrapper.log_eval_metrics] Accuracy(layer_4 - estimator_2 - 5_folds.train_4.predict)=65.67%
[ 2018-03-19 13:07:11,071][kfold_wrapper.log_eval_metrics] Accuracy(layer_4 - estimator_2 - 5_folds.train_cv.predict)=65.63%
[ 2018-03-19 13:07:11,092][kfold_wrapper.log_eval_metrics] Accuracy(layer_4 - estimator_3 - 4_folds.train_0.predict)=67.46%
[ 2018-03-19 13:07:11,108][kfold_wrapper.log_eval_metrics] Accuracy(layer_4 - estimator_3 - 4_folds.train_1.predict)=66.27%
[ 2018-03-19 13:07:11,132][kfold_wrapper.log_eval_metrics] Accuracy(layer_4 - estimator_3 - 4_folds.train_2.predict)=63.91%
[ 2018-03-19 13:07:11,150][kfold_wrapper.log_eval_metrics] Accuracy(layer_4 - estimator_3 - 4_folds.train_3.predict)=70.83%
[ 2018-03-19 13:07:11,156][kfold_wrapper.log_eval_metrics] Accuracy(layer_4 - estimator_3 - 4_folds.train_cv.predict)=67.11%
[ 2018-03-19 13:07:11,156][cascade_classifier.calc_accuracy] Accuracy(layer_4 - train.classifier_average)=69.33%
[ 2018-03-19 13:07:11,156][cascade_classifier.fit_transform] [Result][Optimal Level Detected] opt_layer_num=2, accuracy_train=69.93%, accuracy_test=0.00%
[ 2018-03-19 13:07:11,166][cascade_classifier.transform] X_groups_test.shape=[(169, 420)]
[ 2018-03-19 13:07:11,166][cascade_classifier.transform] group_dims=[420]
[ 2018-03-19 13:07:11,167][cascade_classifier.transform] X_test.shape=(169, 420)
[ 2018-03-19 13:07:11,167][cascade_classifier.transform] [layer=0] look_indexs=[0], X_cur_test.shape=(169, 420)
[ 2018-03-19 13:07:12,614][cascade_classifier.transform] [layer=1] look_indexs=[0], X_cur_test.shape=(169, 428)
