[ 2018-03-19 12:49:17,510][cascade_classifier.fit_transform] X_groups_train.shape=[(675, 420)],y_train.shape=(675,),X_groups_test.shape=no_test,y_test.shape=no_test
[ 2018-03-19 12:49:17,511][cascade_classifier.fit_transform] group_dims=[420]
[ 2018-03-19 12:49:17,512][cascade_classifier.fit_transform] group_starts=[0]
[ 2018-03-19 12:49:17,512][cascade_classifier.fit_transform] group_ends=[420]
[ 2018-03-19 12:49:17,512][cascade_classifier.fit_transform] X_train.shape=(675, 420),X_test.shape=(0, 420)
[ 2018-03-19 12:49:17,513][cascade_classifier.fit_transform] [layer=0] look_indexs=[0], X_cur_train.shape=(675, 420), X_cur_test.shape=(0, 420)
[ 2018-03-19 12:49:18,183][kfold_wrapper.log_eval_metrics] Accuracy(layer_0 - estimator_0 - 5_folds.train_0.predict)=65.44%
[ 2018-03-19 12:49:18,926][kfold_wrapper.log_eval_metrics] Accuracy(layer_0 - estimator_0 - 5_folds.train_1.predict)=62.50%
[ 2018-03-19 12:49:19,638][kfold_wrapper.log_eval_metrics] Accuracy(layer_0 - estimator_0 - 5_folds.train_2.predict)=64.44%
[ 2018-03-19 12:49:20,317][kfold_wrapper.log_eval_metrics] Accuracy(layer_0 - estimator_0 - 5_folds.train_3.predict)=65.67%
[ 2018-03-19 12:49:20,988][kfold_wrapper.log_eval_metrics] Accuracy(layer_0 - estimator_0 - 5_folds.train_4.predict)=62.69%
[ 2018-03-19 12:49:20,988][kfold_wrapper.log_eval_metrics] Accuracy(layer_0 - estimator_0 - 5_folds.train_cv.predict)=64.15%
[ 2018-03-19 12:49:21,774][kfold_wrapper.log_eval_metrics] Accuracy(layer_0 - estimator_1 - 5_folds.train_0.predict)=65.44%
[ 2018-03-19 12:49:22,495][kfold_wrapper.log_eval_metrics] Accuracy(layer_0 - estimator_1 - 5_folds.train_1.predict)=63.24%
[ 2018-03-19 12:49:23,386][kfold_wrapper.log_eval_metrics] Accuracy(layer_0 - estimator_1 - 5_folds.train_2.predict)=65.93%
[ 2018-03-19 12:49:24,261][kfold_wrapper.log_eval_metrics] Accuracy(layer_0 - estimator_1 - 5_folds.train_3.predict)=66.42%
[ 2018-03-19 12:49:25,126][kfold_wrapper.log_eval_metrics] Accuracy(layer_0 - estimator_1 - 5_folds.train_4.predict)=68.66%
[ 2018-03-19 12:49:25,126][kfold_wrapper.log_eval_metrics] Accuracy(layer_0 - estimator_1 - 5_folds.train_cv.predict)=65.93%
[ 2018-03-19 12:49:25,860][kfold_wrapper.log_eval_metrics] Accuracy(layer_0 - estimator_2 - 5_folds.train_0.predict)=69.12%
[ 2018-03-19 12:49:26,593][kfold_wrapper.log_eval_metrics] Accuracy(layer_0 - estimator_2 - 5_folds.train_1.predict)=63.97%
[ 2018-03-19 12:49:27,336][kfold_wrapper.log_eval_metrics] Accuracy(layer_0 - estimator_2 - 5_folds.train_2.predict)=65.19%
[ 2018-03-19 12:49:28,093][kfold_wrapper.log_eval_metrics] Accuracy(layer_0 - estimator_2 - 5_folds.train_3.predict)=64.93%
[ 2018-03-19 12:49:28,852][kfold_wrapper.log_eval_metrics] Accuracy(layer_0 - estimator_2 - 5_folds.train_4.predict)=64.18%
[ 2018-03-19 12:49:28,852][kfold_wrapper.log_eval_metrics] Accuracy(layer_0 - estimator_2 - 5_folds.train_cv.predict)=65.48%
[ 2018-03-19 12:49:28,871][kfold_wrapper.log_eval_metrics] Accuracy(layer_0 - estimator_3 - 4_folds.train_0.predict)=62.94%
[ 2018-03-19 12:49:28,890][kfold_wrapper.log_eval_metrics] Accuracy(layer_0 - estimator_3 - 4_folds.train_1.predict)=61.54%
[ 2018-03-19 12:49:28,902][kfold_wrapper.log_eval_metrics] Accuracy(layer_0 - estimator_3 - 4_folds.train_2.predict)=68.45%
[ 2018-03-19 12:49:28,913][kfold_wrapper.log_eval_metrics] Accuracy(layer_0 - estimator_3 - 4_folds.train_3.predict)=58.93%
[ 2018-03-19 12:49:28,913][kfold_wrapper.log_eval_metrics] Accuracy(layer_0 - estimator_3 - 4_folds.train_cv.predict)=62.96%
[ 2018-03-19 12:49:28,913][cascade_classifier.calc_accuracy] Accuracy(layer_0 - train.classifier_average)=67.56%
[ 2018-03-19 12:49:28,915][cascade_classifier.fit_transform] [layer=1] look_indexs=[0], X_cur_train.shape=(675, 428), X_cur_test.shape=(0, 428)
[ 2018-03-19 12:49:29,618][kfold_wrapper.log_eval_metrics] Accuracy(layer_1 - estimator_0 - 5_folds.train_0.predict)=68.38%
[ 2018-03-19 12:49:30,280][kfold_wrapper.log_eval_metrics] Accuracy(layer_1 - estimator_0 - 5_folds.train_1.predict)=63.24%
[ 2018-03-19 12:49:30,952][kfold_wrapper.log_eval_metrics] Accuracy(layer_1 - estimator_0 - 5_folds.train_2.predict)=60.74%
[ 2018-03-19 12:49:31,648][kfold_wrapper.log_eval_metrics] Accuracy(layer_1 - estimator_0 - 5_folds.train_3.predict)=73.13%
[ 2018-03-19 12:49:32,352][kfold_wrapper.log_eval_metrics] Accuracy(layer_1 - estimator_0 - 5_folds.train_4.predict)=74.63%
[ 2018-03-19 12:49:32,352][kfold_wrapper.log_eval_metrics] Accuracy(layer_1 - estimator_0 - 5_folds.train_cv.predict)=68.00%
[ 2018-03-19 12:49:33,063][kfold_wrapper.log_eval_metrics] Accuracy(layer_1 - estimator_1 - 5_folds.train_0.predict)=65.44%
[ 2018-03-19 12:49:33,817][kfold_wrapper.log_eval_metrics] Accuracy(layer_1 - estimator_1 - 5_folds.train_1.predict)=65.44%
[ 2018-03-19 12:49:34,569][kfold_wrapper.log_eval_metrics] Accuracy(layer_1 - estimator_1 - 5_folds.train_2.predict)=67.41%
[ 2018-03-19 12:49:35,305][kfold_wrapper.log_eval_metrics] Accuracy(layer_1 - estimator_1 - 5_folds.train_3.predict)=69.40%
[ 2018-03-19 12:49:36,059][kfold_wrapper.log_eval_metrics] Accuracy(layer_1 - estimator_1 - 5_folds.train_4.predict)=66.42%
[ 2018-03-19 12:49:36,060][kfold_wrapper.log_eval_metrics] Accuracy(layer_1 - estimator_1 - 5_folds.train_cv.predict)=66.81%
[ 2018-03-19 12:49:36,783][kfold_wrapper.log_eval_metrics] Accuracy(layer_1 - estimator_2 - 5_folds.train_0.predict)=68.38%
[ 2018-03-19 12:49:37,536][kfold_wrapper.log_eval_metrics] Accuracy(layer_1 - estimator_2 - 5_folds.train_1.predict)=63.24%
[ 2018-03-19 12:49:38,277][kfold_wrapper.log_eval_metrics] Accuracy(layer_1 - estimator_2 - 5_folds.train_2.predict)=69.63%
[ 2018-03-19 12:49:39,048][kfold_wrapper.log_eval_metrics] Accuracy(layer_1 - estimator_2 - 5_folds.train_3.predict)=68.66%
[ 2018-03-19 12:49:39,936][kfold_wrapper.log_eval_metrics] Accuracy(layer_1 - estimator_2 - 5_folds.train_4.predict)=66.42%
[ 2018-03-19 12:49:39,959][kfold_wrapper.log_eval_metrics] Accuracy(layer_1 - estimator_2 - 5_folds.train_cv.predict)=67.26%
[ 2018-03-19 12:49:39,975][kfold_wrapper.log_eval_metrics] Accuracy(layer_1 - estimator_3 - 4_folds.train_0.predict)=72.35%
[ 2018-03-19 12:49:39,992][kfold_wrapper.log_eval_metrics] Accuracy(layer_1 - estimator_3 - 4_folds.train_1.predict)=66.27%
[ 2018-03-19 12:49:40,010][kfold_wrapper.log_eval_metrics] Accuracy(layer_1 - estimator_3 - 4_folds.train_2.predict)=72.62%
[ 2018-03-19 12:49:40,026][kfold_wrapper.log_eval_metrics] Accuracy(layer_1 - estimator_3 - 4_folds.train_3.predict)=70.83%
[ 2018-03-19 12:49:40,027][kfold_wrapper.log_eval_metrics] Accuracy(layer_1 - estimator_3 - 4_folds.train_cv.predict)=70.52%
[ 2018-03-19 12:49:40,027][cascade_classifier.calc_accuracy] Accuracy(layer_1 - train.classifier_average)=68.74%
[ 2018-03-19 12:49:40,028][cascade_classifier.fit_transform] [layer=2] look_indexs=[0], X_cur_train.shape=(675, 428), X_cur_test.shape=(0, 428)
[ 2018-03-19 12:49:40,803][kfold_wrapper.log_eval_metrics] Accuracy(layer_2 - estimator_0 - 5_folds.train_0.predict)=66.91%
[ 2018-03-19 12:49:41,540][kfold_wrapper.log_eval_metrics] Accuracy(layer_2 - estimator_0 - 5_folds.train_1.predict)=65.44%
[ 2018-03-19 12:49:42,246][kfold_wrapper.log_eval_metrics] Accuracy(layer_2 - estimator_0 - 5_folds.train_2.predict)=64.44%
[ 2018-03-19 12:49:42,967][kfold_wrapper.log_eval_metrics] Accuracy(layer_2 - estimator_0 - 5_folds.train_3.predict)=64.18%
[ 2018-03-19 12:49:43,701][kfold_wrapper.log_eval_metrics] Accuracy(layer_2 - estimator_0 - 5_folds.train_4.predict)=68.66%
[ 2018-03-19 12:49:43,701][kfold_wrapper.log_eval_metrics] Accuracy(layer_2 - estimator_0 - 5_folds.train_cv.predict)=65.93%
[ 2018-03-19 12:49:44,432][kfold_wrapper.log_eval_metrics] Accuracy(layer_2 - estimator_1 - 5_folds.train_0.predict)=70.59%
[ 2018-03-19 12:49:45,166][kfold_wrapper.log_eval_metrics] Accuracy(layer_2 - estimator_1 - 5_folds.train_1.predict)=66.91%
[ 2018-03-19 12:49:45,898][kfold_wrapper.log_eval_metrics] Accuracy(layer_2 - estimator_1 - 5_folds.train_2.predict)=71.85%
[ 2018-03-19 12:49:46,822][kfold_wrapper.log_eval_metrics] Accuracy(layer_2 - estimator_1 - 5_folds.train_3.predict)=73.13%
[ 2018-03-19 12:49:47,571][kfold_wrapper.log_eval_metrics] Accuracy(layer_2 - estimator_1 - 5_folds.train_4.predict)=70.90%
[ 2018-03-19 12:49:47,572][kfold_wrapper.log_eval_metrics] Accuracy(layer_2 - estimator_1 - 5_folds.train_cv.predict)=70.67%
[ 2018-03-19 12:49:48,339][kfold_wrapper.log_eval_metrics] Accuracy(layer_2 - estimator_2 - 5_folds.train_0.predict)=69.85%
[ 2018-03-19 12:49:49,097][kfold_wrapper.log_eval_metrics] Accuracy(layer_2 - estimator_2 - 5_folds.train_1.predict)=69.85%
[ 2018-03-19 12:49:49,852][kfold_wrapper.log_eval_metrics] Accuracy(layer_2 - estimator_2 - 5_folds.train_2.predict)=70.37%
[ 2018-03-19 12:49:50,612][kfold_wrapper.log_eval_metrics] Accuracy(layer_2 - estimator_2 - 5_folds.train_3.predict)=68.66%
[ 2018-03-19 12:49:51,343][kfold_wrapper.log_eval_metrics] Accuracy(layer_2 - estimator_2 - 5_folds.train_4.predict)=64.18%
[ 2018-03-19 12:49:51,343][kfold_wrapper.log_eval_metrics] Accuracy(layer_2 - estimator_2 - 5_folds.train_cv.predict)=68.59%
[ 2018-03-19 12:49:51,361][kfold_wrapper.log_eval_metrics] Accuracy(layer_2 - estimator_3 - 4_folds.train_0.predict)=64.71%
[ 2018-03-19 12:49:51,381][kfold_wrapper.log_eval_metrics] Accuracy(layer_2 - estimator_3 - 4_folds.train_1.predict)=65.09%
[ 2018-03-19 12:49:51,393][kfold_wrapper.log_eval_metrics] Accuracy(layer_2 - estimator_3 - 4_folds.train_2.predict)=57.74%
[ 2018-03-19 12:49:51,404][kfold_wrapper.log_eval_metrics] Accuracy(layer_2 - estimator_3 - 4_folds.train_3.predict)=66.67%
[ 2018-03-19 12:49:51,404][kfold_wrapper.log_eval_metrics] Accuracy(layer_2 - estimator_3 - 4_folds.train_cv.predict)=63.56%
[ 2018-03-19 12:49:51,405][cascade_classifier.calc_accuracy] Accuracy(layer_2 - train.classifier_average)=69.04%
[ 2018-03-19 12:49:51,405][cascade_classifier.fit_transform] [layer=3] look_indexs=[0], X_cur_train.shape=(675, 428), X_cur_test.shape=(0, 428)
[ 2018-03-19 12:49:52,125][kfold_wrapper.log_eval_metrics] Accuracy(layer_3 - estimator_0 - 5_folds.train_0.predict)=63.97%
[ 2018-03-19 12:49:52,825][kfold_wrapper.log_eval_metrics] Accuracy(layer_3 - estimator_0 - 5_folds.train_1.predict)=68.38%
[ 2018-03-19 12:49:53,543][kfold_wrapper.log_eval_metrics] Accuracy(layer_3 - estimator_0 - 5_folds.train_2.predict)=64.44%
[ 2018-03-19 12:49:54,290][kfold_wrapper.log_eval_metrics] Accuracy(layer_3 - estimator_0 - 5_folds.train_3.predict)=64.93%
[ 2018-03-19 12:49:55,037][kfold_wrapper.log_eval_metrics] Accuracy(layer_3 - estimator_0 - 5_folds.train_4.predict)=64.18%
[ 2018-03-19 12:49:55,037][kfold_wrapper.log_eval_metrics] Accuracy(layer_3 - estimator_0 - 5_folds.train_cv.predict)=65.19%
[ 2018-03-19 12:49:55,766][kfold_wrapper.log_eval_metrics] Accuracy(layer_3 - estimator_1 - 5_folds.train_0.predict)=65.44%
[ 2018-03-19 12:49:56,493][kfold_wrapper.log_eval_metrics] Accuracy(layer_3 - estimator_1 - 5_folds.train_1.predict)=66.91%
[ 2018-03-19 12:49:57,227][kfold_wrapper.log_eval_metrics] Accuracy(layer_3 - estimator_1 - 5_folds.train_2.predict)=73.33%
[ 2018-03-19 12:49:57,953][kfold_wrapper.log_eval_metrics] Accuracy(layer_3 - estimator_1 - 5_folds.train_3.predict)=68.66%
[ 2018-03-19 12:49:58,826][kfold_wrapper.log_eval_metrics] Accuracy(layer_3 - estimator_1 - 5_folds.train_4.predict)=67.91%
[ 2018-03-19 12:49:58,827][kfold_wrapper.log_eval_metrics] Accuracy(layer_3 - estimator_1 - 5_folds.train_cv.predict)=68.44%
[ 2018-03-19 12:49:59,589][kfold_wrapper.log_eval_metrics] Accuracy(layer_3 - estimator_2 - 5_folds.train_0.predict)=67.65%
[ 2018-03-19 12:50:00,447][kfold_wrapper.log_eval_metrics] Accuracy(layer_3 - estimator_2 - 5_folds.train_1.predict)=67.65%
[ 2018-03-19 12:50:01,178][kfold_wrapper.log_eval_metrics] Accuracy(layer_3 - estimator_2 - 5_folds.train_2.predict)=68.15%
[ 2018-03-19 12:50:01,937][kfold_wrapper.log_eval_metrics] Accuracy(layer_3 - estimator_2 - 5_folds.train_3.predict)=67.16%
[ 2018-03-19 12:50:02,704][kfold_wrapper.log_eval_metrics] Accuracy(layer_3 - estimator_2 - 5_folds.train_4.predict)=69.40%
[ 2018-03-19 12:50:02,705][kfold_wrapper.log_eval_metrics] Accuracy(layer_3 - estimator_2 - 5_folds.train_cv.predict)=68.00%
[ 2018-03-19 12:50:02,722][kfold_wrapper.log_eval_metrics] Accuracy(layer_3 - estimator_3 - 4_folds.train_0.predict)=70.59%
[ 2018-03-19 12:50:02,736][kfold_wrapper.log_eval_metrics] Accuracy(layer_3 - estimator_3 - 4_folds.train_1.predict)=69.23%
[ 2018-03-19 12:50:02,748][kfold_wrapper.log_eval_metrics] Accuracy(layer_3 - estimator_3 - 4_folds.train_2.predict)=69.64%
[ 2018-03-19 12:50:02,759][kfold_wrapper.log_eval_metrics] Accuracy(layer_3 - estimator_3 - 4_folds.train_3.predict)=70.83%
[ 2018-03-19 12:50:02,760][kfold_wrapper.log_eval_metrics] Accuracy(layer_3 - estimator_3 - 4_folds.train_cv.predict)=70.07%
[ 2018-03-19 12:50:02,760][cascade_classifier.calc_accuracy] Accuracy(layer_3 - train.classifier_average)=68.74%
[ 2018-03-19 12:50:02,762][cascade_classifier.fit_transform] [layer=4] look_indexs=[0], X_cur_train.shape=(675, 428), X_cur_test.shape=(0, 428)
[ 2018-03-19 12:50:03,469][kfold_wrapper.log_eval_metrics] Accuracy(layer_4 - estimator_0 - 5_folds.train_0.predict)=63.97%
[ 2018-03-19 12:50:04,122][kfold_wrapper.log_eval_metrics] Accuracy(layer_4 - estimator_0 - 5_folds.train_1.predict)=67.65%
[ 2018-03-19 12:50:04,782][kfold_wrapper.log_eval_metrics] Accuracy(layer_4 - estimator_0 - 5_folds.train_2.predict)=74.81%
[ 2018-03-19 12:50:05,490][kfold_wrapper.log_eval_metrics] Accuracy(layer_4 - estimator_0 - 5_folds.train_3.predict)=67.16%
[ 2018-03-19 12:50:06,139][kfold_wrapper.log_eval_metrics] Accuracy(layer_4 - estimator_0 - 5_folds.train_4.predict)=69.40%
[ 2018-03-19 12:50:06,139][kfold_wrapper.log_eval_metrics] Accuracy(layer_4 - estimator_0 - 5_folds.train_cv.predict)=68.59%
[ 2018-03-19 12:50:06,851][kfold_wrapper.log_eval_metrics] Accuracy(layer_4 - estimator_1 - 5_folds.train_0.predict)=66.91%
[ 2018-03-19 12:50:07,578][kfold_wrapper.log_eval_metrics] Accuracy(layer_4 - estimator_1 - 5_folds.train_1.predict)=58.09%
[ 2018-03-19 12:50:08,284][kfold_wrapper.log_eval_metrics] Accuracy(layer_4 - estimator_1 - 5_folds.train_2.predict)=72.59%
[ 2018-03-19 12:50:09,018][kfold_wrapper.log_eval_metrics] Accuracy(layer_4 - estimator_1 - 5_folds.train_3.predict)=70.15%
[ 2018-03-19 12:50:09,744][kfold_wrapper.log_eval_metrics] Accuracy(layer_4 - estimator_1 - 5_folds.train_4.predict)=68.66%
[ 2018-03-19 12:50:09,744][kfold_wrapper.log_eval_metrics] Accuracy(layer_4 - estimator_1 - 5_folds.train_cv.predict)=67.26%
[ 2018-03-19 12:50:10,487][kfold_wrapper.log_eval_metrics] Accuracy(layer_4 - estimator_2 - 5_folds.train_0.predict)=66.91%
[ 2018-03-19 12:50:11,239][kfold_wrapper.log_eval_metrics] Accuracy(layer_4 - estimator_2 - 5_folds.train_1.predict)=65.44%
[ 2018-03-19 12:50:11,975][kfold_wrapper.log_eval_metrics] Accuracy(layer_4 - estimator_2 - 5_folds.train_2.predict)=71.11%
[ 2018-03-19 12:50:12,711][kfold_wrapper.log_eval_metrics] Accuracy(layer_4 - estimator_2 - 5_folds.train_3.predict)=67.91%
[ 2018-03-19 12:50:13,697][kfold_wrapper.log_eval_metrics] Accuracy(layer_4 - estimator_2 - 5_folds.train_4.predict)=66.42%
[ 2018-03-19 12:50:13,697][kfold_wrapper.log_eval_metrics] Accuracy(layer_4 - estimator_2 - 5_folds.train_cv.predict)=67.56%
[ 2018-03-19 12:50:13,715][kfold_wrapper.log_eval_metrics] Accuracy(layer_4 - estimator_3 - 4_folds.train_0.predict)=63.53%
[ 2018-03-19 12:50:13,731][kfold_wrapper.log_eval_metrics] Accuracy(layer_4 - estimator_3 - 4_folds.train_1.predict)=60.36%
[ 2018-03-19 12:50:13,744][kfold_wrapper.log_eval_metrics] Accuracy(layer_4 - estimator_3 - 4_folds.train_2.predict)=57.74%
[ 2018-03-19 12:50:13,757][kfold_wrapper.log_eval_metrics] Accuracy(layer_4 - estimator_3 - 4_folds.train_3.predict)=66.07%
[ 2018-03-19 12:50:13,758][kfold_wrapper.log_eval_metrics] Accuracy(layer_4 - estimator_3 - 4_folds.train_cv.predict)=61.93%
[ 2018-03-19 12:50:13,758][cascade_classifier.calc_accuracy] Accuracy(layer_4 - train.classifier_average)=68.44%
[ 2018-03-19 12:50:13,759][cascade_classifier.fit_transform] [layer=5] look_indexs=[0], X_cur_train.shape=(675, 428), X_cur_test.shape=(0, 428)
[ 2018-03-19 12:50:14,515][kfold_wrapper.log_eval_metrics] Accuracy(layer_5 - estimator_0 - 5_folds.train_0.predict)=69.12%
[ 2018-03-19 12:50:15,304][kfold_wrapper.log_eval_metrics] Accuracy(layer_5 - estimator_0 - 5_folds.train_1.predict)=67.65%
[ 2018-03-19 12:50:16,087][kfold_wrapper.log_eval_metrics] Accuracy(layer_5 - estimator_0 - 5_folds.train_2.predict)=62.22%
[ 2018-03-19 12:50:16,810][kfold_wrapper.log_eval_metrics] Accuracy(layer_5 - estimator_0 - 5_folds.train_3.predict)=58.21%
[ 2018-03-19 12:50:17,504][kfold_wrapper.log_eval_metrics] Accuracy(layer_5 - estimator_0 - 5_folds.train_4.predict)=67.16%
[ 2018-03-19 12:50:17,504][kfold_wrapper.log_eval_metrics] Accuracy(layer_5 - estimator_0 - 5_folds.train_cv.predict)=64.89%
[ 2018-03-19 12:50:18,233][kfold_wrapper.log_eval_metrics] Accuracy(layer_5 - estimator_1 - 5_folds.train_0.predict)=63.97%
[ 2018-03-19 12:50:18,970][kfold_wrapper.log_eval_metrics] Accuracy(layer_5 - estimator_1 - 5_folds.train_1.predict)=66.91%
[ 2018-03-19 12:50:19,721][kfold_wrapper.log_eval_metrics] Accuracy(layer_5 - estimator_1 - 5_folds.train_2.predict)=62.96%
[ 2018-03-19 12:50:20,437][kfold_wrapper.log_eval_metrics] Accuracy(layer_5 - estimator_1 - 5_folds.train_3.predict)=68.66%
[ 2018-03-19 12:50:21,154][kfold_wrapper.log_eval_metrics] Accuracy(layer_5 - estimator_1 - 5_folds.train_4.predict)=67.16%
[ 2018-03-19 12:50:21,155][kfold_wrapper.log_eval_metrics] Accuracy(layer_5 - estimator_1 - 5_folds.train_cv.predict)=65.93%
[ 2018-03-19 12:50:21,873][kfold_wrapper.log_eval_metrics] Accuracy(layer_5 - estimator_2 - 5_folds.train_0.predict)=70.59%
[ 2018-03-19 12:50:22,610][kfold_wrapper.log_eval_metrics] Accuracy(layer_5 - estimator_2 - 5_folds.train_1.predict)=63.24%
[ 2018-03-19 12:50:23,474][kfold_wrapper.log_eval_metrics] Accuracy(layer_5 - estimator_2 - 5_folds.train_2.predict)=65.93%
[ 2018-03-19 12:50:24,202][kfold_wrapper.log_eval_metrics] Accuracy(layer_5 - estimator_2 - 5_folds.train_3.predict)=67.91%
[ 2018-03-19 12:50:24,930][kfold_wrapper.log_eval_metrics] Accuracy(layer_5 - estimator_2 - 5_folds.train_4.predict)=63.43%
[ 2018-03-19 12:50:24,931][kfold_wrapper.log_eval_metrics] Accuracy(layer_5 - estimator_2 - 5_folds.train_cv.predict)=66.22%
[ 2018-03-19 12:50:24,950][kfold_wrapper.log_eval_metrics] Accuracy(layer_5 - estimator_3 - 4_folds.train_0.predict)=71.18%
[ 2018-03-19 12:50:24,966][kfold_wrapper.log_eval_metrics] Accuracy(layer_5 - estimator_3 - 4_folds.train_1.predict)=73.96%
[ 2018-03-19 12:50:24,978][kfold_wrapper.log_eval_metrics] Accuracy(layer_5 - estimator_3 - 4_folds.train_2.predict)=63.69%
[ 2018-03-19 12:50:24,989][kfold_wrapper.log_eval_metrics] Accuracy(layer_5 - estimator_3 - 4_folds.train_3.predict)=70.24%
[ 2018-03-19 12:50:24,989][kfold_wrapper.log_eval_metrics] Accuracy(layer_5 - estimator_3 - 4_folds.train_cv.predict)=69.78%
[ 2018-03-19 12:50:24,990][cascade_classifier.calc_accuracy] Accuracy(layer_5 - train.classifier_average)=68.15%
[ 2018-03-19 12:50:24,990][cascade_classifier.fit_transform] [Result][Optimal Level Detected] opt_layer_num=3, accuracy_train=69.04%, accuracy_test=0.00%
[ 2018-03-19 12:50:25,011][cascade_classifier.transform] X_groups_test.shape=[(169, 420)]
[ 2018-03-19 12:50:25,012][cascade_classifier.transform] group_dims=[420]
[ 2018-03-19 12:50:25,012][cascade_classifier.transform] X_test.shape=(169, 420)
[ 2018-03-19 12:50:25,013][cascade_classifier.transform] [layer=0] look_indexs=[0], X_cur_test.shape=(169, 420)
[ 2018-03-19 12:50:26,317][cascade_classifier.transform] [layer=1] look_indexs=[0], X_cur_test.shape=(169, 428)
[ 2018-03-19 12:50:27,630][cascade_classifier.transform] [layer=2] look_indexs=[0], X_cur_test.shape=(169, 428)
