[ 2018-03-19 12:47:26,307][cascade_classifier.fit_transform] X_groups_train.shape=[(675, 420)],y_train.shape=(675,),X_groups_test.shape=no_test,y_test.shape=no_test
[ 2018-03-19 12:47:26,308][cascade_classifier.fit_transform] group_dims=[420]
[ 2018-03-19 12:47:26,308][cascade_classifier.fit_transform] group_starts=[0]
[ 2018-03-19 12:47:26,308][cascade_classifier.fit_transform] group_ends=[420]
[ 2018-03-19 12:47:26,308][cascade_classifier.fit_transform] X_train.shape=(675, 420),X_test.shape=(0, 420)
[ 2018-03-19 12:47:26,310][cascade_classifier.fit_transform] [layer=0] look_indexs=[0], X_cur_train.shape=(675, 420), X_cur_test.shape=(0, 420)
[ 2018-03-19 12:47:26,989][kfold_wrapper.log_eval_metrics] Accuracy(layer_0 - estimator_0 - 5_folds.train_0.predict)=60.29%
[ 2018-03-19 12:47:27,675][kfold_wrapper.log_eval_metrics] Accuracy(layer_0 - estimator_0 - 5_folds.train_1.predict)=65.44%
[ 2018-03-19 12:47:28,354][kfold_wrapper.log_eval_metrics] Accuracy(layer_0 - estimator_0 - 5_folds.train_2.predict)=65.93%
[ 2018-03-19 12:47:29,043][kfold_wrapper.log_eval_metrics] Accuracy(layer_0 - estimator_0 - 5_folds.train_3.predict)=68.66%
[ 2018-03-19 12:47:29,752][kfold_wrapper.log_eval_metrics] Accuracy(layer_0 - estimator_0 - 5_folds.train_4.predict)=62.69%
[ 2018-03-19 12:47:29,752][kfold_wrapper.log_eval_metrics] Accuracy(layer_0 - estimator_0 - 5_folds.train_cv.predict)=64.59%
[ 2018-03-19 12:47:30,549][kfold_wrapper.log_eval_metrics] Accuracy(layer_0 - estimator_1 - 5_folds.train_0.predict)=66.18%
[ 2018-03-19 12:47:31,273][kfold_wrapper.log_eval_metrics] Accuracy(layer_0 - estimator_1 - 5_folds.train_1.predict)=66.91%
[ 2018-03-19 12:47:32,011][kfold_wrapper.log_eval_metrics] Accuracy(layer_0 - estimator_1 - 5_folds.train_2.predict)=68.15%
[ 2018-03-19 12:47:32,878][kfold_wrapper.log_eval_metrics] Accuracy(layer_0 - estimator_1 - 5_folds.train_3.predict)=67.91%
[ 2018-03-19 12:47:33,761][kfold_wrapper.log_eval_metrics] Accuracy(layer_0 - estimator_1 - 5_folds.train_4.predict)=64.18%
[ 2018-03-19 12:47:33,762][kfold_wrapper.log_eval_metrics] Accuracy(layer_0 - estimator_1 - 5_folds.train_cv.predict)=66.67%
[ 2018-03-19 12:47:34,528][kfold_wrapper.log_eval_metrics] Accuracy(layer_0 - estimator_2 - 5_folds.train_0.predict)=64.71%
[ 2018-03-19 12:47:35,262][kfold_wrapper.log_eval_metrics] Accuracy(layer_0 - estimator_2 - 5_folds.train_1.predict)=63.97%
[ 2018-03-19 12:47:35,999][kfold_wrapper.log_eval_metrics] Accuracy(layer_0 - estimator_2 - 5_folds.train_2.predict)=68.89%
[ 2018-03-19 12:47:36,878][kfold_wrapper.log_eval_metrics] Accuracy(layer_0 - estimator_2 - 5_folds.train_3.predict)=64.93%
[ 2018-03-19 12:47:37,784][kfold_wrapper.log_eval_metrics] Accuracy(layer_0 - estimator_2 - 5_folds.train_4.predict)=67.16%
[ 2018-03-19 12:47:37,784][kfold_wrapper.log_eval_metrics] Accuracy(layer_0 - estimator_2 - 5_folds.train_cv.predict)=65.93%
[ 2018-03-19 12:47:37,801][kfold_wrapper.log_eval_metrics] Accuracy(layer_0 - estimator_3 - 4_folds.train_0.predict)=61.18%
[ 2018-03-19 12:47:37,812][kfold_wrapper.log_eval_metrics] Accuracy(layer_0 - estimator_3 - 4_folds.train_1.predict)=63.91%
[ 2018-03-19 12:47:37,823][kfold_wrapper.log_eval_metrics] Accuracy(layer_0 - estimator_3 - 4_folds.train_2.predict)=67.26%
[ 2018-03-19 12:47:37,834][kfold_wrapper.log_eval_metrics] Accuracy(layer_0 - estimator_3 - 4_folds.train_3.predict)=68.45%
[ 2018-03-19 12:47:37,835][kfold_wrapper.log_eval_metrics] Accuracy(layer_0 - estimator_3 - 4_folds.train_cv.predict)=65.19%
[ 2018-03-19 12:47:37,835][cascade_classifier.calc_accuracy] Accuracy(layer_0 - train.classifier_average)=67.85%
[ 2018-03-19 12:47:37,836][cascade_classifier.fit_transform] [layer=1] look_indexs=[0], X_cur_train.shape=(675, 428), X_cur_test.shape=(0, 428)
[ 2018-03-19 12:47:38,604][kfold_wrapper.log_eval_metrics] Accuracy(layer_1 - estimator_0 - 5_folds.train_0.predict)=67.65%
[ 2018-03-19 12:47:39,412][kfold_wrapper.log_eval_metrics] Accuracy(layer_1 - estimator_0 - 5_folds.train_1.predict)=65.44%
[ 2018-03-19 12:47:40,248][kfold_wrapper.log_eval_metrics] Accuracy(layer_1 - estimator_0 - 5_folds.train_2.predict)=65.93%
[ 2018-03-19 12:47:41,066][kfold_wrapper.log_eval_metrics] Accuracy(layer_1 - estimator_0 - 5_folds.train_3.predict)=67.16%
[ 2018-03-19 12:47:42,105][kfold_wrapper.log_eval_metrics] Accuracy(layer_1 - estimator_0 - 5_folds.train_4.predict)=67.91%
[ 2018-03-19 12:47:42,105][kfold_wrapper.log_eval_metrics] Accuracy(layer_1 - estimator_0 - 5_folds.train_cv.predict)=66.81%
[ 2018-03-19 12:47:43,027][kfold_wrapper.log_eval_metrics] Accuracy(layer_1 - estimator_1 - 5_folds.train_0.predict)=69.12%
[ 2018-03-19 12:47:43,911][kfold_wrapper.log_eval_metrics] Accuracy(layer_1 - estimator_1 - 5_folds.train_1.predict)=69.12%
[ 2018-03-19 12:47:44,892][kfold_wrapper.log_eval_metrics] Accuracy(layer_1 - estimator_1 - 5_folds.train_2.predict)=66.67%
[ 2018-03-19 12:47:45,704][kfold_wrapper.log_eval_metrics] Accuracy(layer_1 - estimator_1 - 5_folds.train_3.predict)=66.42%
[ 2018-03-19 12:47:46,622][kfold_wrapper.log_eval_metrics] Accuracy(layer_1 - estimator_1 - 5_folds.train_4.predict)=67.91%
[ 2018-03-19 12:47:46,623][kfold_wrapper.log_eval_metrics] Accuracy(layer_1 - estimator_1 - 5_folds.train_cv.predict)=67.85%
[ 2018-03-19 12:47:47,534][kfold_wrapper.log_eval_metrics] Accuracy(layer_1 - estimator_2 - 5_folds.train_0.predict)=66.91%
[ 2018-03-19 12:47:48,418][kfold_wrapper.log_eval_metrics] Accuracy(layer_1 - estimator_2 - 5_folds.train_1.predict)=70.59%
[ 2018-03-19 12:47:49,343][kfold_wrapper.log_eval_metrics] Accuracy(layer_1 - estimator_2 - 5_folds.train_2.predict)=64.44%
[ 2018-03-19 12:47:50,215][kfold_wrapper.log_eval_metrics] Accuracy(layer_1 - estimator_2 - 5_folds.train_3.predict)=71.64%
[ 2018-03-19 12:47:51,139][kfold_wrapper.log_eval_metrics] Accuracy(layer_1 - estimator_2 - 5_folds.train_4.predict)=67.16%
[ 2018-03-19 12:47:51,140][kfold_wrapper.log_eval_metrics] Accuracy(layer_1 - estimator_2 - 5_folds.train_cv.predict)=68.15%
[ 2018-03-19 12:47:51,159][kfold_wrapper.log_eval_metrics] Accuracy(layer_1 - estimator_3 - 4_folds.train_0.predict)=69.41%
[ 2018-03-19 12:47:51,170][kfold_wrapper.log_eval_metrics] Accuracy(layer_1 - estimator_3 - 4_folds.train_1.predict)=73.96%
[ 2018-03-19 12:47:51,183][kfold_wrapper.log_eval_metrics] Accuracy(layer_1 - estimator_3 - 4_folds.train_2.predict)=70.24%
[ 2018-03-19 12:47:51,198][kfold_wrapper.log_eval_metrics] Accuracy(layer_1 - estimator_3 - 4_folds.train_3.predict)=69.64%
[ 2018-03-19 12:47:51,198][kfold_wrapper.log_eval_metrics] Accuracy(layer_1 - estimator_3 - 4_folds.train_cv.predict)=70.81%
[ 2018-03-19 12:47:51,199][cascade_classifier.calc_accuracy] Accuracy(layer_1 - train.classifier_average)=68.59%
[ 2018-03-19 12:47:51,200][cascade_classifier.fit_transform] [layer=2] look_indexs=[0], X_cur_train.shape=(675, 428), X_cur_test.shape=(0, 428)
[ 2018-03-19 12:47:52,387][kfold_wrapper.log_eval_metrics] Accuracy(layer_2 - estimator_0 - 5_folds.train_0.predict)=63.97%
[ 2018-03-19 12:47:53,237][kfold_wrapper.log_eval_metrics] Accuracy(layer_2 - estimator_0 - 5_folds.train_1.predict)=66.18%
[ 2018-03-19 12:47:54,265][kfold_wrapper.log_eval_metrics] Accuracy(layer_2 - estimator_0 - 5_folds.train_2.predict)=65.93%
[ 2018-03-19 12:47:55,032][kfold_wrapper.log_eval_metrics] Accuracy(layer_2 - estimator_0 - 5_folds.train_3.predict)=66.42%
[ 2018-03-19 12:47:55,850][kfold_wrapper.log_eval_metrics] Accuracy(layer_2 - estimator_0 - 5_folds.train_4.predict)=67.16%
[ 2018-03-19 12:47:55,850][kfold_wrapper.log_eval_metrics] Accuracy(layer_2 - estimator_0 - 5_folds.train_cv.predict)=65.93%
[ 2018-03-19 12:47:56,726][kfold_wrapper.log_eval_metrics] Accuracy(layer_2 - estimator_1 - 5_folds.train_0.predict)=70.59%
[ 2018-03-19 12:47:57,451][kfold_wrapper.log_eval_metrics] Accuracy(layer_2 - estimator_1 - 5_folds.train_1.predict)=66.91%
[ 2018-03-19 12:47:58,371][kfold_wrapper.log_eval_metrics] Accuracy(layer_2 - estimator_1 - 5_folds.train_2.predict)=67.41%
[ 2018-03-19 12:47:59,324][kfold_wrapper.log_eval_metrics] Accuracy(layer_2 - estimator_1 - 5_folds.train_3.predict)=70.90%
[ 2018-03-19 12:48:00,060][kfold_wrapper.log_eval_metrics] Accuracy(layer_2 - estimator_1 - 5_folds.train_4.predict)=62.69%
[ 2018-03-19 12:48:00,061][kfold_wrapper.log_eval_metrics] Accuracy(layer_2 - estimator_1 - 5_folds.train_cv.predict)=67.70%
[ 2018-03-19 12:48:00,937][kfold_wrapper.log_eval_metrics] Accuracy(layer_2 - estimator_2 - 5_folds.train_0.predict)=65.44%
[ 2018-03-19 12:48:01,813][kfold_wrapper.log_eval_metrics] Accuracy(layer_2 - estimator_2 - 5_folds.train_1.predict)=66.18%
[ 2018-03-19 12:48:02,565][kfold_wrapper.log_eval_metrics] Accuracy(layer_2 - estimator_2 - 5_folds.train_2.predict)=72.59%
[ 2018-03-19 12:48:03,408][kfold_wrapper.log_eval_metrics] Accuracy(layer_2 - estimator_2 - 5_folds.train_3.predict)=70.90%
[ 2018-03-19 12:48:04,285][kfold_wrapper.log_eval_metrics] Accuracy(layer_2 - estimator_2 - 5_folds.train_4.predict)=67.16%
[ 2018-03-19 12:48:04,286][kfold_wrapper.log_eval_metrics] Accuracy(layer_2 - estimator_2 - 5_folds.train_cv.predict)=68.44%
[ 2018-03-19 12:48:04,305][kfold_wrapper.log_eval_metrics] Accuracy(layer_2 - estimator_3 - 4_folds.train_0.predict)=64.12%
[ 2018-03-19 12:48:04,319][kfold_wrapper.log_eval_metrics] Accuracy(layer_2 - estimator_3 - 4_folds.train_1.predict)=65.68%
[ 2018-03-19 12:48:04,333][kfold_wrapper.log_eval_metrics] Accuracy(layer_2 - estimator_3 - 4_folds.train_2.predict)=65.48%
[ 2018-03-19 12:48:04,345][kfold_wrapper.log_eval_metrics] Accuracy(layer_2 - estimator_3 - 4_folds.train_3.predict)=64.88%
[ 2018-03-19 12:48:04,346][kfold_wrapper.log_eval_metrics] Accuracy(layer_2 - estimator_3 - 4_folds.train_cv.predict)=65.04%
[ 2018-03-19 12:48:04,346][cascade_classifier.calc_accuracy] Accuracy(layer_2 - train.classifier_average)=68.30%
[ 2018-03-19 12:48:04,347][cascade_classifier.fit_transform] [layer=3] look_indexs=[0], X_cur_train.shape=(675, 428), X_cur_test.shape=(0, 428)
[ 2018-03-19 12:48:05,083][kfold_wrapper.log_eval_metrics] Accuracy(layer_3 - estimator_0 - 5_folds.train_0.predict)=65.44%
[ 2018-03-19 12:48:05,752][kfold_wrapper.log_eval_metrics] Accuracy(layer_3 - estimator_0 - 5_folds.train_1.predict)=72.06%
[ 2018-03-19 12:48:06,489][kfold_wrapper.log_eval_metrics] Accuracy(layer_3 - estimator_0 - 5_folds.train_2.predict)=64.44%
[ 2018-03-19 12:48:07,248][kfold_wrapper.log_eval_metrics] Accuracy(layer_3 - estimator_0 - 5_folds.train_3.predict)=69.40%
[ 2018-03-19 12:48:08,412][kfold_wrapper.log_eval_metrics] Accuracy(layer_3 - estimator_0 - 5_folds.train_4.predict)=59.70%
[ 2018-03-19 12:48:08,412][kfold_wrapper.log_eval_metrics] Accuracy(layer_3 - estimator_0 - 5_folds.train_cv.predict)=66.22%
[ 2018-03-19 12:48:09,229][kfold_wrapper.log_eval_metrics] Accuracy(layer_3 - estimator_1 - 5_folds.train_0.predict)=69.12%
[ 2018-03-19 12:48:10,007][kfold_wrapper.log_eval_metrics] Accuracy(layer_3 - estimator_1 - 5_folds.train_1.predict)=64.71%
[ 2018-03-19 12:48:10,764][kfold_wrapper.log_eval_metrics] Accuracy(layer_3 - estimator_1 - 5_folds.train_2.predict)=68.15%
[ 2018-03-19 12:48:11,647][kfold_wrapper.log_eval_metrics] Accuracy(layer_3 - estimator_1 - 5_folds.train_3.predict)=70.15%
[ 2018-03-19 12:48:12,534][kfold_wrapper.log_eval_metrics] Accuracy(layer_3 - estimator_1 - 5_folds.train_4.predict)=65.67%
[ 2018-03-19 12:48:12,535][kfold_wrapper.log_eval_metrics] Accuracy(layer_3 - estimator_1 - 5_folds.train_cv.predict)=67.56%
[ 2018-03-19 12:48:13,419][kfold_wrapper.log_eval_metrics] Accuracy(layer_3 - estimator_2 - 5_folds.train_0.predict)=67.65%
[ 2018-03-19 12:48:14,289][kfold_wrapper.log_eval_metrics] Accuracy(layer_3 - estimator_2 - 5_folds.train_1.predict)=67.65%
[ 2018-03-19 12:48:15,019][kfold_wrapper.log_eval_metrics] Accuracy(layer_3 - estimator_2 - 5_folds.train_2.predict)=72.59%
[ 2018-03-19 12:48:15,773][kfold_wrapper.log_eval_metrics] Accuracy(layer_3 - estimator_2 - 5_folds.train_3.predict)=62.69%
[ 2018-03-19 12:48:16,498][kfold_wrapper.log_eval_metrics] Accuracy(layer_3 - estimator_2 - 5_folds.train_4.predict)=67.16%
[ 2018-03-19 12:48:16,499][kfold_wrapper.log_eval_metrics] Accuracy(layer_3 - estimator_2 - 5_folds.train_cv.predict)=67.56%
[ 2018-03-19 12:48:16,516][kfold_wrapper.log_eval_metrics] Accuracy(layer_3 - estimator_3 - 4_folds.train_0.predict)=73.53%
[ 2018-03-19 12:48:16,532][kfold_wrapper.log_eval_metrics] Accuracy(layer_3 - estimator_3 - 4_folds.train_1.predict)=68.64%
[ 2018-03-19 12:48:16,544][kfold_wrapper.log_eval_metrics] Accuracy(layer_3 - estimator_3 - 4_folds.train_2.predict)=67.26%
[ 2018-03-19 12:48:16,557][kfold_wrapper.log_eval_metrics] Accuracy(layer_3 - estimator_3 - 4_folds.train_3.predict)=72.62%
[ 2018-03-19 12:48:16,557][kfold_wrapper.log_eval_metrics] Accuracy(layer_3 - estimator_3 - 4_folds.train_cv.predict)=70.52%
[ 2018-03-19 12:48:16,558][cascade_classifier.calc_accuracy] Accuracy(layer_3 - train.classifier_average)=70.52%
[ 2018-03-19 12:48:16,559][cascade_classifier.fit_transform] [layer=4] look_indexs=[0], X_cur_train.shape=(675, 428), X_cur_test.shape=(0, 428)
[ 2018-03-19 12:48:17,290][kfold_wrapper.log_eval_metrics] Accuracy(layer_4 - estimator_0 - 5_folds.train_0.predict)=71.32%
[ 2018-03-19 12:48:17,970][kfold_wrapper.log_eval_metrics] Accuracy(layer_4 - estimator_0 - 5_folds.train_1.predict)=69.85%
[ 2018-03-19 12:48:18,629][kfold_wrapper.log_eval_metrics] Accuracy(layer_4 - estimator_0 - 5_folds.train_2.predict)=65.93%
[ 2018-03-19 12:48:19,346][kfold_wrapper.log_eval_metrics] Accuracy(layer_4 - estimator_0 - 5_folds.train_3.predict)=68.66%
[ 2018-03-19 12:48:20,041][kfold_wrapper.log_eval_metrics] Accuracy(layer_4 - estimator_0 - 5_folds.train_4.predict)=68.66%
[ 2018-03-19 12:48:20,041][kfold_wrapper.log_eval_metrics] Accuracy(layer_4 - estimator_0 - 5_folds.train_cv.predict)=68.89%
[ 2018-03-19 12:48:20,769][kfold_wrapper.log_eval_metrics] Accuracy(layer_4 - estimator_1 - 5_folds.train_0.predict)=64.71%
[ 2018-03-19 12:48:21,484][kfold_wrapper.log_eval_metrics] Accuracy(layer_4 - estimator_1 - 5_folds.train_1.predict)=71.32%
[ 2018-03-19 12:48:22,219][kfold_wrapper.log_eval_metrics] Accuracy(layer_4 - estimator_1 - 5_folds.train_2.predict)=70.37%
[ 2018-03-19 12:48:22,947][kfold_wrapper.log_eval_metrics] Accuracy(layer_4 - estimator_1 - 5_folds.train_3.predict)=67.91%
[ 2018-03-19 12:48:23,685][kfold_wrapper.log_eval_metrics] Accuracy(layer_4 - estimator_1 - 5_folds.train_4.predict)=62.69%
[ 2018-03-19 12:48:23,686][kfold_wrapper.log_eval_metrics] Accuracy(layer_4 - estimator_1 - 5_folds.train_cv.predict)=67.41%
[ 2018-03-19 12:48:24,550][kfold_wrapper.log_eval_metrics] Accuracy(layer_4 - estimator_2 - 5_folds.train_0.predict)=65.44%
[ 2018-03-19 12:48:25,280][kfold_wrapper.log_eval_metrics] Accuracy(layer_4 - estimator_2 - 5_folds.train_1.predict)=70.59%
[ 2018-03-19 12:48:25,995][kfold_wrapper.log_eval_metrics] Accuracy(layer_4 - estimator_2 - 5_folds.train_2.predict)=74.81%
[ 2018-03-19 12:48:26,845][kfold_wrapper.log_eval_metrics] Accuracy(layer_4 - estimator_2 - 5_folds.train_3.predict)=67.91%
[ 2018-03-19 12:48:27,863][kfold_wrapper.log_eval_metrics] Accuracy(layer_4 - estimator_2 - 5_folds.train_4.predict)=69.40%
[ 2018-03-19 12:48:27,864][kfold_wrapper.log_eval_metrics] Accuracy(layer_4 - estimator_2 - 5_folds.train_cv.predict)=69.63%
[ 2018-03-19 12:48:27,884][kfold_wrapper.log_eval_metrics] Accuracy(layer_4 - estimator_3 - 4_folds.train_0.predict)=61.76%
[ 2018-03-19 12:48:27,897][kfold_wrapper.log_eval_metrics] Accuracy(layer_4 - estimator_3 - 4_folds.train_1.predict)=62.13%
[ 2018-03-19 12:48:27,912][kfold_wrapper.log_eval_metrics] Accuracy(layer_4 - estimator_3 - 4_folds.train_2.predict)=64.29%
[ 2018-03-19 12:48:27,925][kfold_wrapper.log_eval_metrics] Accuracy(layer_4 - estimator_3 - 4_folds.train_3.predict)=67.86%
[ 2018-03-19 12:48:27,926][kfold_wrapper.log_eval_metrics] Accuracy(layer_4 - estimator_3 - 4_folds.train_cv.predict)=64.00%
[ 2018-03-19 12:48:27,926][cascade_classifier.calc_accuracy] Accuracy(layer_4 - train.classifier_average)=70.37%
[ 2018-03-19 12:48:27,927][cascade_classifier.fit_transform] [layer=5] look_indexs=[0], X_cur_train.shape=(675, 428), X_cur_test.shape=(0, 428)
[ 2018-03-19 12:48:28,692][kfold_wrapper.log_eval_metrics] Accuracy(layer_5 - estimator_0 - 5_folds.train_0.predict)=68.38%
[ 2018-03-19 12:48:29,379][kfold_wrapper.log_eval_metrics] Accuracy(layer_5 - estimator_0 - 5_folds.train_1.predict)=65.44%
[ 2018-03-19 12:48:30,062][kfold_wrapper.log_eval_metrics] Accuracy(layer_5 - estimator_0 - 5_folds.train_2.predict)=63.70%
[ 2018-03-19 12:48:30,776][kfold_wrapper.log_eval_metrics] Accuracy(layer_5 - estimator_0 - 5_folds.train_3.predict)=67.91%
[ 2018-03-19 12:48:31,499][kfold_wrapper.log_eval_metrics] Accuracy(layer_5 - estimator_0 - 5_folds.train_4.predict)=67.91%
[ 2018-03-19 12:48:31,499][kfold_wrapper.log_eval_metrics] Accuracy(layer_5 - estimator_0 - 5_folds.train_cv.predict)=66.67%
[ 2018-03-19 12:48:32,360][kfold_wrapper.log_eval_metrics] Accuracy(layer_5 - estimator_1 - 5_folds.train_0.predict)=68.38%
[ 2018-03-19 12:48:33,234][kfold_wrapper.log_eval_metrics] Accuracy(layer_5 - estimator_1 - 5_folds.train_1.predict)=69.12%
[ 2018-03-19 12:48:34,105][kfold_wrapper.log_eval_metrics] Accuracy(layer_5 - estimator_1 - 5_folds.train_2.predict)=71.11%
[ 2018-03-19 12:48:34,960][kfold_wrapper.log_eval_metrics] Accuracy(layer_5 - estimator_1 - 5_folds.train_3.predict)=67.91%
[ 2018-03-19 12:48:35,849][kfold_wrapper.log_eval_metrics] Accuracy(layer_5 - estimator_1 - 5_folds.train_4.predict)=70.90%
[ 2018-03-19 12:48:35,849][kfold_wrapper.log_eval_metrics] Accuracy(layer_5 - estimator_1 - 5_folds.train_cv.predict)=69.48%
[ 2018-03-19 12:48:36,746][kfold_wrapper.log_eval_metrics] Accuracy(layer_5 - estimator_2 - 5_folds.train_0.predict)=69.12%
[ 2018-03-19 12:48:37,531][kfold_wrapper.log_eval_metrics] Accuracy(layer_5 - estimator_2 - 5_folds.train_1.predict)=64.71%
[ 2018-03-19 12:48:38,402][kfold_wrapper.log_eval_metrics] Accuracy(layer_5 - estimator_2 - 5_folds.train_2.predict)=66.67%
[ 2018-03-19 12:48:39,161][kfold_wrapper.log_eval_metrics] Accuracy(layer_5 - estimator_2 - 5_folds.train_3.predict)=66.42%
[ 2018-03-19 12:48:39,912][kfold_wrapper.log_eval_metrics] Accuracy(layer_5 - estimator_2 - 5_folds.train_4.predict)=73.88%
[ 2018-03-19 12:48:39,912][kfold_wrapper.log_eval_metrics] Accuracy(layer_5 - estimator_2 - 5_folds.train_cv.predict)=68.15%
[ 2018-03-19 12:48:39,931][kfold_wrapper.log_eval_metrics] Accuracy(layer_5 - estimator_3 - 4_folds.train_0.predict)=76.47%
[ 2018-03-19 12:48:39,944][kfold_wrapper.log_eval_metrics] Accuracy(layer_5 - estimator_3 - 4_folds.train_1.predict)=71.60%
[ 2018-03-19 12:48:39,960][kfold_wrapper.log_eval_metrics] Accuracy(layer_5 - estimator_3 - 4_folds.train_2.predict)=69.05%
[ 2018-03-19 12:48:39,993][kfold_wrapper.log_eval_metrics] Accuracy(layer_5 - estimator_3 - 4_folds.train_3.predict)=67.26%
[ 2018-03-19 12:48:39,993][kfold_wrapper.log_eval_metrics] Accuracy(layer_5 - estimator_3 - 4_folds.train_cv.predict)=71.11%
[ 2018-03-19 12:48:39,993][cascade_classifier.calc_accuracy] Accuracy(layer_5 - train.classifier_average)=70.07%
[ 2018-03-19 12:48:39,994][cascade_classifier.fit_transform] [layer=6] look_indexs=[0], X_cur_train.shape=(675, 428), X_cur_test.shape=(0, 428)
[ 2018-03-19 12:48:40,816][kfold_wrapper.log_eval_metrics] Accuracy(layer_6 - estimator_0 - 5_folds.train_0.predict)=64.71%
[ 2018-03-19 12:48:41,512][kfold_wrapper.log_eval_metrics] Accuracy(layer_6 - estimator_0 - 5_folds.train_1.predict)=66.91%
[ 2018-03-19 12:48:42,242][kfold_wrapper.log_eval_metrics] Accuracy(layer_6 - estimator_0 - 5_folds.train_2.predict)=68.15%
[ 2018-03-19 12:48:43,045][kfold_wrapper.log_eval_metrics] Accuracy(layer_6 - estimator_0 - 5_folds.train_3.predict)=64.93%
[ 2018-03-19 12:48:43,752][kfold_wrapper.log_eval_metrics] Accuracy(layer_6 - estimator_0 - 5_folds.train_4.predict)=66.42%
[ 2018-03-19 12:48:43,753][kfold_wrapper.log_eval_metrics] Accuracy(layer_6 - estimator_0 - 5_folds.train_cv.predict)=66.22%
[ 2018-03-19 12:48:44,585][kfold_wrapper.log_eval_metrics] Accuracy(layer_6 - estimator_1 - 5_folds.train_0.predict)=69.85%
[ 2018-03-19 12:48:45,460][kfold_wrapper.log_eval_metrics] Accuracy(layer_6 - estimator_1 - 5_folds.train_1.predict)=69.12%
[ 2018-03-19 12:48:46,336][kfold_wrapper.log_eval_metrics] Accuracy(layer_6 - estimator_1 - 5_folds.train_2.predict)=68.89%
[ 2018-03-19 12:48:47,248][kfold_wrapper.log_eval_metrics] Accuracy(layer_6 - estimator_1 - 5_folds.train_3.predict)=75.37%
[ 2018-03-19 12:48:48,133][kfold_wrapper.log_eval_metrics] Accuracy(layer_6 - estimator_1 - 5_folds.train_4.predict)=70.15%
[ 2018-03-19 12:48:48,133][kfold_wrapper.log_eval_metrics] Accuracy(layer_6 - estimator_1 - 5_folds.train_cv.predict)=70.67%
[ 2018-03-19 12:48:49,011][kfold_wrapper.log_eval_metrics] Accuracy(layer_6 - estimator_2 - 5_folds.train_0.predict)=70.59%
[ 2018-03-19 12:48:49,919][kfold_wrapper.log_eval_metrics] Accuracy(layer_6 - estimator_2 - 5_folds.train_1.predict)=66.91%
[ 2018-03-19 12:48:50,782][kfold_wrapper.log_eval_metrics] Accuracy(layer_6 - estimator_2 - 5_folds.train_2.predict)=65.19%
[ 2018-03-19 12:48:51,771][kfold_wrapper.log_eval_metrics] Accuracy(layer_6 - estimator_2 - 5_folds.train_3.predict)=67.91%
[ 2018-03-19 12:48:52,520][kfold_wrapper.log_eval_metrics] Accuracy(layer_6 - estimator_2 - 5_folds.train_4.predict)=70.90%
[ 2018-03-19 12:48:52,520][kfold_wrapper.log_eval_metrics] Accuracy(layer_6 - estimator_2 - 5_folds.train_cv.predict)=68.30%
[ 2018-03-19 12:48:52,539][kfold_wrapper.log_eval_metrics] Accuracy(layer_6 - estimator_3 - 4_folds.train_0.predict)=61.76%
[ 2018-03-19 12:48:52,550][kfold_wrapper.log_eval_metrics] Accuracy(layer_6 - estimator_3 - 4_folds.train_1.predict)=60.95%
[ 2018-03-19 12:48:52,564][kfold_wrapper.log_eval_metrics] Accuracy(layer_6 - estimator_3 - 4_folds.train_2.predict)=63.69%
[ 2018-03-19 12:48:52,578][kfold_wrapper.log_eval_metrics] Accuracy(layer_6 - estimator_3 - 4_folds.train_3.predict)=68.45%
[ 2018-03-19 12:48:52,579][kfold_wrapper.log_eval_metrics] Accuracy(layer_6 - estimator_3 - 4_folds.train_cv.predict)=63.70%
[ 2018-03-19 12:48:52,579][cascade_classifier.calc_accuracy] Accuracy(layer_6 - train.classifier_average)=67.85%
[ 2018-03-19 12:48:52,579][cascade_classifier.fit_transform] [Result][Optimal Level Detected] opt_layer_num=4, accuracy_train=70.52%, accuracy_test=0.00%
[ 2018-03-19 12:48:52,597][cascade_classifier.transform] X_groups_test.shape=[(169, 420)]
[ 2018-03-19 12:48:52,598][cascade_classifier.transform] group_dims=[420]
[ 2018-03-19 12:48:52,598][cascade_classifier.transform] X_test.shape=(169, 420)
[ 2018-03-19 12:48:52,598][cascade_classifier.transform] [layer=0] look_indexs=[0], X_cur_test.shape=(169, 420)
[ 2018-03-19 12:48:53,922][cascade_classifier.transform] [layer=1] look_indexs=[0], X_cur_test.shape=(169, 428)
[ 2018-03-19 12:48:55,247][cascade_classifier.transform] [layer=2] look_indexs=[0], X_cur_test.shape=(169, 428)
[ 2018-03-19 12:48:56,571][cascade_classifier.transform] [layer=3] look_indexs=[0], X_cur_test.shape=(169, 428)
