[ 2018-03-19 13:05:21,330][cascade_classifier.fit_transform] X_groups_train.shape=[(675, 420)],y_train.shape=(675,),X_groups_test.shape=no_test,y_test.shape=no_test
[ 2018-03-19 13:05:21,331][cascade_classifier.fit_transform] group_dims=[420]
[ 2018-03-19 13:05:21,331][cascade_classifier.fit_transform] group_starts=[0]
[ 2018-03-19 13:05:21,332][cascade_classifier.fit_transform] group_ends=[420]
[ 2018-03-19 13:05:21,332][cascade_classifier.fit_transform] X_train.shape=(675, 420),X_test.shape=(0, 420)
[ 2018-03-19 13:05:21,333][cascade_classifier.fit_transform] [layer=0] look_indexs=[0], X_cur_train.shape=(675, 420), X_cur_test.shape=(0, 420)
[ 2018-03-19 13:05:21,846][kfold_wrapper.log_eval_metrics] Accuracy(layer_0 - estimator_0 - 5_folds.train_0.predict)=58.82%
[ 2018-03-19 13:05:22,330][kfold_wrapper.log_eval_metrics] Accuracy(layer_0 - estimator_0 - 5_folds.train_1.predict)=66.91%
[ 2018-03-19 13:05:22,798][kfold_wrapper.log_eval_metrics] Accuracy(layer_0 - estimator_0 - 5_folds.train_2.predict)=63.70%
[ 2018-03-19 13:05:23,260][kfold_wrapper.log_eval_metrics] Accuracy(layer_0 - estimator_0 - 5_folds.train_3.predict)=68.66%
[ 2018-03-19 13:05:23,732][kfold_wrapper.log_eval_metrics] Accuracy(layer_0 - estimator_0 - 5_folds.train_4.predict)=64.93%
[ 2018-03-19 13:05:23,732][kfold_wrapper.log_eval_metrics] Accuracy(layer_0 - estimator_0 - 5_folds.train_cv.predict)=64.59%
[ 2018-03-19 13:05:24,143][kfold_wrapper.log_eval_metrics] Accuracy(layer_0 - estimator_1 - 5_folds.train_0.predict)=67.65%
[ 2018-03-19 13:05:24,655][kfold_wrapper.log_eval_metrics] Accuracy(layer_0 - estimator_1 - 5_folds.train_1.predict)=63.97%
[ 2018-03-19 13:05:25,118][kfold_wrapper.log_eval_metrics] Accuracy(layer_0 - estimator_1 - 5_folds.train_2.predict)=63.70%
[ 2018-03-19 13:05:25,548][kfold_wrapper.log_eval_metrics] Accuracy(layer_0 - estimator_1 - 5_folds.train_3.predict)=63.43%
[ 2018-03-19 13:05:25,943][kfold_wrapper.log_eval_metrics] Accuracy(layer_0 - estimator_1 - 5_folds.train_4.predict)=61.19%
[ 2018-03-19 13:05:25,944][kfold_wrapper.log_eval_metrics] Accuracy(layer_0 - estimator_1 - 5_folds.train_cv.predict)=64.00%
[ 2018-03-19 13:05:26,410][kfold_wrapper.log_eval_metrics] Accuracy(layer_0 - estimator_2 - 5_folds.train_0.predict)=64.71%
[ 2018-03-19 13:05:26,794][kfold_wrapper.log_eval_metrics] Accuracy(layer_0 - estimator_2 - 5_folds.train_1.predict)=63.24%
[ 2018-03-19 13:05:27,242][kfold_wrapper.log_eval_metrics] Accuracy(layer_0 - estimator_2 - 5_folds.train_2.predict)=66.67%
[ 2018-03-19 13:05:27,633][kfold_wrapper.log_eval_metrics] Accuracy(layer_0 - estimator_2 - 5_folds.train_3.predict)=64.18%
[ 2018-03-19 13:05:28,035][kfold_wrapper.log_eval_metrics] Accuracy(layer_0 - estimator_2 - 5_folds.train_4.predict)=65.67%
[ 2018-03-19 13:05:28,040][kfold_wrapper.log_eval_metrics] Accuracy(layer_0 - estimator_2 - 5_folds.train_cv.predict)=64.89%
[ 2018-03-19 13:05:28,068][kfold_wrapper.log_eval_metrics] Accuracy(layer_0 - estimator_3 - 4_folds.train_0.predict)=66.86%
[ 2018-03-19 13:05:28,085][kfold_wrapper.log_eval_metrics] Accuracy(layer_0 - estimator_3 - 4_folds.train_1.predict)=60.36%
[ 2018-03-19 13:05:28,105][kfold_wrapper.log_eval_metrics] Accuracy(layer_0 - estimator_3 - 4_folds.train_2.predict)=58.58%
[ 2018-03-19 13:05:28,118][kfold_wrapper.log_eval_metrics] Accuracy(layer_0 - estimator_3 - 4_folds.train_3.predict)=67.26%
[ 2018-03-19 13:05:28,118][kfold_wrapper.log_eval_metrics] Accuracy(layer_0 - estimator_3 - 4_folds.train_cv.predict)=63.26%
[ 2018-03-19 13:05:28,119][cascade_classifier.calc_accuracy] Accuracy(layer_0 - train.classifier_average)=68.30%
[ 2018-03-19 13:05:28,121][cascade_classifier.fit_transform] [layer=1] look_indexs=[0], X_cur_train.shape=(675, 428), X_cur_test.shape=(0, 428)
[ 2018-03-19 13:05:28,788][kfold_wrapper.log_eval_metrics] Accuracy(layer_1 - estimator_0 - 5_folds.train_0.predict)=63.24%
[ 2018-03-19 13:05:29,880][kfold_wrapper.log_eval_metrics] Accuracy(layer_1 - estimator_0 - 5_folds.train_1.predict)=68.38%
[ 2018-03-19 13:05:30,366][kfold_wrapper.log_eval_metrics] Accuracy(layer_1 - estimator_0 - 5_folds.train_2.predict)=60.74%
[ 2018-03-19 13:05:30,885][kfold_wrapper.log_eval_metrics] Accuracy(layer_1 - estimator_0 - 5_folds.train_3.predict)=60.45%
[ 2018-03-19 13:05:31,497][kfold_wrapper.log_eval_metrics] Accuracy(layer_1 - estimator_0 - 5_folds.train_4.predict)=58.96%
[ 2018-03-19 13:05:31,497][kfold_wrapper.log_eval_metrics] Accuracy(layer_1 - estimator_0 - 5_folds.train_cv.predict)=62.37%
[ 2018-03-19 13:05:31,918][kfold_wrapper.log_eval_metrics] Accuracy(layer_1 - estimator_1 - 5_folds.train_0.predict)=67.65%
[ 2018-03-19 13:05:32,367][kfold_wrapper.log_eval_metrics] Accuracy(layer_1 - estimator_1 - 5_folds.train_1.predict)=63.97%
[ 2018-03-19 13:05:32,801][kfold_wrapper.log_eval_metrics] Accuracy(layer_1 - estimator_1 - 5_folds.train_2.predict)=67.41%
[ 2018-03-19 13:05:33,202][kfold_wrapper.log_eval_metrics] Accuracy(layer_1 - estimator_1 - 5_folds.train_3.predict)=62.69%
[ 2018-03-19 13:05:33,622][kfold_wrapper.log_eval_metrics] Accuracy(layer_1 - estimator_1 - 5_folds.train_4.predict)=63.43%
[ 2018-03-19 13:05:33,623][kfold_wrapper.log_eval_metrics] Accuracy(layer_1 - estimator_1 - 5_folds.train_cv.predict)=65.04%
[ 2018-03-19 13:05:34,064][kfold_wrapper.log_eval_metrics] Accuracy(layer_1 - estimator_2 - 5_folds.train_0.predict)=66.18%
[ 2018-03-19 13:05:34,491][kfold_wrapper.log_eval_metrics] Accuracy(layer_1 - estimator_2 - 5_folds.train_1.predict)=63.97%
[ 2018-03-19 13:05:34,894][kfold_wrapper.log_eval_metrics] Accuracy(layer_1 - estimator_2 - 5_folds.train_2.predict)=65.93%
[ 2018-03-19 13:05:35,306][kfold_wrapper.log_eval_metrics] Accuracy(layer_1 - estimator_2 - 5_folds.train_3.predict)=69.40%
[ 2018-03-19 13:05:35,710][kfold_wrapper.log_eval_metrics] Accuracy(layer_1 - estimator_2 - 5_folds.train_4.predict)=64.18%
[ 2018-03-19 13:05:35,710][kfold_wrapper.log_eval_metrics] Accuracy(layer_1 - estimator_2 - 5_folds.train_cv.predict)=65.93%
[ 2018-03-19 13:05:35,774][kfold_wrapper.log_eval_metrics] Accuracy(layer_1 - estimator_3 - 4_folds.train_0.predict)=69.23%
[ 2018-03-19 13:05:35,795][kfold_wrapper.log_eval_metrics] Accuracy(layer_1 - estimator_3 - 4_folds.train_1.predict)=69.82%
[ 2018-03-19 13:05:35,828][kfold_wrapper.log_eval_metrics] Accuracy(layer_1 - estimator_3 - 4_folds.train_2.predict)=73.37%
[ 2018-03-19 13:05:35,854][kfold_wrapper.log_eval_metrics] Accuracy(layer_1 - estimator_3 - 4_folds.train_3.predict)=67.26%
[ 2018-03-19 13:05:35,854][kfold_wrapper.log_eval_metrics] Accuracy(layer_1 - estimator_3 - 4_folds.train_cv.predict)=69.93%
[ 2018-03-19 13:05:35,854][cascade_classifier.calc_accuracy] Accuracy(layer_1 - train.classifier_average)=67.26%
[ 2018-03-19 13:05:35,855][cascade_classifier.fit_transform] [layer=2] look_indexs=[0], X_cur_train.shape=(675, 428), X_cur_test.shape=(0, 428)
[ 2018-03-19 13:05:36,770][kfold_wrapper.log_eval_metrics] Accuracy(layer_2 - estimator_0 - 5_folds.train_0.predict)=64.71%
[ 2018-03-19 13:05:37,255][kfold_wrapper.log_eval_metrics] Accuracy(layer_2 - estimator_0 - 5_folds.train_1.predict)=69.12%
[ 2018-03-19 13:05:37,765][kfold_wrapper.log_eval_metrics] Accuracy(layer_2 - estimator_0 - 5_folds.train_2.predict)=63.70%
[ 2018-03-19 13:05:38,314][kfold_wrapper.log_eval_metrics] Accuracy(layer_2 - estimator_0 - 5_folds.train_3.predict)=66.42%
[ 2018-03-19 13:05:38,816][kfold_wrapper.log_eval_metrics] Accuracy(layer_2 - estimator_0 - 5_folds.train_4.predict)=73.13%
[ 2018-03-19 13:05:38,816][kfold_wrapper.log_eval_metrics] Accuracy(layer_2 - estimator_0 - 5_folds.train_cv.predict)=67.41%
[ 2018-03-19 13:05:39,229][kfold_wrapper.log_eval_metrics] Accuracy(layer_2 - estimator_1 - 5_folds.train_0.predict)=70.59%
[ 2018-03-19 13:05:39,629][kfold_wrapper.log_eval_metrics] Accuracy(layer_2 - estimator_1 - 5_folds.train_1.predict)=64.71%
[ 2018-03-19 13:05:40,064][kfold_wrapper.log_eval_metrics] Accuracy(layer_2 - estimator_1 - 5_folds.train_2.predict)=67.41%
[ 2018-03-19 13:05:40,673][kfold_wrapper.log_eval_metrics] Accuracy(layer_2 - estimator_1 - 5_folds.train_3.predict)=68.66%
[ 2018-03-19 13:05:41,242][kfold_wrapper.log_eval_metrics] Accuracy(layer_2 - estimator_1 - 5_folds.train_4.predict)=68.66%
[ 2018-03-19 13:05:41,242][kfold_wrapper.log_eval_metrics] Accuracy(layer_2 - estimator_1 - 5_folds.train_cv.predict)=68.00%
[ 2018-03-19 13:05:41,673][kfold_wrapper.log_eval_metrics] Accuracy(layer_2 - estimator_2 - 5_folds.train_0.predict)=69.85%
[ 2018-03-19 13:05:42,073][kfold_wrapper.log_eval_metrics] Accuracy(layer_2 - estimator_2 - 5_folds.train_1.predict)=64.71%
[ 2018-03-19 13:05:42,523][kfold_wrapper.log_eval_metrics] Accuracy(layer_2 - estimator_2 - 5_folds.train_2.predict)=63.70%
[ 2018-03-19 13:05:42,966][kfold_wrapper.log_eval_metrics] Accuracy(layer_2 - estimator_2 - 5_folds.train_3.predict)=65.67%
[ 2018-03-19 13:05:43,374][kfold_wrapper.log_eval_metrics] Accuracy(layer_2 - estimator_2 - 5_folds.train_4.predict)=65.67%
[ 2018-03-19 13:05:43,375][kfold_wrapper.log_eval_metrics] Accuracy(layer_2 - estimator_2 - 5_folds.train_cv.predict)=65.93%
[ 2018-03-19 13:05:43,393][kfold_wrapper.log_eval_metrics] Accuracy(layer_2 - estimator_3 - 4_folds.train_0.predict)=64.50%
[ 2018-03-19 13:05:43,409][kfold_wrapper.log_eval_metrics] Accuracy(layer_2 - estimator_3 - 4_folds.train_1.predict)=59.76%
[ 2018-03-19 13:05:43,421][kfold_wrapper.log_eval_metrics] Accuracy(layer_2 - estimator_3 - 4_folds.train_2.predict)=65.09%
[ 2018-03-19 13:05:43,433][kfold_wrapper.log_eval_metrics] Accuracy(layer_2 - estimator_3 - 4_folds.train_3.predict)=61.31%
[ 2018-03-19 13:05:43,433][kfold_wrapper.log_eval_metrics] Accuracy(layer_2 - estimator_3 - 4_folds.train_cv.predict)=62.67%
[ 2018-03-19 13:05:43,434][cascade_classifier.calc_accuracy] Accuracy(layer_2 - train.classifier_average)=67.85%
[ 2018-03-19 13:05:43,435][cascade_classifier.fit_transform] [layer=3] look_indexs=[0], X_cur_train.shape=(675, 428), X_cur_test.shape=(0, 428)
[ 2018-03-19 13:05:43,965][kfold_wrapper.log_eval_metrics] Accuracy(layer_3 - estimator_0 - 5_folds.train_0.predict)=66.18%
[ 2018-03-19 13:05:44,458][kfold_wrapper.log_eval_metrics] Accuracy(layer_3 - estimator_0 - 5_folds.train_1.predict)=65.44%
[ 2018-03-19 13:05:44,960][kfold_wrapper.log_eval_metrics] Accuracy(layer_3 - estimator_0 - 5_folds.train_2.predict)=68.89%
[ 2018-03-19 13:05:45,480][kfold_wrapper.log_eval_metrics] Accuracy(layer_3 - estimator_0 - 5_folds.train_3.predict)=73.88%
[ 2018-03-19 13:05:46,198][kfold_wrapper.log_eval_metrics] Accuracy(layer_3 - estimator_0 - 5_folds.train_4.predict)=72.39%
[ 2018-03-19 13:05:46,198][kfold_wrapper.log_eval_metrics] Accuracy(layer_3 - estimator_0 - 5_folds.train_cv.predict)=69.33%
[ 2018-03-19 13:05:46,676][kfold_wrapper.log_eval_metrics] Accuracy(layer_3 - estimator_1 - 5_folds.train_0.predict)=68.38%
[ 2018-03-19 13:05:47,083][kfold_wrapper.log_eval_metrics] Accuracy(layer_3 - estimator_1 - 5_folds.train_1.predict)=60.29%
[ 2018-03-19 13:05:47,497][kfold_wrapper.log_eval_metrics] Accuracy(layer_3 - estimator_1 - 5_folds.train_2.predict)=65.93%
[ 2018-03-19 13:05:47,923][kfold_wrapper.log_eval_metrics] Accuracy(layer_3 - estimator_1 - 5_folds.train_3.predict)=74.63%
[ 2018-03-19 13:05:48,356][kfold_wrapper.log_eval_metrics] Accuracy(layer_3 - estimator_1 - 5_folds.train_4.predict)=67.16%
[ 2018-03-19 13:05:48,357][kfold_wrapper.log_eval_metrics] Accuracy(layer_3 - estimator_1 - 5_folds.train_cv.predict)=67.26%
[ 2018-03-19 13:05:48,783][kfold_wrapper.log_eval_metrics] Accuracy(layer_3 - estimator_2 - 5_folds.train_0.predict)=63.97%
[ 2018-03-19 13:05:49,183][kfold_wrapper.log_eval_metrics] Accuracy(layer_3 - estimator_2 - 5_folds.train_1.predict)=70.59%
[ 2018-03-19 13:05:49,580][kfold_wrapper.log_eval_metrics] Accuracy(layer_3 - estimator_2 - 5_folds.train_2.predict)=66.67%
[ 2018-03-19 13:05:50,005][kfold_wrapper.log_eval_metrics] Accuracy(layer_3 - estimator_2 - 5_folds.train_3.predict)=67.16%
[ 2018-03-19 13:05:50,432][kfold_wrapper.log_eval_metrics] Accuracy(layer_3 - estimator_2 - 5_folds.train_4.predict)=70.90%
[ 2018-03-19 13:05:50,433][kfold_wrapper.log_eval_metrics] Accuracy(layer_3 - estimator_2 - 5_folds.train_cv.predict)=67.85%
[ 2018-03-19 13:05:50,452][kfold_wrapper.log_eval_metrics] Accuracy(layer_3 - estimator_3 - 4_folds.train_0.predict)=70.41%
[ 2018-03-19 13:05:50,466][kfold_wrapper.log_eval_metrics] Accuracy(layer_3 - estimator_3 - 4_folds.train_1.predict)=71.60%
[ 2018-03-19 13:05:50,480][kfold_wrapper.log_eval_metrics] Accuracy(layer_3 - estimator_3 - 4_folds.train_2.predict)=69.82%
[ 2018-03-19 13:05:50,492][kfold_wrapper.log_eval_metrics] Accuracy(layer_3 - estimator_3 - 4_folds.train_3.predict)=66.67%
[ 2018-03-19 13:05:50,493][kfold_wrapper.log_eval_metrics] Accuracy(layer_3 - estimator_3 - 4_folds.train_cv.predict)=69.63%
[ 2018-03-19 13:05:50,493][cascade_classifier.calc_accuracy] Accuracy(layer_3 - train.classifier_average)=70.67%
[ 2018-03-19 13:05:50,494][cascade_classifier.fit_transform] [layer=4] look_indexs=[0], X_cur_train.shape=(675, 428), X_cur_test.shape=(0, 428)
[ 2018-03-19 13:05:50,975][kfold_wrapper.log_eval_metrics] Accuracy(layer_4 - estimator_0 - 5_folds.train_0.predict)=65.44%
[ 2018-03-19 13:05:51,491][kfold_wrapper.log_eval_metrics] Accuracy(layer_4 - estimator_0 - 5_folds.train_1.predict)=69.85%
[ 2018-03-19 13:05:52,013][kfold_wrapper.log_eval_metrics] Accuracy(layer_4 - estimator_0 - 5_folds.train_2.predict)=65.19%
[ 2018-03-19 13:05:52,497][kfold_wrapper.log_eval_metrics] Accuracy(layer_4 - estimator_0 - 5_folds.train_3.predict)=68.66%
[ 2018-03-19 13:05:52,969][kfold_wrapper.log_eval_metrics] Accuracy(layer_4 - estimator_0 - 5_folds.train_4.predict)=70.15%
[ 2018-03-19 13:05:52,969][kfold_wrapper.log_eval_metrics] Accuracy(layer_4 - estimator_0 - 5_folds.train_cv.predict)=67.85%
[ 2018-03-19 13:05:53,358][kfold_wrapper.log_eval_metrics] Accuracy(layer_4 - estimator_1 - 5_folds.train_0.predict)=66.18%
[ 2018-03-19 13:05:53,790][kfold_wrapper.log_eval_metrics] Accuracy(layer_4 - estimator_1 - 5_folds.train_1.predict)=66.91%
[ 2018-03-19 13:05:54,194][kfold_wrapper.log_eval_metrics] Accuracy(layer_4 - estimator_1 - 5_folds.train_2.predict)=65.19%
[ 2018-03-19 13:05:54,595][kfold_wrapper.log_eval_metrics] Accuracy(layer_4 - estimator_1 - 5_folds.train_3.predict)=68.66%
[ 2018-03-19 13:05:55,044][kfold_wrapper.log_eval_metrics] Accuracy(layer_4 - estimator_1 - 5_folds.train_4.predict)=66.42%
[ 2018-03-19 13:05:55,044][kfold_wrapper.log_eval_metrics] Accuracy(layer_4 - estimator_1 - 5_folds.train_cv.predict)=66.67%
[ 2018-03-19 13:05:55,437][kfold_wrapper.log_eval_metrics] Accuracy(layer_4 - estimator_2 - 5_folds.train_0.predict)=68.38%
[ 2018-03-19 13:05:55,847][kfold_wrapper.log_eval_metrics] Accuracy(layer_4 - estimator_2 - 5_folds.train_1.predict)=69.12%
[ 2018-03-19 13:05:56,281][kfold_wrapper.log_eval_metrics] Accuracy(layer_4 - estimator_2 - 5_folds.train_2.predict)=71.85%
[ 2018-03-19 13:05:56,695][kfold_wrapper.log_eval_metrics] Accuracy(layer_4 - estimator_2 - 5_folds.train_3.predict)=64.93%
[ 2018-03-19 13:05:57,101][kfold_wrapper.log_eval_metrics] Accuracy(layer_4 - estimator_2 - 5_folds.train_4.predict)=65.67%
[ 2018-03-19 13:05:57,101][kfold_wrapper.log_eval_metrics] Accuracy(layer_4 - estimator_2 - 5_folds.train_cv.predict)=68.00%
[ 2018-03-19 13:05:57,120][kfold_wrapper.log_eval_metrics] Accuracy(layer_4 - estimator_3 - 4_folds.train_0.predict)=63.91%
[ 2018-03-19 13:05:57,137][kfold_wrapper.log_eval_metrics] Accuracy(layer_4 - estimator_3 - 4_folds.train_1.predict)=62.13%
[ 2018-03-19 13:05:57,150][kfold_wrapper.log_eval_metrics] Accuracy(layer_4 - estimator_3 - 4_folds.train_2.predict)=59.76%
[ 2018-03-19 13:05:57,163][kfold_wrapper.log_eval_metrics] Accuracy(layer_4 - estimator_3 - 4_folds.train_3.predict)=60.12%
[ 2018-03-19 13:05:57,163][kfold_wrapper.log_eval_metrics] Accuracy(layer_4 - estimator_3 - 4_folds.train_cv.predict)=61.48%
[ 2018-03-19 13:05:57,163][cascade_classifier.calc_accuracy] Accuracy(layer_4 - train.classifier_average)=68.00%
[ 2018-03-19 13:05:57,164][cascade_classifier.fit_transform] [layer=5] look_indexs=[0], X_cur_train.shape=(675, 428), X_cur_test.shape=(0, 428)
[ 2018-03-19 13:05:57,680][kfold_wrapper.log_eval_metrics] Accuracy(layer_5 - estimator_0 - 5_folds.train_0.predict)=70.59%
[ 2018-03-19 13:05:58,166][kfold_wrapper.log_eval_metrics] Accuracy(layer_5 - estimator_0 - 5_folds.train_1.predict)=64.71%
[ 2018-03-19 13:05:58,731][kfold_wrapper.log_eval_metrics] Accuracy(layer_5 - estimator_0 - 5_folds.train_2.predict)=70.37%
[ 2018-03-19 13:05:59,245][kfold_wrapper.log_eval_metrics] Accuracy(layer_5 - estimator_0 - 5_folds.train_3.predict)=68.66%
[ 2018-03-19 13:05:59,844][kfold_wrapper.log_eval_metrics] Accuracy(layer_5 - estimator_0 - 5_folds.train_4.predict)=64.93%
[ 2018-03-19 13:05:59,845][kfold_wrapper.log_eval_metrics] Accuracy(layer_5 - estimator_0 - 5_folds.train_cv.predict)=67.85%
[ 2018-03-19 13:06:00,236][kfold_wrapper.log_eval_metrics] Accuracy(layer_5 - estimator_1 - 5_folds.train_0.predict)=70.59%
[ 2018-03-19 13:06:00,670][kfold_wrapper.log_eval_metrics] Accuracy(layer_5 - estimator_1 - 5_folds.train_1.predict)=69.12%
[ 2018-03-19 13:06:01,103][kfold_wrapper.log_eval_metrics] Accuracy(layer_5 - estimator_1 - 5_folds.train_2.predict)=69.63%
[ 2018-03-19 13:06:01,540][kfold_wrapper.log_eval_metrics] Accuracy(layer_5 - estimator_1 - 5_folds.train_3.predict)=67.16%
[ 2018-03-19 13:06:01,979][kfold_wrapper.log_eval_metrics] Accuracy(layer_5 - estimator_1 - 5_folds.train_4.predict)=63.43%
[ 2018-03-19 13:06:01,979][kfold_wrapper.log_eval_metrics] Accuracy(layer_5 - estimator_1 - 5_folds.train_cv.predict)=68.00%
[ 2018-03-19 13:06:02,420][kfold_wrapper.log_eval_metrics] Accuracy(layer_5 - estimator_2 - 5_folds.train_0.predict)=72.06%
[ 2018-03-19 13:06:02,811][kfold_wrapper.log_eval_metrics] Accuracy(layer_5 - estimator_2 - 5_folds.train_1.predict)=69.85%
[ 2018-03-19 13:06:03,214][kfold_wrapper.log_eval_metrics] Accuracy(layer_5 - estimator_2 - 5_folds.train_2.predict)=65.93%
[ 2018-03-19 13:06:03,647][kfold_wrapper.log_eval_metrics] Accuracy(layer_5 - estimator_2 - 5_folds.train_3.predict)=67.91%
[ 2018-03-19 13:06:04,039][kfold_wrapper.log_eval_metrics] Accuracy(layer_5 - estimator_2 - 5_folds.train_4.predict)=64.93%
[ 2018-03-19 13:06:04,040][kfold_wrapper.log_eval_metrics] Accuracy(layer_5 - estimator_2 - 5_folds.train_cv.predict)=68.15%
[ 2018-03-19 13:06:04,054][kfold_wrapper.log_eval_metrics] Accuracy(layer_5 - estimator_3 - 4_folds.train_0.predict)=64.50%
[ 2018-03-19 13:06:04,066][kfold_wrapper.log_eval_metrics] Accuracy(layer_5 - estimator_3 - 4_folds.train_1.predict)=71.01%
[ 2018-03-19 13:06:04,077][kfold_wrapper.log_eval_metrics] Accuracy(layer_5 - estimator_3 - 4_folds.train_2.predict)=72.19%
[ 2018-03-19 13:06:04,088][kfold_wrapper.log_eval_metrics] Accuracy(layer_5 - estimator_3 - 4_folds.train_3.predict)=72.62%
[ 2018-03-19 13:06:04,088][kfold_wrapper.log_eval_metrics] Accuracy(layer_5 - estimator_3 - 4_folds.train_cv.predict)=70.07%
[ 2018-03-19 13:06:04,088][cascade_classifier.calc_accuracy] Accuracy(layer_5 - train.classifier_average)=69.19%
[ 2018-03-19 13:06:04,089][cascade_classifier.fit_transform] [layer=6] look_indexs=[0], X_cur_train.shape=(675, 428), X_cur_test.shape=(0, 428)
[ 2018-03-19 13:06:04,614][kfold_wrapper.log_eval_metrics] Accuracy(layer_6 - estimator_0 - 5_folds.train_0.predict)=70.59%
[ 2018-03-19 13:06:05,134][kfold_wrapper.log_eval_metrics] Accuracy(layer_6 - estimator_0 - 5_folds.train_1.predict)=65.44%
[ 2018-03-19 13:06:05,623][kfold_wrapper.log_eval_metrics] Accuracy(layer_6 - estimator_0 - 5_folds.train_2.predict)=68.15%
[ 2018-03-19 13:06:06,141][kfold_wrapper.log_eval_metrics] Accuracy(layer_6 - estimator_0 - 5_folds.train_3.predict)=72.39%
[ 2018-03-19 13:06:06,650][kfold_wrapper.log_eval_metrics] Accuracy(layer_6 - estimator_0 - 5_folds.train_4.predict)=65.67%
[ 2018-03-19 13:06:06,650][kfold_wrapper.log_eval_metrics] Accuracy(layer_6 - estimator_0 - 5_folds.train_cv.predict)=68.44%
[ 2018-03-19 13:06:07,071][kfold_wrapper.log_eval_metrics] Accuracy(layer_6 - estimator_1 - 5_folds.train_0.predict)=66.91%
[ 2018-03-19 13:06:07,475][kfold_wrapper.log_eval_metrics] Accuracy(layer_6 - estimator_1 - 5_folds.train_1.predict)=66.91%
[ 2018-03-19 13:06:07,902][kfold_wrapper.log_eval_metrics] Accuracy(layer_6 - estimator_1 - 5_folds.train_2.predict)=63.70%
[ 2018-03-19 13:06:08,317][kfold_wrapper.log_eval_metrics] Accuracy(layer_6 - estimator_1 - 5_folds.train_3.predict)=71.64%
[ 2018-03-19 13:06:08,727][kfold_wrapper.log_eval_metrics] Accuracy(layer_6 - estimator_1 - 5_folds.train_4.predict)=73.13%
[ 2018-03-19 13:06:08,727][kfold_wrapper.log_eval_metrics] Accuracy(layer_6 - estimator_1 - 5_folds.train_cv.predict)=68.44%
[ 2018-03-19 13:06:09,152][kfold_wrapper.log_eval_metrics] Accuracy(layer_6 - estimator_2 - 5_folds.train_0.predict)=72.06%
[ 2018-03-19 13:06:09,586][kfold_wrapper.log_eval_metrics] Accuracy(layer_6 - estimator_2 - 5_folds.train_1.predict)=64.71%
[ 2018-03-19 13:06:10,016][kfold_wrapper.log_eval_metrics] Accuracy(layer_6 - estimator_2 - 5_folds.train_2.predict)=68.15%
[ 2018-03-19 13:06:10,579][kfold_wrapper.log_eval_metrics] Accuracy(layer_6 - estimator_2 - 5_folds.train_3.predict)=67.91%
[ 2018-03-19 13:06:11,238][kfold_wrapper.log_eval_metrics] Accuracy(layer_6 - estimator_2 - 5_folds.train_4.predict)=67.91%
[ 2018-03-19 13:06:11,246][kfold_wrapper.log_eval_metrics] Accuracy(layer_6 - estimator_2 - 5_folds.train_cv.predict)=68.15%
[ 2018-03-19 13:06:11,262][kfold_wrapper.log_eval_metrics] Accuracy(layer_6 - estimator_3 - 4_folds.train_0.predict)=67.46%
[ 2018-03-19 13:06:11,275][kfold_wrapper.log_eval_metrics] Accuracy(layer_6 - estimator_3 - 4_folds.train_1.predict)=65.68%
[ 2018-03-19 13:06:11,289][kfold_wrapper.log_eval_metrics] Accuracy(layer_6 - estimator_3 - 4_folds.train_2.predict)=61.54%
[ 2018-03-19 13:06:11,301][kfold_wrapper.log_eval_metrics] Accuracy(layer_6 - estimator_3 - 4_folds.train_3.predict)=66.07%
[ 2018-03-19 13:06:11,301][kfold_wrapper.log_eval_metrics] Accuracy(layer_6 - estimator_3 - 4_folds.train_cv.predict)=65.19%
[ 2018-03-19 13:06:11,301][cascade_classifier.calc_accuracy] Accuracy(layer_6 - train.classifier_average)=68.59%
[ 2018-03-19 13:06:11,301][cascade_classifier.fit_transform] [Result][Optimal Level Detected] opt_layer_num=4, accuracy_train=70.67%, accuracy_test=0.00%
[ 2018-03-19 13:06:11,313][cascade_classifier.transform] X_groups_test.shape=[(169, 420)]
[ 2018-03-19 13:06:11,314][cascade_classifier.transform] group_dims=[420]
[ 2018-03-19 13:06:11,314][cascade_classifier.transform] X_test.shape=(169, 420)
[ 2018-03-19 13:06:11,314][cascade_classifier.transform] [layer=0] look_indexs=[0], X_cur_test.shape=(169, 420)
[ 2018-03-19 13:06:12,799][cascade_classifier.transform] [layer=1] look_indexs=[0], X_cur_test.shape=(169, 428)
[ 2018-03-19 13:06:14,349][cascade_classifier.transform] [layer=2] look_indexs=[0], X_cur_test.shape=(169, 428)
[ 2018-03-19 13:06:15,921][cascade_classifier.transform] [layer=3] look_indexs=[0], X_cur_test.shape=(169, 428)
