[ 2018-03-19 12:50:43,961][cascade_classifier.fit_transform] X_groups_train.shape=[(675, 420)],y_train.shape=(675,),X_groups_test.shape=no_test,y_test.shape=no_test
[ 2018-03-19 12:50:43,963][cascade_classifier.fit_transform] group_dims=[420]
[ 2018-03-19 12:50:43,963][cascade_classifier.fit_transform] group_starts=[0]
[ 2018-03-19 12:50:43,963][cascade_classifier.fit_transform] group_ends=[420]
[ 2018-03-19 12:50:43,963][cascade_classifier.fit_transform] X_train.shape=(675, 420),X_test.shape=(0, 420)
[ 2018-03-19 12:50:43,965][cascade_classifier.fit_transform] [layer=0] look_indexs=[0], X_cur_train.shape=(675, 420), X_cur_test.shape=(0, 420)
[ 2018-03-19 12:50:44,674][kfold_wrapper.log_eval_metrics] Accuracy(layer_0 - estimator_0 - 5_folds.train_0.predict)=62.96%
[ 2018-03-19 12:50:45,387][kfold_wrapper.log_eval_metrics] Accuracy(layer_0 - estimator_0 - 5_folds.train_1.predict)=66.67%
[ 2018-03-19 12:50:46,088][kfold_wrapper.log_eval_metrics] Accuracy(layer_0 - estimator_0 - 5_folds.train_2.predict)=70.37%
[ 2018-03-19 12:50:46,838][kfold_wrapper.log_eval_metrics] Accuracy(layer_0 - estimator_0 - 5_folds.train_3.predict)=65.93%
[ 2018-03-19 12:50:47,559][kfold_wrapper.log_eval_metrics] Accuracy(layer_0 - estimator_0 - 5_folds.train_4.predict)=67.41%
[ 2018-03-19 12:50:47,559][kfold_wrapper.log_eval_metrics] Accuracy(layer_0 - estimator_0 - 5_folds.train_cv.predict)=66.67%
[ 2018-03-19 12:50:48,468][kfold_wrapper.log_eval_metrics] Accuracy(layer_0 - estimator_1 - 5_folds.train_0.predict)=65.19%
[ 2018-03-19 12:50:49,336][kfold_wrapper.log_eval_metrics] Accuracy(layer_0 - estimator_1 - 5_folds.train_1.predict)=66.67%
[ 2018-03-19 12:50:50,208][kfold_wrapper.log_eval_metrics] Accuracy(layer_0 - estimator_1 - 5_folds.train_2.predict)=65.93%
[ 2018-03-19 12:50:51,236][kfold_wrapper.log_eval_metrics] Accuracy(layer_0 - estimator_1 - 5_folds.train_3.predict)=65.93%
[ 2018-03-19 12:50:52,136][kfold_wrapper.log_eval_metrics] Accuracy(layer_0 - estimator_1 - 5_folds.train_4.predict)=65.93%
[ 2018-03-19 12:50:52,136][kfold_wrapper.log_eval_metrics] Accuracy(layer_0 - estimator_1 - 5_folds.train_cv.predict)=65.93%
[ 2018-03-19 12:50:52,974][kfold_wrapper.log_eval_metrics] Accuracy(layer_0 - estimator_2 - 5_folds.train_0.predict)=67.41%
[ 2018-03-19 12:50:53,903][kfold_wrapper.log_eval_metrics] Accuracy(layer_0 - estimator_2 - 5_folds.train_1.predict)=67.41%
[ 2018-03-19 12:50:54,774][kfold_wrapper.log_eval_metrics] Accuracy(layer_0 - estimator_2 - 5_folds.train_2.predict)=68.89%
[ 2018-03-19 12:50:55,514][kfold_wrapper.log_eval_metrics] Accuracy(layer_0 - estimator_2 - 5_folds.train_3.predict)=65.19%
[ 2018-03-19 12:50:56,410][kfold_wrapper.log_eval_metrics] Accuracy(layer_0 - estimator_2 - 5_folds.train_4.predict)=66.67%
[ 2018-03-19 12:50:56,411][kfold_wrapper.log_eval_metrics] Accuracy(layer_0 - estimator_2 - 5_folds.train_cv.predict)=67.11%
[ 2018-03-19 12:50:56,427][kfold_wrapper.log_eval_metrics] Accuracy(layer_0 - estimator_3 - 4_folds.train_0.predict)=68.82%
[ 2018-03-19 12:50:56,439][kfold_wrapper.log_eval_metrics] Accuracy(layer_0 - estimator_3 - 4_folds.train_1.predict)=64.50%
[ 2018-03-19 12:50:56,451][kfold_wrapper.log_eval_metrics] Accuracy(layer_0 - estimator_3 - 4_folds.train_2.predict)=58.33%
[ 2018-03-19 12:50:56,463][kfold_wrapper.log_eval_metrics] Accuracy(layer_0 - estimator_3 - 4_folds.train_3.predict)=67.86%
[ 2018-03-19 12:50:56,463][kfold_wrapper.log_eval_metrics] Accuracy(layer_0 - estimator_3 - 4_folds.train_cv.predict)=64.89%
[ 2018-03-19 12:50:56,463][cascade_classifier.calc_accuracy] Accuracy(layer_0 - train.classifier_average)=68.30%
[ 2018-03-19 12:50:56,464][cascade_classifier.fit_transform] [layer=1] look_indexs=[0], X_cur_train.shape=(675, 428), X_cur_test.shape=(0, 428)
[ 2018-03-19 12:50:57,221][kfold_wrapper.log_eval_metrics] Accuracy(layer_1 - estimator_0 - 5_folds.train_0.predict)=62.22%
[ 2018-03-19 12:50:57,881][kfold_wrapper.log_eval_metrics] Accuracy(layer_1 - estimator_0 - 5_folds.train_1.predict)=68.15%
[ 2018-03-19 12:50:58,568][kfold_wrapper.log_eval_metrics] Accuracy(layer_1 - estimator_0 - 5_folds.train_2.predict)=62.96%
[ 2018-03-19 12:50:59,244][kfold_wrapper.log_eval_metrics] Accuracy(layer_1 - estimator_0 - 5_folds.train_3.predict)=61.48%
[ 2018-03-19 12:50:59,921][kfold_wrapper.log_eval_metrics] Accuracy(layer_1 - estimator_0 - 5_folds.train_4.predict)=65.19%
[ 2018-03-19 12:50:59,922][kfold_wrapper.log_eval_metrics] Accuracy(layer_1 - estimator_0 - 5_folds.train_cv.predict)=64.00%
[ 2018-03-19 12:51:00,633][kfold_wrapper.log_eval_metrics] Accuracy(layer_1 - estimator_1 - 5_folds.train_0.predict)=69.63%
[ 2018-03-19 12:51:01,353][kfold_wrapper.log_eval_metrics] Accuracy(layer_1 - estimator_1 - 5_folds.train_1.predict)=71.11%
[ 2018-03-19 12:51:02,066][kfold_wrapper.log_eval_metrics] Accuracy(layer_1 - estimator_1 - 5_folds.train_2.predict)=65.93%
[ 2018-03-19 12:51:02,792][kfold_wrapper.log_eval_metrics] Accuracy(layer_1 - estimator_1 - 5_folds.train_3.predict)=67.41%
[ 2018-03-19 12:51:03,504][kfold_wrapper.log_eval_metrics] Accuracy(layer_1 - estimator_1 - 5_folds.train_4.predict)=65.19%
[ 2018-03-19 12:51:03,505][kfold_wrapper.log_eval_metrics] Accuracy(layer_1 - estimator_1 - 5_folds.train_cv.predict)=67.85%
[ 2018-03-19 12:51:04,220][kfold_wrapper.log_eval_metrics] Accuracy(layer_1 - estimator_2 - 5_folds.train_0.predict)=68.15%
[ 2018-03-19 12:51:05,070][kfold_wrapper.log_eval_metrics] Accuracy(layer_1 - estimator_2 - 5_folds.train_1.predict)=66.67%
[ 2018-03-19 12:51:05,799][kfold_wrapper.log_eval_metrics] Accuracy(layer_1 - estimator_2 - 5_folds.train_2.predict)=68.89%
[ 2018-03-19 12:51:06,529][kfold_wrapper.log_eval_metrics] Accuracy(layer_1 - estimator_2 - 5_folds.train_3.predict)=70.37%
[ 2018-03-19 12:51:07,244][kfold_wrapper.log_eval_metrics] Accuracy(layer_1 - estimator_2 - 5_folds.train_4.predict)=66.67%
[ 2018-03-19 12:51:07,245][kfold_wrapper.log_eval_metrics] Accuracy(layer_1 - estimator_2 - 5_folds.train_cv.predict)=68.15%
[ 2018-03-19 12:51:07,262][kfold_wrapper.log_eval_metrics] Accuracy(layer_1 - estimator_3 - 4_folds.train_0.predict)=71.76%
[ 2018-03-19 12:51:07,274][kfold_wrapper.log_eval_metrics] Accuracy(layer_1 - estimator_3 - 4_folds.train_1.predict)=71.01%
[ 2018-03-19 12:51:07,286][kfold_wrapper.log_eval_metrics] Accuracy(layer_1 - estimator_3 - 4_folds.train_2.predict)=68.45%
[ 2018-03-19 12:51:07,297][kfold_wrapper.log_eval_metrics] Accuracy(layer_1 - estimator_3 - 4_folds.train_3.predict)=70.24%
[ 2018-03-19 12:51:07,298][kfold_wrapper.log_eval_metrics] Accuracy(layer_1 - estimator_3 - 4_folds.train_cv.predict)=70.37%
[ 2018-03-19 12:51:07,298][cascade_classifier.calc_accuracy] Accuracy(layer_1 - train.classifier_average)=70.07%
[ 2018-03-19 12:51:07,299][cascade_classifier.fit_transform] [layer=2] look_indexs=[0], X_cur_train.shape=(675, 428), X_cur_test.shape=(0, 428)
[ 2018-03-19 12:51:07,980][kfold_wrapper.log_eval_metrics] Accuracy(layer_2 - estimator_0 - 5_folds.train_0.predict)=65.93%
[ 2018-03-19 12:51:08,646][kfold_wrapper.log_eval_metrics] Accuracy(layer_2 - estimator_0 - 5_folds.train_1.predict)=71.85%
[ 2018-03-19 12:51:09,316][kfold_wrapper.log_eval_metrics] Accuracy(layer_2 - estimator_0 - 5_folds.train_2.predict)=68.15%
[ 2018-03-19 12:51:10,015][kfold_wrapper.log_eval_metrics] Accuracy(layer_2 - estimator_0 - 5_folds.train_3.predict)=72.59%
[ 2018-03-19 12:51:10,696][kfold_wrapper.log_eval_metrics] Accuracy(layer_2 - estimator_0 - 5_folds.train_4.predict)=71.85%
[ 2018-03-19 12:51:10,698][kfold_wrapper.log_eval_metrics] Accuracy(layer_2 - estimator_0 - 5_folds.train_cv.predict)=70.07%
[ 2018-03-19 12:51:11,418][kfold_wrapper.log_eval_metrics] Accuracy(layer_2 - estimator_1 - 5_folds.train_0.predict)=71.11%
[ 2018-03-19 12:51:12,247][kfold_wrapper.log_eval_metrics] Accuracy(layer_2 - estimator_1 - 5_folds.train_1.predict)=67.41%
[ 2018-03-19 12:51:12,966][kfold_wrapper.log_eval_metrics] Accuracy(layer_2 - estimator_1 - 5_folds.train_2.predict)=71.85%
[ 2018-03-19 12:51:13,716][kfold_wrapper.log_eval_metrics] Accuracy(layer_2 - estimator_1 - 5_folds.train_3.predict)=70.37%
[ 2018-03-19 12:51:14,558][kfold_wrapper.log_eval_metrics] Accuracy(layer_2 - estimator_1 - 5_folds.train_4.predict)=65.19%
[ 2018-03-19 12:51:14,559][kfold_wrapper.log_eval_metrics] Accuracy(layer_2 - estimator_1 - 5_folds.train_cv.predict)=69.19%
[ 2018-03-19 12:51:15,281][kfold_wrapper.log_eval_metrics] Accuracy(layer_2 - estimator_2 - 5_folds.train_0.predict)=72.59%
[ 2018-03-19 12:51:16,023][kfold_wrapper.log_eval_metrics] Accuracy(layer_2 - estimator_2 - 5_folds.train_1.predict)=69.63%
[ 2018-03-19 12:51:16,744][kfold_wrapper.log_eval_metrics] Accuracy(layer_2 - estimator_2 - 5_folds.train_2.predict)=70.37%
[ 2018-03-19 12:51:17,463][kfold_wrapper.log_eval_metrics] Accuracy(layer_2 - estimator_2 - 5_folds.train_3.predict)=67.41%
[ 2018-03-19 12:51:18,174][kfold_wrapper.log_eval_metrics] Accuracy(layer_2 - estimator_2 - 5_folds.train_4.predict)=68.15%
[ 2018-03-19 12:51:18,174][kfold_wrapper.log_eval_metrics] Accuracy(layer_2 - estimator_2 - 5_folds.train_cv.predict)=69.63%
[ 2018-03-19 12:51:18,190][kfold_wrapper.log_eval_metrics] Accuracy(layer_2 - estimator_3 - 4_folds.train_0.predict)=61.18%
[ 2018-03-19 12:51:18,204][kfold_wrapper.log_eval_metrics] Accuracy(layer_2 - estimator_3 - 4_folds.train_1.predict)=63.31%
[ 2018-03-19 12:51:18,217][kfold_wrapper.log_eval_metrics] Accuracy(layer_2 - estimator_3 - 4_folds.train_2.predict)=66.67%
[ 2018-03-19 12:51:18,233][kfold_wrapper.log_eval_metrics] Accuracy(layer_2 - estimator_3 - 4_folds.train_3.predict)=69.05%
[ 2018-03-19 12:51:18,233][kfold_wrapper.log_eval_metrics] Accuracy(layer_2 - estimator_3 - 4_folds.train_cv.predict)=65.04%
[ 2018-03-19 12:51:18,233][cascade_classifier.calc_accuracy] Accuracy(layer_2 - train.classifier_average)=69.33%
[ 2018-03-19 12:51:18,234][cascade_classifier.fit_transform] [layer=3] look_indexs=[0], X_cur_train.shape=(675, 428), X_cur_test.shape=(0, 428)
[ 2018-03-19 12:51:18,951][kfold_wrapper.log_eval_metrics] Accuracy(layer_3 - estimator_0 - 5_folds.train_0.predict)=62.22%
[ 2018-03-19 12:51:19,621][kfold_wrapper.log_eval_metrics] Accuracy(layer_3 - estimator_0 - 5_folds.train_1.predict)=71.11%
[ 2018-03-19 12:51:20,316][kfold_wrapper.log_eval_metrics] Accuracy(layer_3 - estimator_0 - 5_folds.train_2.predict)=70.37%
[ 2018-03-19 12:51:21,030][kfold_wrapper.log_eval_metrics] Accuracy(layer_3 - estimator_0 - 5_folds.train_3.predict)=68.89%
[ 2018-03-19 12:51:21,750][kfold_wrapper.log_eval_metrics] Accuracy(layer_3 - estimator_0 - 5_folds.train_4.predict)=61.48%
[ 2018-03-19 12:51:21,750][kfold_wrapper.log_eval_metrics] Accuracy(layer_3 - estimator_0 - 5_folds.train_cv.predict)=66.81%
[ 2018-03-19 12:51:22,477][kfold_wrapper.log_eval_metrics] Accuracy(layer_3 - estimator_1 - 5_folds.train_0.predict)=71.85%
[ 2018-03-19 12:51:23,324][kfold_wrapper.log_eval_metrics] Accuracy(layer_3 - estimator_1 - 5_folds.train_1.predict)=69.63%
[ 2018-03-19 12:51:24,062][kfold_wrapper.log_eval_metrics] Accuracy(layer_3 - estimator_1 - 5_folds.train_2.predict)=68.15%
[ 2018-03-19 12:51:24,899][kfold_wrapper.log_eval_metrics] Accuracy(layer_3 - estimator_1 - 5_folds.train_3.predict)=68.89%
[ 2018-03-19 12:51:25,625][kfold_wrapper.log_eval_metrics] Accuracy(layer_3 - estimator_1 - 5_folds.train_4.predict)=69.63%
[ 2018-03-19 12:51:25,626][kfold_wrapper.log_eval_metrics] Accuracy(layer_3 - estimator_1 - 5_folds.train_cv.predict)=69.63%
[ 2018-03-19 12:51:26,329][kfold_wrapper.log_eval_metrics] Accuracy(layer_3 - estimator_2 - 5_folds.train_0.predict)=65.19%
[ 2018-03-19 12:51:27,049][kfold_wrapper.log_eval_metrics] Accuracy(layer_3 - estimator_2 - 5_folds.train_1.predict)=65.19%
[ 2018-03-19 12:51:27,781][kfold_wrapper.log_eval_metrics] Accuracy(layer_3 - estimator_2 - 5_folds.train_2.predict)=71.85%
[ 2018-03-19 12:51:28,507][kfold_wrapper.log_eval_metrics] Accuracy(layer_3 - estimator_2 - 5_folds.train_3.predict)=69.63%
[ 2018-03-19 12:51:29,217][kfold_wrapper.log_eval_metrics] Accuracy(layer_3 - estimator_2 - 5_folds.train_4.predict)=72.59%
[ 2018-03-19 12:51:29,218][kfold_wrapper.log_eval_metrics] Accuracy(layer_3 - estimator_2 - 5_folds.train_cv.predict)=68.89%
[ 2018-03-19 12:51:29,235][kfold_wrapper.log_eval_metrics] Accuracy(layer_3 - estimator_3 - 4_folds.train_0.predict)=72.35%
[ 2018-03-19 12:51:29,253][kfold_wrapper.log_eval_metrics] Accuracy(layer_3 - estimator_3 - 4_folds.train_1.predict)=73.96%
[ 2018-03-19 12:51:29,264][kfold_wrapper.log_eval_metrics] Accuracy(layer_3 - estimator_3 - 4_folds.train_2.predict)=68.45%
[ 2018-03-19 12:51:29,279][kfold_wrapper.log_eval_metrics] Accuracy(layer_3 - estimator_3 - 4_folds.train_3.predict)=63.69%
[ 2018-03-19 12:51:29,279][kfold_wrapper.log_eval_metrics] Accuracy(layer_3 - estimator_3 - 4_folds.train_cv.predict)=69.63%
[ 2018-03-19 12:51:29,279][cascade_classifier.calc_accuracy] Accuracy(layer_3 - train.classifier_average)=70.07%
[ 2018-03-19 12:51:29,280][cascade_classifier.fit_transform] [layer=4] look_indexs=[0], X_cur_train.shape=(675, 428), X_cur_test.shape=(0, 428)
[ 2018-03-19 12:51:29,953][kfold_wrapper.log_eval_metrics] Accuracy(layer_4 - estimator_0 - 5_folds.train_0.predict)=71.85%
[ 2018-03-19 12:51:30,710][kfold_wrapper.log_eval_metrics] Accuracy(layer_4 - estimator_0 - 5_folds.train_1.predict)=71.85%
[ 2018-03-19 12:51:31,383][kfold_wrapper.log_eval_metrics] Accuracy(layer_4 - estimator_0 - 5_folds.train_2.predict)=68.89%
[ 2018-03-19 12:51:32,045][kfold_wrapper.log_eval_metrics] Accuracy(layer_4 - estimator_0 - 5_folds.train_3.predict)=68.15%
[ 2018-03-19 12:51:32,742][kfold_wrapper.log_eval_metrics] Accuracy(layer_4 - estimator_0 - 5_folds.train_4.predict)=71.85%
[ 2018-03-19 12:51:32,742][kfold_wrapper.log_eval_metrics] Accuracy(layer_4 - estimator_0 - 5_folds.train_cv.predict)=70.52%
[ 2018-03-19 12:51:33,472][kfold_wrapper.log_eval_metrics] Accuracy(layer_4 - estimator_1 - 5_folds.train_0.predict)=70.37%
[ 2018-03-19 12:51:34,191][kfold_wrapper.log_eval_metrics] Accuracy(layer_4 - estimator_1 - 5_folds.train_1.predict)=68.15%
[ 2018-03-19 12:51:34,910][kfold_wrapper.log_eval_metrics] Accuracy(layer_4 - estimator_1 - 5_folds.train_2.predict)=69.63%
[ 2018-03-19 12:51:35,642][kfold_wrapper.log_eval_metrics] Accuracy(layer_4 - estimator_1 - 5_folds.train_3.predict)=70.37%
[ 2018-03-19 12:51:36,331][kfold_wrapper.log_eval_metrics] Accuracy(layer_4 - estimator_1 - 5_folds.train_4.predict)=70.37%
[ 2018-03-19 12:51:36,331][kfold_wrapper.log_eval_metrics] Accuracy(layer_4 - estimator_1 - 5_folds.train_cv.predict)=69.78%
[ 2018-03-19 12:51:37,036][kfold_wrapper.log_eval_metrics] Accuracy(layer_4 - estimator_2 - 5_folds.train_0.predict)=71.11%
[ 2018-03-19 12:51:37,766][kfold_wrapper.log_eval_metrics] Accuracy(layer_4 - estimator_2 - 5_folds.train_1.predict)=69.63%
[ 2018-03-19 12:51:38,482][kfold_wrapper.log_eval_metrics] Accuracy(layer_4 - estimator_2 - 5_folds.train_2.predict)=71.11%
[ 2018-03-19 12:51:39,191][kfold_wrapper.log_eval_metrics] Accuracy(layer_4 - estimator_2 - 5_folds.train_3.predict)=66.67%
[ 2018-03-19 12:51:39,926][kfold_wrapper.log_eval_metrics] Accuracy(layer_4 - estimator_2 - 5_folds.train_4.predict)=70.37%
[ 2018-03-19 12:51:39,926][kfold_wrapper.log_eval_metrics] Accuracy(layer_4 - estimator_2 - 5_folds.train_cv.predict)=69.78%
[ 2018-03-19 12:51:39,944][kfold_wrapper.log_eval_metrics] Accuracy(layer_4 - estimator_3 - 4_folds.train_0.predict)=61.76%
[ 2018-03-19 12:51:39,960][kfold_wrapper.log_eval_metrics] Accuracy(layer_4 - estimator_3 - 4_folds.train_1.predict)=65.68%
[ 2018-03-19 12:51:39,974][kfold_wrapper.log_eval_metrics] Accuracy(layer_4 - estimator_3 - 4_folds.train_2.predict)=64.88%
[ 2018-03-19 12:51:39,988][kfold_wrapper.log_eval_metrics] Accuracy(layer_4 - estimator_3 - 4_folds.train_3.predict)=63.69%
[ 2018-03-19 12:51:39,988][kfold_wrapper.log_eval_metrics] Accuracy(layer_4 - estimator_3 - 4_folds.train_cv.predict)=64.00%
[ 2018-03-19 12:51:39,988][cascade_classifier.calc_accuracy] Accuracy(layer_4 - train.classifier_average)=70.67%
[ 2018-03-19 12:51:39,989][cascade_classifier.fit_transform] [layer=5] look_indexs=[0], X_cur_train.shape=(675, 428), X_cur_test.shape=(0, 428)
[ 2018-03-19 12:51:40,711][kfold_wrapper.log_eval_metrics] Accuracy(layer_5 - estimator_0 - 5_folds.train_0.predict)=68.89%
[ 2018-03-19 12:51:41,411][kfold_wrapper.log_eval_metrics] Accuracy(layer_5 - estimator_0 - 5_folds.train_1.predict)=64.44%
[ 2018-03-19 12:51:42,097][kfold_wrapper.log_eval_metrics] Accuracy(layer_5 - estimator_0 - 5_folds.train_2.predict)=72.59%
[ 2018-03-19 12:51:42,804][kfold_wrapper.log_eval_metrics] Accuracy(layer_5 - estimator_0 - 5_folds.train_3.predict)=69.63%
[ 2018-03-19 12:51:43,508][kfold_wrapper.log_eval_metrics] Accuracy(layer_5 - estimator_0 - 5_folds.train_4.predict)=62.22%
[ 2018-03-19 12:51:43,508][kfold_wrapper.log_eval_metrics] Accuracy(layer_5 - estimator_0 - 5_folds.train_cv.predict)=67.56%
[ 2018-03-19 12:51:44,198][kfold_wrapper.log_eval_metrics] Accuracy(layer_5 - estimator_1 - 5_folds.train_0.predict)=71.85%
[ 2018-03-19 12:51:44,886][kfold_wrapper.log_eval_metrics] Accuracy(layer_5 - estimator_1 - 5_folds.train_1.predict)=70.37%
[ 2018-03-19 12:51:45,585][kfold_wrapper.log_eval_metrics] Accuracy(layer_5 - estimator_1 - 5_folds.train_2.predict)=68.15%
[ 2018-03-19 12:51:46,268][kfold_wrapper.log_eval_metrics] Accuracy(layer_5 - estimator_1 - 5_folds.train_3.predict)=71.85%
[ 2018-03-19 12:51:46,992][kfold_wrapper.log_eval_metrics] Accuracy(layer_5 - estimator_1 - 5_folds.train_4.predict)=66.67%
[ 2018-03-19 12:51:46,993][kfold_wrapper.log_eval_metrics] Accuracy(layer_5 - estimator_1 - 5_folds.train_cv.predict)=69.78%
[ 2018-03-19 12:51:47,686][kfold_wrapper.log_eval_metrics] Accuracy(layer_5 - estimator_2 - 5_folds.train_0.predict)=74.07%
[ 2018-03-19 12:51:48,701][kfold_wrapper.log_eval_metrics] Accuracy(layer_5 - estimator_2 - 5_folds.train_1.predict)=65.93%
[ 2018-03-19 12:51:49,690][kfold_wrapper.log_eval_metrics] Accuracy(layer_5 - estimator_2 - 5_folds.train_2.predict)=70.37%
[ 2018-03-19 12:51:50,566][kfold_wrapper.log_eval_metrics] Accuracy(layer_5 - estimator_2 - 5_folds.train_3.predict)=69.63%
[ 2018-03-19 12:51:51,310][kfold_wrapper.log_eval_metrics] Accuracy(layer_5 - estimator_2 - 5_folds.train_4.predict)=71.85%
[ 2018-03-19 12:51:51,310][kfold_wrapper.log_eval_metrics] Accuracy(layer_5 - estimator_2 - 5_folds.train_cv.predict)=70.37%
[ 2018-03-19 12:51:51,327][kfold_wrapper.log_eval_metrics] Accuracy(layer_5 - estimator_3 - 4_folds.train_0.predict)=69.41%
[ 2018-03-19 12:51:51,341][kfold_wrapper.log_eval_metrics] Accuracy(layer_5 - estimator_3 - 4_folds.train_1.predict)=69.23%
[ 2018-03-19 12:51:51,353][kfold_wrapper.log_eval_metrics] Accuracy(layer_5 - estimator_3 - 4_folds.train_2.predict)=76.19%
[ 2018-03-19 12:51:51,367][kfold_wrapper.log_eval_metrics] Accuracy(layer_5 - estimator_3 - 4_folds.train_3.predict)=71.43%
[ 2018-03-19 12:51:51,367][kfold_wrapper.log_eval_metrics] Accuracy(layer_5 - estimator_3 - 4_folds.train_cv.predict)=71.56%
[ 2018-03-19 12:51:51,367][cascade_classifier.calc_accuracy] Accuracy(layer_5 - train.classifier_average)=72.89%
[ 2018-03-19 12:51:51,368][cascade_classifier.fit_transform] [layer=6] look_indexs=[0], X_cur_train.shape=(675, 428), X_cur_test.shape=(0, 428)
[ 2018-03-19 12:51:52,165][kfold_wrapper.log_eval_metrics] Accuracy(layer_6 - estimator_0 - 5_folds.train_0.predict)=63.70%
[ 2018-03-19 12:51:52,846][kfold_wrapper.log_eval_metrics] Accuracy(layer_6 - estimator_0 - 5_folds.train_1.predict)=68.15%
[ 2018-03-19 12:51:53,589][kfold_wrapper.log_eval_metrics] Accuracy(layer_6 - estimator_0 - 5_folds.train_2.predict)=70.37%
[ 2018-03-19 12:51:54,270][kfold_wrapper.log_eval_metrics] Accuracy(layer_6 - estimator_0 - 5_folds.train_3.predict)=67.41%
[ 2018-03-19 12:51:54,981][kfold_wrapper.log_eval_metrics] Accuracy(layer_6 - estimator_0 - 5_folds.train_4.predict)=74.07%
[ 2018-03-19 12:51:54,981][kfold_wrapper.log_eval_metrics] Accuracy(layer_6 - estimator_0 - 5_folds.train_cv.predict)=68.74%
[ 2018-03-19 12:51:55,846][kfold_wrapper.log_eval_metrics] Accuracy(layer_6 - estimator_1 - 5_folds.train_0.predict)=68.89%
[ 2018-03-19 12:51:56,572][kfold_wrapper.log_eval_metrics] Accuracy(layer_6 - estimator_1 - 5_folds.train_1.predict)=73.33%
[ 2018-03-19 12:51:57,268][kfold_wrapper.log_eval_metrics] Accuracy(layer_6 - estimator_1 - 5_folds.train_2.predict)=70.37%
[ 2018-03-19 12:51:57,973][kfold_wrapper.log_eval_metrics] Accuracy(layer_6 - estimator_1 - 5_folds.train_3.predict)=69.63%
[ 2018-03-19 12:51:58,675][kfold_wrapper.log_eval_metrics] Accuracy(layer_6 - estimator_1 - 5_folds.train_4.predict)=72.59%
[ 2018-03-19 12:51:58,676][kfold_wrapper.log_eval_metrics] Accuracy(layer_6 - estimator_1 - 5_folds.train_cv.predict)=70.96%
[ 2018-03-19 12:51:59,399][kfold_wrapper.log_eval_metrics] Accuracy(layer_6 - estimator_2 - 5_folds.train_0.predict)=68.15%
[ 2018-03-19 12:52:00,106][kfold_wrapper.log_eval_metrics] Accuracy(layer_6 - estimator_2 - 5_folds.train_1.predict)=74.07%
[ 2018-03-19 12:52:00,836][kfold_wrapper.log_eval_metrics] Accuracy(layer_6 - estimator_2 - 5_folds.train_2.predict)=72.59%
[ 2018-03-19 12:52:01,548][kfold_wrapper.log_eval_metrics] Accuracy(layer_6 - estimator_2 - 5_folds.train_3.predict)=75.56%
[ 2018-03-19 12:52:02,392][kfold_wrapper.log_eval_metrics] Accuracy(layer_6 - estimator_2 - 5_folds.train_4.predict)=68.15%
[ 2018-03-19 12:52:02,393][kfold_wrapper.log_eval_metrics] Accuracy(layer_6 - estimator_2 - 5_folds.train_cv.predict)=71.70%
[ 2018-03-19 12:52:02,412][kfold_wrapper.log_eval_metrics] Accuracy(layer_6 - estimator_3 - 4_folds.train_0.predict)=62.35%
[ 2018-03-19 12:52:02,431][kfold_wrapper.log_eval_metrics] Accuracy(layer_6 - estimator_3 - 4_folds.train_1.predict)=60.36%
[ 2018-03-19 12:52:02,442][kfold_wrapper.log_eval_metrics] Accuracy(layer_6 - estimator_3 - 4_folds.train_2.predict)=61.31%
[ 2018-03-19 12:52:02,454][kfold_wrapper.log_eval_metrics] Accuracy(layer_6 - estimator_3 - 4_folds.train_3.predict)=67.26%
[ 2018-03-19 12:52:02,455][kfold_wrapper.log_eval_metrics] Accuracy(layer_6 - estimator_3 - 4_folds.train_cv.predict)=62.81%
[ 2018-03-19 12:52:02,455][cascade_classifier.calc_accuracy] Accuracy(layer_6 - train.classifier_average)=69.93%
[ 2018-03-19 12:52:02,456][cascade_classifier.fit_transform] [layer=7] look_indexs=[0], X_cur_train.shape=(675, 428), X_cur_test.shape=(0, 428)
[ 2018-03-19 12:52:03,142][kfold_wrapper.log_eval_metrics] Accuracy(layer_7 - estimator_0 - 5_folds.train_0.predict)=67.41%
[ 2018-03-19 12:52:03,870][kfold_wrapper.log_eval_metrics] Accuracy(layer_7 - estimator_0 - 5_folds.train_1.predict)=68.89%
[ 2018-03-19 12:52:04,591][kfold_wrapper.log_eval_metrics] Accuracy(layer_7 - estimator_0 - 5_folds.train_2.predict)=67.41%
[ 2018-03-19 12:52:05,345][kfold_wrapper.log_eval_metrics] Accuracy(layer_7 - estimator_0 - 5_folds.train_3.predict)=64.44%
[ 2018-03-19 12:52:06,086][kfold_wrapper.log_eval_metrics] Accuracy(layer_7 - estimator_0 - 5_folds.train_4.predict)=65.93%
[ 2018-03-19 12:52:06,087][kfold_wrapper.log_eval_metrics] Accuracy(layer_7 - estimator_0 - 5_folds.train_cv.predict)=66.81%
[ 2018-03-19 12:52:06,805][kfold_wrapper.log_eval_metrics] Accuracy(layer_7 - estimator_1 - 5_folds.train_0.predict)=72.59%
[ 2018-03-19 12:52:07,645][kfold_wrapper.log_eval_metrics] Accuracy(layer_7 - estimator_1 - 5_folds.train_1.predict)=69.63%
[ 2018-03-19 12:52:08,348][kfold_wrapper.log_eval_metrics] Accuracy(layer_7 - estimator_1 - 5_folds.train_2.predict)=68.89%
[ 2018-03-19 12:52:09,048][kfold_wrapper.log_eval_metrics] Accuracy(layer_7 - estimator_1 - 5_folds.train_3.predict)=69.63%
[ 2018-03-19 12:52:09,875][kfold_wrapper.log_eval_metrics] Accuracy(layer_7 - estimator_1 - 5_folds.train_4.predict)=71.85%
[ 2018-03-19 12:52:09,876][kfold_wrapper.log_eval_metrics] Accuracy(layer_7 - estimator_1 - 5_folds.train_cv.predict)=70.52%
[ 2018-03-19 12:52:10,823][kfold_wrapper.log_eval_metrics] Accuracy(layer_7 - estimator_2 - 5_folds.train_0.predict)=66.67%
[ 2018-03-19 12:52:11,552][kfold_wrapper.log_eval_metrics] Accuracy(layer_7 - estimator_2 - 5_folds.train_1.predict)=66.67%
[ 2018-03-19 12:52:12,246][kfold_wrapper.log_eval_metrics] Accuracy(layer_7 - estimator_2 - 5_folds.train_2.predict)=71.11%
[ 2018-03-19 12:52:12,946][kfold_wrapper.log_eval_metrics] Accuracy(layer_7 - estimator_2 - 5_folds.train_3.predict)=68.89%
[ 2018-03-19 12:52:13,679][kfold_wrapper.log_eval_metrics] Accuracy(layer_7 - estimator_2 - 5_folds.train_4.predict)=70.37%
[ 2018-03-19 12:52:13,680][kfold_wrapper.log_eval_metrics] Accuracy(layer_7 - estimator_2 - 5_folds.train_cv.predict)=68.74%
[ 2018-03-19 12:52:13,695][kfold_wrapper.log_eval_metrics] Accuracy(layer_7 - estimator_3 - 4_folds.train_0.predict)=67.65%
[ 2018-03-19 12:52:13,707][kfold_wrapper.log_eval_metrics] Accuracy(layer_7 - estimator_3 - 4_folds.train_1.predict)=70.41%
[ 2018-03-19 12:52:13,720][kfold_wrapper.log_eval_metrics] Accuracy(layer_7 - estimator_3 - 4_folds.train_2.predict)=73.21%
[ 2018-03-19 12:52:13,732][kfold_wrapper.log_eval_metrics] Accuracy(layer_7 - estimator_3 - 4_folds.train_3.predict)=70.83%
[ 2018-03-19 12:52:13,732][kfold_wrapper.log_eval_metrics] Accuracy(layer_7 - estimator_3 - 4_folds.train_cv.predict)=70.52%
[ 2018-03-19 12:52:13,732][cascade_classifier.calc_accuracy] Accuracy(layer_7 - train.classifier_average)=70.96%
[ 2018-03-19 12:52:13,733][cascade_classifier.fit_transform] [layer=8] look_indexs=[0], X_cur_train.shape=(675, 428), X_cur_test.shape=(0, 428)
[ 2018-03-19 12:52:14,440][kfold_wrapper.log_eval_metrics] Accuracy(layer_8 - estimator_0 - 5_folds.train_0.predict)=68.15%
[ 2018-03-19 12:52:15,104][kfold_wrapper.log_eval_metrics] Accuracy(layer_8 - estimator_0 - 5_folds.train_1.predict)=69.63%
[ 2018-03-19 12:52:15,779][kfold_wrapper.log_eval_metrics] Accuracy(layer_8 - estimator_0 - 5_folds.train_2.predict)=65.93%
[ 2018-03-19 12:52:16,441][kfold_wrapper.log_eval_metrics] Accuracy(layer_8 - estimator_0 - 5_folds.train_3.predict)=64.44%
[ 2018-03-19 12:52:17,144][kfold_wrapper.log_eval_metrics] Accuracy(layer_8 - estimator_0 - 5_folds.train_4.predict)=73.33%
[ 2018-03-19 12:52:17,144][kfold_wrapper.log_eval_metrics] Accuracy(layer_8 - estimator_0 - 5_folds.train_cv.predict)=68.30%
[ 2018-03-19 12:52:17,828][kfold_wrapper.log_eval_metrics] Accuracy(layer_8 - estimator_1 - 5_folds.train_0.predict)=72.59%
[ 2018-03-19 12:52:18,553][kfold_wrapper.log_eval_metrics] Accuracy(layer_8 - estimator_1 - 5_folds.train_1.predict)=65.93%
[ 2018-03-19 12:52:19,247][kfold_wrapper.log_eval_metrics] Accuracy(layer_8 - estimator_1 - 5_folds.train_2.predict)=68.89%
[ 2018-03-19 12:52:19,950][kfold_wrapper.log_eval_metrics] Accuracy(layer_8 - estimator_1 - 5_folds.train_3.predict)=68.15%
[ 2018-03-19 12:52:20,670][kfold_wrapper.log_eval_metrics] Accuracy(layer_8 - estimator_1 - 5_folds.train_4.predict)=75.56%
[ 2018-03-19 12:52:20,671][kfold_wrapper.log_eval_metrics] Accuracy(layer_8 - estimator_1 - 5_folds.train_cv.predict)=70.22%
[ 2018-03-19 12:52:21,405][kfold_wrapper.log_eval_metrics] Accuracy(layer_8 - estimator_2 - 5_folds.train_0.predict)=71.85%
[ 2018-03-19 12:52:22,109][kfold_wrapper.log_eval_metrics] Accuracy(layer_8 - estimator_2 - 5_folds.train_1.predict)=68.89%
[ 2018-03-19 12:52:22,809][kfold_wrapper.log_eval_metrics] Accuracy(layer_8 - estimator_2 - 5_folds.train_2.predict)=71.11%
[ 2018-03-19 12:52:23,529][kfold_wrapper.log_eval_metrics] Accuracy(layer_8 - estimator_2 - 5_folds.train_3.predict)=71.11%
[ 2018-03-19 12:52:24,239][kfold_wrapper.log_eval_metrics] Accuracy(layer_8 - estimator_2 - 5_folds.train_4.predict)=71.85%
[ 2018-03-19 12:52:24,240][kfold_wrapper.log_eval_metrics] Accuracy(layer_8 - estimator_2 - 5_folds.train_cv.predict)=70.96%
[ 2018-03-19 12:52:24,257][kfold_wrapper.log_eval_metrics] Accuracy(layer_8 - estimator_3 - 4_folds.train_0.predict)=62.94%
[ 2018-03-19 12:52:24,270][kfold_wrapper.log_eval_metrics] Accuracy(layer_8 - estimator_3 - 4_folds.train_1.predict)=65.68%
[ 2018-03-19 12:52:24,281][kfold_wrapper.log_eval_metrics] Accuracy(layer_8 - estimator_3 - 4_folds.train_2.predict)=62.50%
[ 2018-03-19 12:52:24,293][kfold_wrapper.log_eval_metrics] Accuracy(layer_8 - estimator_3 - 4_folds.train_3.predict)=58.93%
[ 2018-03-19 12:52:24,293][kfold_wrapper.log_eval_metrics] Accuracy(layer_8 - estimator_3 - 4_folds.train_cv.predict)=62.52%
[ 2018-03-19 12:52:24,293][cascade_classifier.calc_accuracy] Accuracy(layer_8 - train.classifier_average)=67.70%
[ 2018-03-19 12:52:24,293][cascade_classifier.fit_transform] [Result][Optimal Level Detected] opt_layer_num=6, accuracy_train=72.89%, accuracy_test=0.00%
[ 2018-03-19 12:52:24,309][cascade_classifier.transform] X_groups_test.shape=[(169, 420)]
[ 2018-03-19 12:52:24,310][cascade_classifier.transform] group_dims=[420]
[ 2018-03-19 12:52:24,310][cascade_classifier.transform] X_test.shape=(169, 420)
[ 2018-03-19 12:52:24,310][cascade_classifier.transform] [layer=0] look_indexs=[0], X_cur_test.shape=(169, 420)
[ 2018-03-19 12:52:25,624][cascade_classifier.transform] [layer=1] look_indexs=[0], X_cur_test.shape=(169, 428)
[ 2018-03-19 12:52:26,912][cascade_classifier.transform] [layer=2] look_indexs=[0], X_cur_test.shape=(169, 428)
[ 2018-03-19 12:52:28,223][cascade_classifier.transform] [layer=3] look_indexs=[0], X_cur_test.shape=(169, 428)
[ 2018-03-19 12:52:29,643][cascade_classifier.transform] [layer=4] look_indexs=[0], X_cur_test.shape=(169, 428)
[ 2018-03-19 12:52:30,940][cascade_classifier.transform] [layer=5] look_indexs=[0], X_cur_test.shape=(169, 428)
