[ 2018-03-19 13:08:44,581][cascade_classifier.fit_transform] X_groups_train.shape=[(675, 420)],y_train.shape=(675,),X_groups_test.shape=no_test,y_test.shape=no_test
[ 2018-03-19 13:08:44,582][cascade_classifier.fit_transform] group_dims=[420]
[ 2018-03-19 13:08:44,583][cascade_classifier.fit_transform] group_starts=[0]
[ 2018-03-19 13:08:44,583][cascade_classifier.fit_transform] group_ends=[420]
[ 2018-03-19 13:08:44,583][cascade_classifier.fit_transform] X_train.shape=(675, 420),X_test.shape=(0, 420)
[ 2018-03-19 13:08:44,585][cascade_classifier.fit_transform] [layer=0] look_indexs=[0], X_cur_train.shape=(675, 420), X_cur_test.shape=(0, 420)
[ 2018-03-19 13:08:45,117][kfold_wrapper.log_eval_metrics] Accuracy(layer_0 - estimator_0 - 5_folds.train_0.predict)=68.38%
[ 2018-03-19 13:08:45,589][kfold_wrapper.log_eval_metrics] Accuracy(layer_0 - estimator_0 - 5_folds.train_1.predict)=58.82%
[ 2018-03-19 13:08:46,060][kfold_wrapper.log_eval_metrics] Accuracy(layer_0 - estimator_0 - 5_folds.train_2.predict)=64.44%
[ 2018-03-19 13:08:46,536][kfold_wrapper.log_eval_metrics] Accuracy(layer_0 - estimator_0 - 5_folds.train_3.predict)=60.45%
[ 2018-03-19 13:08:47,011][kfold_wrapper.log_eval_metrics] Accuracy(layer_0 - estimator_0 - 5_folds.train_4.predict)=70.90%
[ 2018-03-19 13:08:47,011][kfold_wrapper.log_eval_metrics] Accuracy(layer_0 - estimator_0 - 5_folds.train_cv.predict)=64.59%
[ 2018-03-19 13:08:47,444][kfold_wrapper.log_eval_metrics] Accuracy(layer_0 - estimator_1 - 5_folds.train_0.predict)=62.50%
[ 2018-03-19 13:08:47,896][kfold_wrapper.log_eval_metrics] Accuracy(layer_0 - estimator_1 - 5_folds.train_1.predict)=63.97%
[ 2018-03-19 13:08:48,317][kfold_wrapper.log_eval_metrics] Accuracy(layer_0 - estimator_1 - 5_folds.train_2.predict)=61.48%
[ 2018-03-19 13:08:48,761][kfold_wrapper.log_eval_metrics] Accuracy(layer_0 - estimator_1 - 5_folds.train_3.predict)=62.69%
[ 2018-03-19 13:08:49,191][kfold_wrapper.log_eval_metrics] Accuracy(layer_0 - estimator_1 - 5_folds.train_4.predict)=65.67%
[ 2018-03-19 13:08:49,192][kfold_wrapper.log_eval_metrics] Accuracy(layer_0 - estimator_1 - 5_folds.train_cv.predict)=63.26%
[ 2018-03-19 13:08:49,619][kfold_wrapper.log_eval_metrics] Accuracy(layer_0 - estimator_2 - 5_folds.train_0.predict)=66.18%
[ 2018-03-19 13:08:49,991][kfold_wrapper.log_eval_metrics] Accuracy(layer_0 - estimator_2 - 5_folds.train_1.predict)=63.97%
[ 2018-03-19 13:08:50,431][kfold_wrapper.log_eval_metrics] Accuracy(layer_0 - estimator_2 - 5_folds.train_2.predict)=63.70%
[ 2018-03-19 13:08:50,836][kfold_wrapper.log_eval_metrics] Accuracy(layer_0 - estimator_2 - 5_folds.train_3.predict)=64.18%
[ 2018-03-19 13:08:51,278][kfold_wrapper.log_eval_metrics] Accuracy(layer_0 - estimator_2 - 5_folds.train_4.predict)=68.66%
[ 2018-03-19 13:08:51,278][kfold_wrapper.log_eval_metrics] Accuracy(layer_0 - estimator_2 - 5_folds.train_cv.predict)=65.33%
[ 2018-03-19 13:08:51,296][kfold_wrapper.log_eval_metrics] Accuracy(layer_0 - estimator_3 - 4_folds.train_0.predict)=61.76%
[ 2018-03-19 13:08:51,311][kfold_wrapper.log_eval_metrics] Accuracy(layer_0 - estimator_3 - 4_folds.train_1.predict)=64.50%
[ 2018-03-19 13:08:51,324][kfold_wrapper.log_eval_metrics] Accuracy(layer_0 - estimator_3 - 4_folds.train_2.predict)=64.29%
[ 2018-03-19 13:08:51,336][kfold_wrapper.log_eval_metrics] Accuracy(layer_0 - estimator_3 - 4_folds.train_3.predict)=65.48%
[ 2018-03-19 13:08:51,336][kfold_wrapper.log_eval_metrics] Accuracy(layer_0 - estimator_3 - 4_folds.train_cv.predict)=64.00%
[ 2018-03-19 13:08:51,336][cascade_classifier.calc_accuracy] Accuracy(layer_0 - train.classifier_average)=67.85%
[ 2018-03-19 13:08:51,338][cascade_classifier.fit_transform] [layer=1] look_indexs=[0], X_cur_train.shape=(675, 428), X_cur_test.shape=(0, 428)
[ 2018-03-19 13:08:51,874][kfold_wrapper.log_eval_metrics] Accuracy(layer_1 - estimator_0 - 5_folds.train_0.predict)=64.71%
[ 2018-03-19 13:08:52,376][kfold_wrapper.log_eval_metrics] Accuracy(layer_1 - estimator_0 - 5_folds.train_1.predict)=63.97%
[ 2018-03-19 13:08:52,875][kfold_wrapper.log_eval_metrics] Accuracy(layer_1 - estimator_0 - 5_folds.train_2.predict)=65.19%
[ 2018-03-19 13:08:53,375][kfold_wrapper.log_eval_metrics] Accuracy(layer_1 - estimator_0 - 5_folds.train_3.predict)=69.40%
[ 2018-03-19 13:08:53,871][kfold_wrapper.log_eval_metrics] Accuracy(layer_1 - estimator_0 - 5_folds.train_4.predict)=66.42%
[ 2018-03-19 13:08:53,872][kfold_wrapper.log_eval_metrics] Accuracy(layer_1 - estimator_0 - 5_folds.train_cv.predict)=65.93%
[ 2018-03-19 13:08:54,297][kfold_wrapper.log_eval_metrics] Accuracy(layer_1 - estimator_1 - 5_folds.train_0.predict)=61.03%
[ 2018-03-19 13:08:54,722][kfold_wrapper.log_eval_metrics] Accuracy(layer_1 - estimator_1 - 5_folds.train_1.predict)=67.65%
[ 2018-03-19 13:08:55,127][kfold_wrapper.log_eval_metrics] Accuracy(layer_1 - estimator_1 - 5_folds.train_2.predict)=65.19%
[ 2018-03-19 13:08:55,568][kfold_wrapper.log_eval_metrics] Accuracy(layer_1 - estimator_1 - 5_folds.train_3.predict)=58.96%
[ 2018-03-19 13:08:55,981][kfold_wrapper.log_eval_metrics] Accuracy(layer_1 - estimator_1 - 5_folds.train_4.predict)=64.93%
[ 2018-03-19 13:08:55,982][kfold_wrapper.log_eval_metrics] Accuracy(layer_1 - estimator_1 - 5_folds.train_cv.predict)=63.56%
[ 2018-03-19 13:08:56,385][kfold_wrapper.log_eval_metrics] Accuracy(layer_1 - estimator_2 - 5_folds.train_0.predict)=62.50%
[ 2018-03-19 13:08:56,776][kfold_wrapper.log_eval_metrics] Accuracy(layer_1 - estimator_2 - 5_folds.train_1.predict)=66.91%
[ 2018-03-19 13:08:57,174][kfold_wrapper.log_eval_metrics] Accuracy(layer_1 - estimator_2 - 5_folds.train_2.predict)=69.63%
[ 2018-03-19 13:08:57,579][kfold_wrapper.log_eval_metrics] Accuracy(layer_1 - estimator_2 - 5_folds.train_3.predict)=66.42%
[ 2018-03-19 13:08:57,992][kfold_wrapper.log_eval_metrics] Accuracy(layer_1 - estimator_2 - 5_folds.train_4.predict)=64.93%
[ 2018-03-19 13:08:57,993][kfold_wrapper.log_eval_metrics] Accuracy(layer_1 - estimator_2 - 5_folds.train_cv.predict)=66.07%
[ 2018-03-19 13:08:58,011][kfold_wrapper.log_eval_metrics] Accuracy(layer_1 - estimator_3 - 4_folds.train_0.predict)=65.29%
[ 2018-03-19 13:08:58,024][kfold_wrapper.log_eval_metrics] Accuracy(layer_1 - estimator_3 - 4_folds.train_1.predict)=74.56%
[ 2018-03-19 13:08:58,036][kfold_wrapper.log_eval_metrics] Accuracy(layer_1 - estimator_3 - 4_folds.train_2.predict)=70.24%
[ 2018-03-19 13:08:58,047][kfold_wrapper.log_eval_metrics] Accuracy(layer_1 - estimator_3 - 4_folds.train_3.predict)=64.88%
[ 2018-03-19 13:08:58,048][kfold_wrapper.log_eval_metrics] Accuracy(layer_1 - estimator_3 - 4_folds.train_cv.predict)=68.74%
[ 2018-03-19 13:08:58,048][cascade_classifier.calc_accuracy] Accuracy(layer_1 - train.classifier_average)=68.44%
[ 2018-03-19 13:08:58,049][cascade_classifier.fit_transform] [layer=2] look_indexs=[0], X_cur_train.shape=(675, 428), X_cur_test.shape=(0, 428)
[ 2018-03-19 13:08:58,560][kfold_wrapper.log_eval_metrics] Accuracy(layer_2 - estimator_0 - 5_folds.train_0.predict)=62.50%
[ 2018-03-19 13:08:59,023][kfold_wrapper.log_eval_metrics] Accuracy(layer_2 - estimator_0 - 5_folds.train_1.predict)=64.71%
[ 2018-03-19 13:08:59,491][kfold_wrapper.log_eval_metrics] Accuracy(layer_2 - estimator_0 - 5_folds.train_2.predict)=63.70%
[ 2018-03-19 13:09:00,010][kfold_wrapper.log_eval_metrics] Accuracy(layer_2 - estimator_0 - 5_folds.train_3.predict)=67.16%
[ 2018-03-19 13:09:00,497][kfold_wrapper.log_eval_metrics] Accuracy(layer_2 - estimator_0 - 5_folds.train_4.predict)=61.19%
[ 2018-03-19 13:09:00,497][kfold_wrapper.log_eval_metrics] Accuracy(layer_2 - estimator_0 - 5_folds.train_cv.predict)=63.85%
[ 2018-03-19 13:09:00,856][kfold_wrapper.log_eval_metrics] Accuracy(layer_2 - estimator_1 - 5_folds.train_0.predict)=66.91%
[ 2018-03-19 13:09:01,282][kfold_wrapper.log_eval_metrics] Accuracy(layer_2 - estimator_1 - 5_folds.train_1.predict)=69.85%
[ 2018-03-19 13:09:01,709][kfold_wrapper.log_eval_metrics] Accuracy(layer_2 - estimator_1 - 5_folds.train_2.predict)=68.15%
[ 2018-03-19 13:09:02,134][kfold_wrapper.log_eval_metrics] Accuracy(layer_2 - estimator_1 - 5_folds.train_3.predict)=63.43%
[ 2018-03-19 13:09:02,562][kfold_wrapper.log_eval_metrics] Accuracy(layer_2 - estimator_1 - 5_folds.train_4.predict)=61.94%
[ 2018-03-19 13:09:02,562][kfold_wrapper.log_eval_metrics] Accuracy(layer_2 - estimator_1 - 5_folds.train_cv.predict)=66.07%
[ 2018-03-19 13:09:02,993][kfold_wrapper.log_eval_metrics] Accuracy(layer_2 - estimator_2 - 5_folds.train_0.predict)=69.12%
[ 2018-03-19 13:09:03,388][kfold_wrapper.log_eval_metrics] Accuracy(layer_2 - estimator_2 - 5_folds.train_1.predict)=67.65%
[ 2018-03-19 13:09:03,821][kfold_wrapper.log_eval_metrics] Accuracy(layer_2 - estimator_2 - 5_folds.train_2.predict)=66.67%
[ 2018-03-19 13:09:04,247][kfold_wrapper.log_eval_metrics] Accuracy(layer_2 - estimator_2 - 5_folds.train_3.predict)=63.43%
[ 2018-03-19 13:09:04,671][kfold_wrapper.log_eval_metrics] Accuracy(layer_2 - estimator_2 - 5_folds.train_4.predict)=67.91%
[ 2018-03-19 13:09:04,671][kfold_wrapper.log_eval_metrics] Accuracy(layer_2 - estimator_2 - 5_folds.train_cv.predict)=66.96%
[ 2018-03-19 13:09:04,697][kfold_wrapper.log_eval_metrics] Accuracy(layer_2 - estimator_3 - 4_folds.train_0.predict)=61.76%
[ 2018-03-19 13:09:04,715][kfold_wrapper.log_eval_metrics] Accuracy(layer_2 - estimator_3 - 4_folds.train_1.predict)=63.91%
[ 2018-03-19 13:09:04,729][kfold_wrapper.log_eval_metrics] Accuracy(layer_2 - estimator_3 - 4_folds.train_2.predict)=69.64%
[ 2018-03-19 13:09:04,742][kfold_wrapper.log_eval_metrics] Accuracy(layer_2 - estimator_3 - 4_folds.train_3.predict)=61.31%
[ 2018-03-19 13:09:04,742][kfold_wrapper.log_eval_metrics] Accuracy(layer_2 - estimator_3 - 4_folds.train_cv.predict)=64.15%
[ 2018-03-19 13:09:04,742][cascade_classifier.calc_accuracy] Accuracy(layer_2 - train.classifier_average)=68.30%
[ 2018-03-19 13:09:04,743][cascade_classifier.fit_transform] [layer=3] look_indexs=[0], X_cur_train.shape=(675, 428), X_cur_test.shape=(0, 428)
[ 2018-03-19 13:09:05,294][kfold_wrapper.log_eval_metrics] Accuracy(layer_3 - estimator_0 - 5_folds.train_0.predict)=63.24%
[ 2018-03-19 13:09:05,784][kfold_wrapper.log_eval_metrics] Accuracy(layer_3 - estimator_0 - 5_folds.train_1.predict)=69.85%
[ 2018-03-19 13:09:06,282][kfold_wrapper.log_eval_metrics] Accuracy(layer_3 - estimator_0 - 5_folds.train_2.predict)=62.22%
[ 2018-03-19 13:09:06,807][kfold_wrapper.log_eval_metrics] Accuracy(layer_3 - estimator_0 - 5_folds.train_3.predict)=64.93%
[ 2018-03-19 13:09:07,302][kfold_wrapper.log_eval_metrics] Accuracy(layer_3 - estimator_0 - 5_folds.train_4.predict)=66.42%
[ 2018-03-19 13:09:07,302][kfold_wrapper.log_eval_metrics] Accuracy(layer_3 - estimator_0 - 5_folds.train_cv.predict)=65.33%
[ 2018-03-19 13:09:07,690][kfold_wrapper.log_eval_metrics] Accuracy(layer_3 - estimator_1 - 5_folds.train_0.predict)=71.32%
[ 2018-03-19 13:09:08,130][kfold_wrapper.log_eval_metrics] Accuracy(layer_3 - estimator_1 - 5_folds.train_1.predict)=57.35%
[ 2018-03-19 13:09:08,567][kfold_wrapper.log_eval_metrics] Accuracy(layer_3 - estimator_1 - 5_folds.train_2.predict)=65.93%
[ 2018-03-19 13:09:09,008][kfold_wrapper.log_eval_metrics] Accuracy(layer_3 - estimator_1 - 5_folds.train_3.predict)=66.42%
[ 2018-03-19 13:09:09,414][kfold_wrapper.log_eval_metrics] Accuracy(layer_3 - estimator_1 - 5_folds.train_4.predict)=64.18%
[ 2018-03-19 13:09:09,414][kfold_wrapper.log_eval_metrics] Accuracy(layer_3 - estimator_1 - 5_folds.train_cv.predict)=65.04%
[ 2018-03-19 13:09:09,806][kfold_wrapper.log_eval_metrics] Accuracy(layer_3 - estimator_2 - 5_folds.train_0.predict)=66.18%
[ 2018-03-19 13:09:10,239][kfold_wrapper.log_eval_metrics] Accuracy(layer_3 - estimator_2 - 5_folds.train_1.predict)=69.12%
[ 2018-03-19 13:09:10,818][kfold_wrapper.log_eval_metrics] Accuracy(layer_3 - estimator_2 - 5_folds.train_2.predict)=65.93%
[ 2018-03-19 13:09:11,380][kfold_wrapper.log_eval_metrics] Accuracy(layer_3 - estimator_2 - 5_folds.train_3.predict)=68.66%
[ 2018-03-19 13:09:11,814][kfold_wrapper.log_eval_metrics] Accuracy(layer_3 - estimator_2 - 5_folds.train_4.predict)=61.94%
[ 2018-03-19 13:09:11,815][kfold_wrapper.log_eval_metrics] Accuracy(layer_3 - estimator_2 - 5_folds.train_cv.predict)=66.37%
[ 2018-03-19 13:09:11,833][kfold_wrapper.log_eval_metrics] Accuracy(layer_3 - estimator_3 - 4_folds.train_0.predict)=68.82%
[ 2018-03-19 13:09:11,848][kfold_wrapper.log_eval_metrics] Accuracy(layer_3 - estimator_3 - 4_folds.train_1.predict)=71.01%
[ 2018-03-19 13:09:11,862][kfold_wrapper.log_eval_metrics] Accuracy(layer_3 - estimator_3 - 4_folds.train_2.predict)=65.48%
[ 2018-03-19 13:09:11,874][kfold_wrapper.log_eval_metrics] Accuracy(layer_3 - estimator_3 - 4_folds.train_3.predict)=71.43%
[ 2018-03-19 13:09:11,874][kfold_wrapper.log_eval_metrics] Accuracy(layer_3 - estimator_3 - 4_folds.train_cv.predict)=69.19%
[ 2018-03-19 13:09:11,874][cascade_classifier.calc_accuracy] Accuracy(layer_3 - train.classifier_average)=68.59%
[ 2018-03-19 13:09:11,875][cascade_classifier.fit_transform] [layer=4] look_indexs=[0], X_cur_train.shape=(675, 428), X_cur_test.shape=(0, 428)
[ 2018-03-19 13:09:12,347][kfold_wrapper.log_eval_metrics] Accuracy(layer_4 - estimator_0 - 5_folds.train_0.predict)=68.38%
[ 2018-03-19 13:09:12,792][kfold_wrapper.log_eval_metrics] Accuracy(layer_4 - estimator_0 - 5_folds.train_1.predict)=63.97%
[ 2018-03-19 13:09:13,269][kfold_wrapper.log_eval_metrics] Accuracy(layer_4 - estimator_0 - 5_folds.train_2.predict)=70.37%
[ 2018-03-19 13:09:13,738][kfold_wrapper.log_eval_metrics] Accuracy(layer_4 - estimator_0 - 5_folds.train_3.predict)=61.94%
[ 2018-03-19 13:09:14,195][kfold_wrapper.log_eval_metrics] Accuracy(layer_4 - estimator_0 - 5_folds.train_4.predict)=61.94%
[ 2018-03-19 13:09:14,196][kfold_wrapper.log_eval_metrics] Accuracy(layer_4 - estimator_0 - 5_folds.train_cv.predict)=65.33%
[ 2018-03-19 13:09:14,615][kfold_wrapper.log_eval_metrics] Accuracy(layer_4 - estimator_1 - 5_folds.train_0.predict)=67.65%
[ 2018-03-19 13:09:14,992][kfold_wrapper.log_eval_metrics] Accuracy(layer_4 - estimator_1 - 5_folds.train_1.predict)=69.85%
[ 2018-03-19 13:09:15,419][kfold_wrapper.log_eval_metrics] Accuracy(layer_4 - estimator_1 - 5_folds.train_2.predict)=62.96%
[ 2018-03-19 13:09:15,817][kfold_wrapper.log_eval_metrics] Accuracy(layer_4 - estimator_1 - 5_folds.train_3.predict)=68.66%
[ 2018-03-19 13:09:16,218][kfold_wrapper.log_eval_metrics] Accuracy(layer_4 - estimator_1 - 5_folds.train_4.predict)=64.93%
[ 2018-03-19 13:09:16,219][kfold_wrapper.log_eval_metrics] Accuracy(layer_4 - estimator_1 - 5_folds.train_cv.predict)=66.81%
[ 2018-03-19 13:09:16,658][kfold_wrapper.log_eval_metrics] Accuracy(layer_4 - estimator_2 - 5_folds.train_0.predict)=68.38%
[ 2018-03-19 13:09:17,076][kfold_wrapper.log_eval_metrics] Accuracy(layer_4 - estimator_2 - 5_folds.train_1.predict)=66.91%
[ 2018-03-19 13:09:17,471][kfold_wrapper.log_eval_metrics] Accuracy(layer_4 - estimator_2 - 5_folds.train_2.predict)=62.96%
[ 2018-03-19 13:09:17,908][kfold_wrapper.log_eval_metrics] Accuracy(layer_4 - estimator_2 - 5_folds.train_3.predict)=67.16%
[ 2018-03-19 13:09:18,341][kfold_wrapper.log_eval_metrics] Accuracy(layer_4 - estimator_2 - 5_folds.train_4.predict)=64.18%
[ 2018-03-19 13:09:18,342][kfold_wrapper.log_eval_metrics] Accuracy(layer_4 - estimator_2 - 5_folds.train_cv.predict)=65.93%
[ 2018-03-19 13:09:18,360][kfold_wrapper.log_eval_metrics] Accuracy(layer_4 - estimator_3 - 4_folds.train_0.predict)=64.12%
[ 2018-03-19 13:09:18,375][kfold_wrapper.log_eval_metrics] Accuracy(layer_4 - estimator_3 - 4_folds.train_1.predict)=65.09%
[ 2018-03-19 13:09:18,390][kfold_wrapper.log_eval_metrics] Accuracy(layer_4 - estimator_3 - 4_folds.train_2.predict)=65.48%
[ 2018-03-19 13:09:18,407][kfold_wrapper.log_eval_metrics] Accuracy(layer_4 - estimator_3 - 4_folds.train_3.predict)=60.12%
[ 2018-03-19 13:09:18,407][kfold_wrapper.log_eval_metrics] Accuracy(layer_4 - estimator_3 - 4_folds.train_cv.predict)=63.70%
[ 2018-03-19 13:09:18,407][cascade_classifier.calc_accuracy] Accuracy(layer_4 - train.classifier_average)=68.15%
[ 2018-03-19 13:09:18,408][cascade_classifier.fit_transform] [layer=5] look_indexs=[0], X_cur_train.shape=(675, 428), X_cur_test.shape=(0, 428)
[ 2018-03-19 13:09:19,609][kfold_wrapper.log_eval_metrics] Accuracy(layer_5 - estimator_0 - 5_folds.train_0.predict)=60.29%
[ 2018-03-19 13:09:20,628][kfold_wrapper.log_eval_metrics] Accuracy(layer_5 - estimator_0 - 5_folds.train_1.predict)=66.18%
[ 2018-03-19 13:09:21,444][kfold_wrapper.log_eval_metrics] Accuracy(layer_5 - estimator_0 - 5_folds.train_2.predict)=59.26%
[ 2018-03-19 13:09:22,284][kfold_wrapper.log_eval_metrics] Accuracy(layer_5 - estimator_0 - 5_folds.train_3.predict)=64.18%
[ 2018-03-19 13:09:22,831][kfold_wrapper.log_eval_metrics] Accuracy(layer_5 - estimator_0 - 5_folds.train_4.predict)=67.16%
[ 2018-03-19 13:09:22,831][kfold_wrapper.log_eval_metrics] Accuracy(layer_5 - estimator_0 - 5_folds.train_cv.predict)=63.41%
[ 2018-03-19 13:09:23,256][kfold_wrapper.log_eval_metrics] Accuracy(layer_5 - estimator_1 - 5_folds.train_0.predict)=67.65%
[ 2018-03-19 13:09:23,732][kfold_wrapper.log_eval_metrics] Accuracy(layer_5 - estimator_1 - 5_folds.train_1.predict)=63.24%
[ 2018-03-19 13:09:24,191][kfold_wrapper.log_eval_metrics] Accuracy(layer_5 - estimator_1 - 5_folds.train_2.predict)=67.41%
[ 2018-03-19 13:09:24,737][kfold_wrapper.log_eval_metrics] Accuracy(layer_5 - estimator_1 - 5_folds.train_3.predict)=70.15%
[ 2018-03-19 13:09:25,171][kfold_wrapper.log_eval_metrics] Accuracy(layer_5 - estimator_1 - 5_folds.train_4.predict)=66.42%
[ 2018-03-19 13:09:25,171][kfold_wrapper.log_eval_metrics] Accuracy(layer_5 - estimator_1 - 5_folds.train_cv.predict)=66.96%
[ 2018-03-19 13:09:25,623][kfold_wrapper.log_eval_metrics] Accuracy(layer_5 - estimator_2 - 5_folds.train_0.predict)=67.65%
[ 2018-03-19 13:09:26,048][kfold_wrapper.log_eval_metrics] Accuracy(layer_5 - estimator_2 - 5_folds.train_1.predict)=72.06%
[ 2018-03-19 13:09:26,746][kfold_wrapper.log_eval_metrics] Accuracy(layer_5 - estimator_2 - 5_folds.train_2.predict)=68.15%
[ 2018-03-19 13:09:27,146][kfold_wrapper.log_eval_metrics] Accuracy(layer_5 - estimator_2 - 5_folds.train_3.predict)=60.45%
[ 2018-03-19 13:09:27,783][kfold_wrapper.log_eval_metrics] Accuracy(layer_5 - estimator_2 - 5_folds.train_4.predict)=68.66%
[ 2018-03-19 13:09:27,784][kfold_wrapper.log_eval_metrics] Accuracy(layer_5 - estimator_2 - 5_folds.train_cv.predict)=67.41%
[ 2018-03-19 13:09:27,806][kfold_wrapper.log_eval_metrics] Accuracy(layer_5 - estimator_3 - 4_folds.train_0.predict)=64.71%
[ 2018-03-19 13:09:27,823][kfold_wrapper.log_eval_metrics] Accuracy(layer_5 - estimator_3 - 4_folds.train_1.predict)=69.82%
[ 2018-03-19 13:09:27,844][kfold_wrapper.log_eval_metrics] Accuracy(layer_5 - estimator_3 - 4_folds.train_2.predict)=72.02%
[ 2018-03-19 13:09:27,861][kfold_wrapper.log_eval_metrics] Accuracy(layer_5 - estimator_3 - 4_folds.train_3.predict)=70.24%
[ 2018-03-19 13:09:27,862][kfold_wrapper.log_eval_metrics] Accuracy(layer_5 - estimator_3 - 4_folds.train_cv.predict)=69.19%
[ 2018-03-19 13:09:27,862][cascade_classifier.calc_accuracy] Accuracy(layer_5 - train.classifier_average)=70.22%
[ 2018-03-19 13:09:27,863][cascade_classifier.fit_transform] [layer=6] look_indexs=[0], X_cur_train.shape=(675, 428), X_cur_test.shape=(0, 428)
[ 2018-03-19 13:09:28,423][kfold_wrapper.log_eval_metrics] Accuracy(layer_6 - estimator_0 - 5_folds.train_0.predict)=58.82%
[ 2018-03-19 13:09:29,101][kfold_wrapper.log_eval_metrics] Accuracy(layer_6 - estimator_0 - 5_folds.train_1.predict)=62.50%
[ 2018-03-19 13:09:29,892][kfold_wrapper.log_eval_metrics] Accuracy(layer_6 - estimator_0 - 5_folds.train_2.predict)=68.15%
[ 2018-03-19 13:09:30,588][kfold_wrapper.log_eval_metrics] Accuracy(layer_6 - estimator_0 - 5_folds.train_3.predict)=66.42%
[ 2018-03-19 13:09:31,360][kfold_wrapper.log_eval_metrics] Accuracy(layer_6 - estimator_0 - 5_folds.train_4.predict)=65.67%
[ 2018-03-19 13:09:31,361][kfold_wrapper.log_eval_metrics] Accuracy(layer_6 - estimator_0 - 5_folds.train_cv.predict)=64.30%
[ 2018-03-19 13:09:31,748][kfold_wrapper.log_eval_metrics] Accuracy(layer_6 - estimator_1 - 5_folds.train_0.predict)=66.18%
[ 2018-03-19 13:09:32,209][kfold_wrapper.log_eval_metrics] Accuracy(layer_6 - estimator_1 - 5_folds.train_1.predict)=68.38%
[ 2018-03-19 13:09:32,662][kfold_wrapper.log_eval_metrics] Accuracy(layer_6 - estimator_1 - 5_folds.train_2.predict)=65.93%
[ 2018-03-19 13:09:33,065][kfold_wrapper.log_eval_metrics] Accuracy(layer_6 - estimator_1 - 5_folds.train_3.predict)=65.67%
[ 2018-03-19 13:09:33,532][kfold_wrapper.log_eval_metrics] Accuracy(layer_6 - estimator_1 - 5_folds.train_4.predict)=66.42%
[ 2018-03-19 13:09:33,533][kfold_wrapper.log_eval_metrics] Accuracy(layer_6 - estimator_1 - 5_folds.train_cv.predict)=66.52%
[ 2018-03-19 13:09:33,923][kfold_wrapper.log_eval_metrics] Accuracy(layer_6 - estimator_2 - 5_folds.train_0.predict)=63.97%
[ 2018-03-19 13:09:34,368][kfold_wrapper.log_eval_metrics] Accuracy(layer_6 - estimator_2 - 5_folds.train_1.predict)=71.32%
[ 2018-03-19 13:09:34,801][kfold_wrapper.log_eval_metrics] Accuracy(layer_6 - estimator_2 - 5_folds.train_2.predict)=71.85%
[ 2018-03-19 13:09:35,235][kfold_wrapper.log_eval_metrics] Accuracy(layer_6 - estimator_2 - 5_folds.train_3.predict)=68.66%
[ 2018-03-19 13:09:35,719][kfold_wrapper.log_eval_metrics] Accuracy(layer_6 - estimator_2 - 5_folds.train_4.predict)=64.18%
[ 2018-03-19 13:09:35,720][kfold_wrapper.log_eval_metrics] Accuracy(layer_6 - estimator_2 - 5_folds.train_cv.predict)=68.00%
[ 2018-03-19 13:09:35,743][kfold_wrapper.log_eval_metrics] Accuracy(layer_6 - estimator_3 - 4_folds.train_0.predict)=58.82%
[ 2018-03-19 13:09:35,757][kfold_wrapper.log_eval_metrics] Accuracy(layer_6 - estimator_3 - 4_folds.train_1.predict)=65.09%
[ 2018-03-19 13:09:35,771][kfold_wrapper.log_eval_metrics] Accuracy(layer_6 - estimator_3 - 4_folds.train_2.predict)=60.12%
[ 2018-03-19 13:09:35,787][kfold_wrapper.log_eval_metrics] Accuracy(layer_6 - estimator_3 - 4_folds.train_3.predict)=61.90%
[ 2018-03-19 13:09:35,787][kfold_wrapper.log_eval_metrics] Accuracy(layer_6 - estimator_3 - 4_folds.train_cv.predict)=61.48%
[ 2018-03-19 13:09:35,787][cascade_classifier.calc_accuracy] Accuracy(layer_6 - train.classifier_average)=67.70%
[ 2018-03-19 13:09:35,788][cascade_classifier.fit_transform] [layer=7] look_indexs=[0], X_cur_train.shape=(675, 428), X_cur_test.shape=(0, 428)
[ 2018-03-19 13:09:36,306][kfold_wrapper.log_eval_metrics] Accuracy(layer_7 - estimator_0 - 5_folds.train_0.predict)=61.76%
[ 2018-03-19 13:09:36,841][kfold_wrapper.log_eval_metrics] Accuracy(layer_7 - estimator_0 - 5_folds.train_1.predict)=69.12%
[ 2018-03-19 13:09:37,364][kfold_wrapper.log_eval_metrics] Accuracy(layer_7 - estimator_0 - 5_folds.train_2.predict)=63.70%
[ 2018-03-19 13:09:37,862][kfold_wrapper.log_eval_metrics] Accuracy(layer_7 - estimator_0 - 5_folds.train_3.predict)=60.45%
[ 2018-03-19 13:09:38,386][kfold_wrapper.log_eval_metrics] Accuracy(layer_7 - estimator_0 - 5_folds.train_4.predict)=62.69%
[ 2018-03-19 13:09:38,386][kfold_wrapper.log_eval_metrics] Accuracy(layer_7 - estimator_0 - 5_folds.train_cv.predict)=63.56%
[ 2018-03-19 13:09:38,784][kfold_wrapper.log_eval_metrics] Accuracy(layer_7 - estimator_1 - 5_folds.train_0.predict)=69.85%
[ 2018-03-19 13:09:39,219][kfold_wrapper.log_eval_metrics] Accuracy(layer_7 - estimator_1 - 5_folds.train_1.predict)=65.44%
[ 2018-03-19 13:09:39,653][kfold_wrapper.log_eval_metrics] Accuracy(layer_7 - estimator_1 - 5_folds.train_2.predict)=68.15%
[ 2018-03-19 13:09:40,059][kfold_wrapper.log_eval_metrics] Accuracy(layer_7 - estimator_1 - 5_folds.train_3.predict)=61.94%
[ 2018-03-19 13:09:40,659][kfold_wrapper.log_eval_metrics] Accuracy(layer_7 - estimator_1 - 5_folds.train_4.predict)=68.66%
[ 2018-03-19 13:09:40,660][kfold_wrapper.log_eval_metrics] Accuracy(layer_7 - estimator_1 - 5_folds.train_cv.predict)=66.81%
[ 2018-03-19 13:09:41,256][kfold_wrapper.log_eval_metrics] Accuracy(layer_7 - estimator_2 - 5_folds.train_0.predict)=70.59%
[ 2018-03-19 13:09:41,684][kfold_wrapper.log_eval_metrics] Accuracy(layer_7 - estimator_2 - 5_folds.train_1.predict)=64.71%
[ 2018-03-19 13:09:42,092][kfold_wrapper.log_eval_metrics] Accuracy(layer_7 - estimator_2 - 5_folds.train_2.predict)=60.00%
[ 2018-03-19 13:09:42,522][kfold_wrapper.log_eval_metrics] Accuracy(layer_7 - estimator_2 - 5_folds.train_3.predict)=66.42%
[ 2018-03-19 13:09:42,944][kfold_wrapper.log_eval_metrics] Accuracy(layer_7 - estimator_2 - 5_folds.train_4.predict)=60.45%
[ 2018-03-19 13:09:42,944][kfold_wrapper.log_eval_metrics] Accuracy(layer_7 - estimator_2 - 5_folds.train_cv.predict)=64.44%
[ 2018-03-19 13:09:42,963][kfold_wrapper.log_eval_metrics] Accuracy(layer_7 - estimator_3 - 4_folds.train_0.predict)=69.41%
[ 2018-03-19 13:09:42,977][kfold_wrapper.log_eval_metrics] Accuracy(layer_7 - estimator_3 - 4_folds.train_1.predict)=67.46%
[ 2018-03-19 13:09:42,991][kfold_wrapper.log_eval_metrics] Accuracy(layer_7 - estimator_3 - 4_folds.train_2.predict)=70.24%
[ 2018-03-19 13:09:43,004][kfold_wrapper.log_eval_metrics] Accuracy(layer_7 - estimator_3 - 4_folds.train_3.predict)=69.05%
[ 2018-03-19 13:09:43,004][kfold_wrapper.log_eval_metrics] Accuracy(layer_7 - estimator_3 - 4_folds.train_cv.predict)=69.04%
[ 2018-03-19 13:09:43,005][cascade_classifier.calc_accuracy] Accuracy(layer_7 - train.classifier_average)=69.48%
[ 2018-03-19 13:09:43,005][cascade_classifier.fit_transform] [layer=8] look_indexs=[0], X_cur_train.shape=(675, 428), X_cur_test.shape=(0, 428)
[ 2018-03-19 13:09:43,510][kfold_wrapper.log_eval_metrics] Accuracy(layer_8 - estimator_0 - 5_folds.train_0.predict)=63.97%
[ 2018-03-19 13:09:44,014][kfold_wrapper.log_eval_metrics] Accuracy(layer_8 - estimator_0 - 5_folds.train_1.predict)=59.56%
[ 2018-03-19 13:09:44,513][kfold_wrapper.log_eval_metrics] Accuracy(layer_8 - estimator_0 - 5_folds.train_2.predict)=68.15%
[ 2018-03-19 13:09:45,013][kfold_wrapper.log_eval_metrics] Accuracy(layer_8 - estimator_0 - 5_folds.train_3.predict)=65.67%
[ 2018-03-19 13:09:45,522][kfold_wrapper.log_eval_metrics] Accuracy(layer_8 - estimator_0 - 5_folds.train_4.predict)=71.64%
[ 2018-03-19 13:09:45,522][kfold_wrapper.log_eval_metrics] Accuracy(layer_8 - estimator_0 - 5_folds.train_cv.predict)=65.78%
[ 2018-03-19 13:09:45,944][kfold_wrapper.log_eval_metrics] Accuracy(layer_8 - estimator_1 - 5_folds.train_0.predict)=72.06%
[ 2018-03-19 13:09:46,373][kfold_wrapper.log_eval_metrics] Accuracy(layer_8 - estimator_1 - 5_folds.train_1.predict)=61.03%
[ 2018-03-19 13:09:46,813][kfold_wrapper.log_eval_metrics] Accuracy(layer_8 - estimator_1 - 5_folds.train_2.predict)=60.74%
[ 2018-03-19 13:09:47,214][kfold_wrapper.log_eval_metrics] Accuracy(layer_8 - estimator_1 - 5_folds.train_3.predict)=64.93%
[ 2018-03-19 13:09:47,598][kfold_wrapper.log_eval_metrics] Accuracy(layer_8 - estimator_1 - 5_folds.train_4.predict)=70.90%
[ 2018-03-19 13:09:47,599][kfold_wrapper.log_eval_metrics] Accuracy(layer_8 - estimator_1 - 5_folds.train_cv.predict)=65.93%
[ 2018-03-19 13:09:48,012][kfold_wrapper.log_eval_metrics] Accuracy(layer_8 - estimator_2 - 5_folds.train_0.predict)=72.06%
[ 2018-03-19 13:09:48,395][kfold_wrapper.log_eval_metrics] Accuracy(layer_8 - estimator_2 - 5_folds.train_1.predict)=62.50%
[ 2018-03-19 13:09:48,822][kfold_wrapper.log_eval_metrics] Accuracy(layer_8 - estimator_2 - 5_folds.train_2.predict)=68.15%
[ 2018-03-19 13:09:49,233][kfold_wrapper.log_eval_metrics] Accuracy(layer_8 - estimator_2 - 5_folds.train_3.predict)=64.18%
[ 2018-03-19 13:09:49,657][kfold_wrapper.log_eval_metrics] Accuracy(layer_8 - estimator_2 - 5_folds.train_4.predict)=71.64%
[ 2018-03-19 13:09:49,658][kfold_wrapper.log_eval_metrics] Accuracy(layer_8 - estimator_2 - 5_folds.train_cv.predict)=67.70%
[ 2018-03-19 13:09:49,678][kfold_wrapper.log_eval_metrics] Accuracy(layer_8 - estimator_3 - 4_folds.train_0.predict)=65.88%
[ 2018-03-19 13:09:49,693][kfold_wrapper.log_eval_metrics] Accuracy(layer_8 - estimator_3 - 4_folds.train_1.predict)=65.09%
[ 2018-03-19 13:09:49,706][kfold_wrapper.log_eval_metrics] Accuracy(layer_8 - estimator_3 - 4_folds.train_2.predict)=58.33%
[ 2018-03-19 13:09:49,721][kfold_wrapper.log_eval_metrics] Accuracy(layer_8 - estimator_3 - 4_folds.train_3.predict)=57.74%
[ 2018-03-19 13:09:49,721][kfold_wrapper.log_eval_metrics] Accuracy(layer_8 - estimator_3 - 4_folds.train_cv.predict)=61.78%
[ 2018-03-19 13:09:49,722][cascade_classifier.calc_accuracy] Accuracy(layer_8 - train.classifier_average)=66.52%
[ 2018-03-19 13:09:49,722][cascade_classifier.fit_transform] [Result][Optimal Level Detected] opt_layer_num=6, accuracy_train=70.22%, accuracy_test=0.00%
[ 2018-03-19 13:09:49,731][cascade_classifier.transform] X_groups_test.shape=[(169, 420)]
[ 2018-03-19 13:09:49,732][cascade_classifier.transform] group_dims=[420]
[ 2018-03-19 13:09:49,732][cascade_classifier.transform] X_test.shape=(169, 420)
[ 2018-03-19 13:09:49,732][cascade_classifier.transform] [layer=0] look_indexs=[0], X_cur_test.shape=(169, 420)
[ 2018-03-19 13:09:51,150][cascade_classifier.transform] [layer=1] look_indexs=[0], X_cur_test.shape=(169, 428)
[ 2018-03-19 13:09:52,709][cascade_classifier.transform] [layer=2] look_indexs=[0], X_cur_test.shape=(169, 428)
[ 2018-03-19 13:09:54,185][cascade_classifier.transform] [layer=3] look_indexs=[0], X_cur_test.shape=(169, 428)
[ 2018-03-19 13:09:55,672][cascade_classifier.transform] [layer=4] look_indexs=[0], X_cur_test.shape=(169, 428)
[ 2018-03-19 13:09:57,183][cascade_classifier.transform] [layer=5] look_indexs=[0], X_cur_test.shape=(169, 428)
