[ 2018-03-19 12:45:06,327][cascade_classifier.fit_transform] X_groups_train.shape=[(675, 420)],y_train.shape=(675,),X_groups_test.shape=no_test,y_test.shape=no_test
[ 2018-03-19 12:45:06,329][cascade_classifier.fit_transform] group_dims=[420]
[ 2018-03-19 12:45:06,330][cascade_classifier.fit_transform] group_starts=[0]
[ 2018-03-19 12:45:06,330][cascade_classifier.fit_transform] group_ends=[420]
[ 2018-03-19 12:45:06,330][cascade_classifier.fit_transform] X_train.shape=(675, 420),X_test.shape=(0, 420)
[ 2018-03-19 12:45:06,334][cascade_classifier.fit_transform] [layer=0] look_indexs=[0], X_cur_train.shape=(675, 420), X_cur_test.shape=(0, 420)
[ 2018-03-19 12:45:07,129][kfold_wrapper.log_eval_metrics] Accuracy(layer_0 - estimator_0 - 5_folds.train_0.predict)=72.79%
[ 2018-03-19 12:45:07,911][kfold_wrapper.log_eval_metrics] Accuracy(layer_0 - estimator_0 - 5_folds.train_1.predict)=62.22%
[ 2018-03-19 12:45:08,686][kfold_wrapper.log_eval_metrics] Accuracy(layer_0 - estimator_0 - 5_folds.train_2.predict)=67.41%
[ 2018-03-19 12:45:09,403][kfold_wrapper.log_eval_metrics] Accuracy(layer_0 - estimator_0 - 5_folds.train_3.predict)=71.11%
[ 2018-03-19 12:45:10,263][kfold_wrapper.log_eval_metrics] Accuracy(layer_0 - estimator_0 - 5_folds.train_4.predict)=66.42%
[ 2018-03-19 12:45:10,264][kfold_wrapper.log_eval_metrics] Accuracy(layer_0 - estimator_0 - 5_folds.train_cv.predict)=68.00%
[ 2018-03-19 12:45:11,298][kfold_wrapper.log_eval_metrics] Accuracy(layer_0 - estimator_1 - 5_folds.train_0.predict)=64.71%
[ 2018-03-19 12:45:12,145][kfold_wrapper.log_eval_metrics] Accuracy(layer_0 - estimator_1 - 5_folds.train_1.predict)=62.22%
[ 2018-03-19 12:45:12,872][kfold_wrapper.log_eval_metrics] Accuracy(layer_0 - estimator_1 - 5_folds.train_2.predict)=63.70%
[ 2018-03-19 12:45:13,616][kfold_wrapper.log_eval_metrics] Accuracy(layer_0 - estimator_1 - 5_folds.train_3.predict)=66.67%
[ 2018-03-19 12:45:14,454][kfold_wrapper.log_eval_metrics] Accuracy(layer_0 - estimator_1 - 5_folds.train_4.predict)=64.18%
[ 2018-03-19 12:45:14,454][kfold_wrapper.log_eval_metrics] Accuracy(layer_0 - estimator_1 - 5_folds.train_cv.predict)=64.30%
[ 2018-03-19 12:45:15,209][kfold_wrapper.log_eval_metrics] Accuracy(layer_0 - estimator_2 - 5_folds.train_0.predict)=65.44%
[ 2018-03-19 12:45:16,188][kfold_wrapper.log_eval_metrics] Accuracy(layer_0 - estimator_2 - 5_folds.train_1.predict)=65.19%
[ 2018-03-19 12:45:17,104][kfold_wrapper.log_eval_metrics] Accuracy(layer_0 - estimator_2 - 5_folds.train_2.predict)=65.93%
[ 2018-03-19 12:45:18,002][kfold_wrapper.log_eval_metrics] Accuracy(layer_0 - estimator_2 - 5_folds.train_3.predict)=65.93%
[ 2018-03-19 12:45:18,888][kfold_wrapper.log_eval_metrics] Accuracy(layer_0 - estimator_2 - 5_folds.train_4.predict)=66.42%
[ 2018-03-19 12:45:18,889][kfold_wrapper.log_eval_metrics] Accuracy(layer_0 - estimator_2 - 5_folds.train_cv.predict)=65.78%
[ 2018-03-19 12:45:18,918][kfold_wrapper.log_eval_metrics] Accuracy(layer_0 - estimator_3 - 4_folds.train_0.predict)=62.94%
[ 2018-03-19 12:45:18,930][kfold_wrapper.log_eval_metrics] Accuracy(layer_0 - estimator_3 - 4_folds.train_1.predict)=64.50%
[ 2018-03-19 12:45:18,940][kfold_wrapper.log_eval_metrics] Accuracy(layer_0 - estimator_3 - 4_folds.train_2.predict)=60.71%
[ 2018-03-19 12:45:18,950][kfold_wrapper.log_eval_metrics] Accuracy(layer_0 - estimator_3 - 4_folds.train_3.predict)=66.67%
[ 2018-03-19 12:45:18,950][kfold_wrapper.log_eval_metrics] Accuracy(layer_0 - estimator_3 - 4_folds.train_cv.predict)=63.70%
[ 2018-03-19 12:45:18,951][cascade_classifier.calc_accuracy] Accuracy(layer_0 - train.classifier_average)=67.85%
[ 2018-03-19 12:45:18,952][cascade_classifier.fit_transform] [layer=1] look_indexs=[0], X_cur_train.shape=(675, 428), X_cur_test.shape=(0, 428)
[ 2018-03-19 12:45:19,755][kfold_wrapper.log_eval_metrics] Accuracy(layer_1 - estimator_0 - 5_folds.train_0.predict)=66.18%
[ 2018-03-19 12:45:20,548][kfold_wrapper.log_eval_metrics] Accuracy(layer_1 - estimator_0 - 5_folds.train_1.predict)=64.44%
[ 2018-03-19 12:45:21,399][kfold_wrapper.log_eval_metrics] Accuracy(layer_1 - estimator_0 - 5_folds.train_2.predict)=66.67%
[ 2018-03-19 12:45:22,117][kfold_wrapper.log_eval_metrics] Accuracy(layer_1 - estimator_0 - 5_folds.train_3.predict)=71.11%
[ 2018-03-19 12:45:22,833][kfold_wrapper.log_eval_metrics] Accuracy(layer_1 - estimator_0 - 5_folds.train_4.predict)=65.67%
[ 2018-03-19 12:45:22,834][kfold_wrapper.log_eval_metrics] Accuracy(layer_1 - estimator_0 - 5_folds.train_cv.predict)=66.81%
[ 2018-03-19 12:45:23,553][kfold_wrapper.log_eval_metrics] Accuracy(layer_1 - estimator_1 - 5_folds.train_0.predict)=72.06%
[ 2018-03-19 12:45:24,407][kfold_wrapper.log_eval_metrics] Accuracy(layer_1 - estimator_1 - 5_folds.train_1.predict)=67.41%
[ 2018-03-19 12:45:25,112][kfold_wrapper.log_eval_metrics] Accuracy(layer_1 - estimator_1 - 5_folds.train_2.predict)=65.93%
[ 2018-03-19 12:45:25,999][kfold_wrapper.log_eval_metrics] Accuracy(layer_1 - estimator_1 - 5_folds.train_3.predict)=66.67%
[ 2018-03-19 12:45:26,795][kfold_wrapper.log_eval_metrics] Accuracy(layer_1 - estimator_1 - 5_folds.train_4.predict)=70.15%
[ 2018-03-19 12:45:26,796][kfold_wrapper.log_eval_metrics] Accuracy(layer_1 - estimator_1 - 5_folds.train_cv.predict)=68.44%
[ 2018-03-19 12:45:27,701][kfold_wrapper.log_eval_metrics] Accuracy(layer_1 - estimator_2 - 5_folds.train_0.predict)=69.12%
[ 2018-03-19 12:45:28,580][kfold_wrapper.log_eval_metrics] Accuracy(layer_1 - estimator_2 - 5_folds.train_1.predict)=68.15%
[ 2018-03-19 12:45:29,476][kfold_wrapper.log_eval_metrics] Accuracy(layer_1 - estimator_2 - 5_folds.train_2.predict)=66.67%
[ 2018-03-19 12:45:30,295][kfold_wrapper.log_eval_metrics] Accuracy(layer_1 - estimator_2 - 5_folds.train_3.predict)=70.37%
[ 2018-03-19 12:45:31,167][kfold_wrapper.log_eval_metrics] Accuracy(layer_1 - estimator_2 - 5_folds.train_4.predict)=65.67%
[ 2018-03-19 12:45:31,167][kfold_wrapper.log_eval_metrics] Accuracy(layer_1 - estimator_2 - 5_folds.train_cv.predict)=68.00%
[ 2018-03-19 12:45:31,186][kfold_wrapper.log_eval_metrics] Accuracy(layer_1 - estimator_3 - 4_folds.train_0.predict)=70.00%
[ 2018-03-19 12:45:31,198][kfold_wrapper.log_eval_metrics] Accuracy(layer_1 - estimator_3 - 4_folds.train_1.predict)=69.23%
[ 2018-03-19 12:45:31,210][kfold_wrapper.log_eval_metrics] Accuracy(layer_1 - estimator_3 - 4_folds.train_2.predict)=66.07%
[ 2018-03-19 12:45:31,222][kfold_wrapper.log_eval_metrics] Accuracy(layer_1 - estimator_3 - 4_folds.train_3.predict)=73.21%
[ 2018-03-19 12:45:31,223][kfold_wrapper.log_eval_metrics] Accuracy(layer_1 - estimator_3 - 4_folds.train_cv.predict)=69.63%
[ 2018-03-19 12:45:31,223][cascade_classifier.calc_accuracy] Accuracy(layer_1 - train.classifier_average)=70.22%
[ 2018-03-19 12:45:31,226][cascade_classifier.fit_transform] [layer=2] look_indexs=[0], X_cur_train.shape=(675, 428), X_cur_test.shape=(0, 428)
[ 2018-03-19 12:45:31,968][kfold_wrapper.log_eval_metrics] Accuracy(layer_2 - estimator_0 - 5_folds.train_0.predict)=66.18%
[ 2018-03-19 12:45:32,712][kfold_wrapper.log_eval_metrics] Accuracy(layer_2 - estimator_0 - 5_folds.train_1.predict)=63.70%
[ 2018-03-19 12:45:33,433][kfold_wrapper.log_eval_metrics] Accuracy(layer_2 - estimator_0 - 5_folds.train_2.predict)=68.15%
[ 2018-03-19 12:45:34,111][kfold_wrapper.log_eval_metrics] Accuracy(layer_2 - estimator_0 - 5_folds.train_3.predict)=63.70%
[ 2018-03-19 12:45:34,836][kfold_wrapper.log_eval_metrics] Accuracy(layer_2 - estimator_0 - 5_folds.train_4.predict)=74.63%
[ 2018-03-19 12:45:34,837][kfold_wrapper.log_eval_metrics] Accuracy(layer_2 - estimator_0 - 5_folds.train_cv.predict)=67.26%
[ 2018-03-19 12:45:35,566][kfold_wrapper.log_eval_metrics] Accuracy(layer_2 - estimator_1 - 5_folds.train_0.predict)=61.03%
[ 2018-03-19 12:45:36,282][kfold_wrapper.log_eval_metrics] Accuracy(layer_2 - estimator_1 - 5_folds.train_1.predict)=69.63%
[ 2018-03-19 12:45:37,001][kfold_wrapper.log_eval_metrics] Accuracy(layer_2 - estimator_1 - 5_folds.train_2.predict)=68.15%
[ 2018-03-19 12:45:37,745][kfold_wrapper.log_eval_metrics] Accuracy(layer_2 - estimator_1 - 5_folds.train_3.predict)=72.59%
[ 2018-03-19 12:45:38,475][kfold_wrapper.log_eval_metrics] Accuracy(layer_2 - estimator_1 - 5_folds.train_4.predict)=70.15%
[ 2018-03-19 12:45:38,476][kfold_wrapper.log_eval_metrics] Accuracy(layer_2 - estimator_1 - 5_folds.train_cv.predict)=68.30%
[ 2018-03-19 12:45:39,180][kfold_wrapper.log_eval_metrics] Accuracy(layer_2 - estimator_2 - 5_folds.train_0.predict)=66.18%
[ 2018-03-19 12:45:39,908][kfold_wrapper.log_eval_metrics] Accuracy(layer_2 - estimator_2 - 5_folds.train_1.predict)=68.89%
[ 2018-03-19 12:45:40,979][kfold_wrapper.log_eval_metrics] Accuracy(layer_2 - estimator_2 - 5_folds.train_2.predict)=72.59%
[ 2018-03-19 12:45:41,813][kfold_wrapper.log_eval_metrics] Accuracy(layer_2 - estimator_2 - 5_folds.train_3.predict)=71.85%
[ 2018-03-19 12:45:42,536][kfold_wrapper.log_eval_metrics] Accuracy(layer_2 - estimator_2 - 5_folds.train_4.predict)=73.88%
[ 2018-03-19 12:45:42,536][kfold_wrapper.log_eval_metrics] Accuracy(layer_2 - estimator_2 - 5_folds.train_cv.predict)=70.67%
[ 2018-03-19 12:45:42,548][kfold_wrapper.log_eval_metrics] Accuracy(layer_2 - estimator_3 - 4_folds.train_0.predict)=57.65%
[ 2018-03-19 12:45:42,561][kfold_wrapper.log_eval_metrics] Accuracy(layer_2 - estimator_3 - 4_folds.train_1.predict)=62.72%
[ 2018-03-19 12:45:42,574][kfold_wrapper.log_eval_metrics] Accuracy(layer_2 - estimator_3 - 4_folds.train_2.predict)=61.31%
[ 2018-03-19 12:45:42,586][kfold_wrapper.log_eval_metrics] Accuracy(layer_2 - estimator_3 - 4_folds.train_3.predict)=64.29%
[ 2018-03-19 12:45:42,586][kfold_wrapper.log_eval_metrics] Accuracy(layer_2 - estimator_3 - 4_folds.train_cv.predict)=61.48%
[ 2018-03-19 12:45:42,586][cascade_classifier.calc_accuracy] Accuracy(layer_2 - train.classifier_average)=67.85%
[ 2018-03-19 12:45:42,587][cascade_classifier.fit_transform] [layer=3] look_indexs=[0], X_cur_train.shape=(675, 428), X_cur_test.shape=(0, 428)
[ 2018-03-19 12:45:43,362][kfold_wrapper.log_eval_metrics] Accuracy(layer_3 - estimator_0 - 5_folds.train_0.predict)=68.38%
[ 2018-03-19 12:45:44,066][kfold_wrapper.log_eval_metrics] Accuracy(layer_3 - estimator_0 - 5_folds.train_1.predict)=66.67%
[ 2018-03-19 12:45:44,833][kfold_wrapper.log_eval_metrics] Accuracy(layer_3 - estimator_0 - 5_folds.train_2.predict)=68.89%
[ 2018-03-19 12:45:45,596][kfold_wrapper.log_eval_metrics] Accuracy(layer_3 - estimator_0 - 5_folds.train_3.predict)=68.15%
[ 2018-03-19 12:45:46,555][kfold_wrapper.log_eval_metrics] Accuracy(layer_3 - estimator_0 - 5_folds.train_4.predict)=68.66%
[ 2018-03-19 12:45:46,555][kfold_wrapper.log_eval_metrics] Accuracy(layer_3 - estimator_0 - 5_folds.train_cv.predict)=68.15%
[ 2018-03-19 12:45:47,408][kfold_wrapper.log_eval_metrics] Accuracy(layer_3 - estimator_1 - 5_folds.train_0.predict)=68.38%
[ 2018-03-19 12:45:48,305][kfold_wrapper.log_eval_metrics] Accuracy(layer_3 - estimator_1 - 5_folds.train_1.predict)=71.85%
[ 2018-03-19 12:45:49,065][kfold_wrapper.log_eval_metrics] Accuracy(layer_3 - estimator_1 - 5_folds.train_2.predict)=65.19%
[ 2018-03-19 12:45:49,952][kfold_wrapper.log_eval_metrics] Accuracy(layer_3 - estimator_1 - 5_folds.train_3.predict)=64.44%
[ 2018-03-19 12:45:50,692][kfold_wrapper.log_eval_metrics] Accuracy(layer_3 - estimator_1 - 5_folds.train_4.predict)=68.66%
[ 2018-03-19 12:45:50,693][kfold_wrapper.log_eval_metrics] Accuracy(layer_3 - estimator_1 - 5_folds.train_cv.predict)=67.70%
[ 2018-03-19 12:45:51,540][kfold_wrapper.log_eval_metrics] Accuracy(layer_3 - estimator_2 - 5_folds.train_0.predict)=68.38%
[ 2018-03-19 12:45:52,418][kfold_wrapper.log_eval_metrics] Accuracy(layer_3 - estimator_2 - 5_folds.train_1.predict)=70.37%
[ 2018-03-19 12:45:53,315][kfold_wrapper.log_eval_metrics] Accuracy(layer_3 - estimator_2 - 5_folds.train_2.predict)=68.15%
[ 2018-03-19 12:45:54,024][kfold_wrapper.log_eval_metrics] Accuracy(layer_3 - estimator_2 - 5_folds.train_3.predict)=70.37%
[ 2018-03-19 12:45:54,895][kfold_wrapper.log_eval_metrics] Accuracy(layer_3 - estimator_2 - 5_folds.train_4.predict)=66.42%
[ 2018-03-19 12:45:54,896][kfold_wrapper.log_eval_metrics] Accuracy(layer_3 - estimator_2 - 5_folds.train_cv.predict)=68.74%
[ 2018-03-19 12:45:54,912][kfold_wrapper.log_eval_metrics] Accuracy(layer_3 - estimator_3 - 4_folds.train_0.predict)=77.65%
[ 2018-03-19 12:45:54,924][kfold_wrapper.log_eval_metrics] Accuracy(layer_3 - estimator_3 - 4_folds.train_1.predict)=72.19%
[ 2018-03-19 12:45:54,935][kfold_wrapper.log_eval_metrics] Accuracy(layer_3 - estimator_3 - 4_folds.train_2.predict)=73.81%
[ 2018-03-19 12:45:54,946][kfold_wrapper.log_eval_metrics] Accuracy(layer_3 - estimator_3 - 4_folds.train_3.predict)=70.24%
[ 2018-03-19 12:45:54,946][kfold_wrapper.log_eval_metrics] Accuracy(layer_3 - estimator_3 - 4_folds.train_cv.predict)=73.48%
[ 2018-03-19 12:45:54,946][cascade_classifier.calc_accuracy] Accuracy(layer_3 - train.classifier_average)=71.41%
[ 2018-03-19 12:45:54,947][cascade_classifier.fit_transform] [layer=4] look_indexs=[0], X_cur_train.shape=(675, 428), X_cur_test.shape=(0, 428)
[ 2018-03-19 12:45:55,712][kfold_wrapper.log_eval_metrics] Accuracy(layer_4 - estimator_0 - 5_folds.train_0.predict)=65.44%
[ 2018-03-19 12:45:56,516][kfold_wrapper.log_eval_metrics] Accuracy(layer_4 - estimator_0 - 5_folds.train_1.predict)=75.56%
[ 2018-03-19 12:45:57,278][kfold_wrapper.log_eval_metrics] Accuracy(layer_4 - estimator_0 - 5_folds.train_2.predict)=73.33%
[ 2018-03-19 12:45:58,080][kfold_wrapper.log_eval_metrics] Accuracy(layer_4 - estimator_0 - 5_folds.train_3.predict)=71.11%
[ 2018-03-19 12:45:58,847][kfold_wrapper.log_eval_metrics] Accuracy(layer_4 - estimator_0 - 5_folds.train_4.predict)=77.61%
[ 2018-03-19 12:45:58,847][kfold_wrapper.log_eval_metrics] Accuracy(layer_4 - estimator_0 - 5_folds.train_cv.predict)=72.59%
[ 2018-03-19 12:45:59,702][kfold_wrapper.log_eval_metrics] Accuracy(layer_4 - estimator_1 - 5_folds.train_0.predict)=72.79%
[ 2018-03-19 12:46:00,412][kfold_wrapper.log_eval_metrics] Accuracy(layer_4 - estimator_1 - 5_folds.train_1.predict)=73.33%
[ 2018-03-19 12:46:01,135][kfold_wrapper.log_eval_metrics] Accuracy(layer_4 - estimator_1 - 5_folds.train_2.predict)=72.59%
[ 2018-03-19 12:46:01,926][kfold_wrapper.log_eval_metrics] Accuracy(layer_4 - estimator_1 - 5_folds.train_3.predict)=71.11%
[ 2018-03-19 12:46:02,792][kfold_wrapper.log_eval_metrics] Accuracy(layer_4 - estimator_1 - 5_folds.train_4.predict)=76.12%
[ 2018-03-19 12:46:02,792][kfold_wrapper.log_eval_metrics] Accuracy(layer_4 - estimator_1 - 5_folds.train_cv.predict)=73.19%
[ 2018-03-19 12:46:03,627][kfold_wrapper.log_eval_metrics] Accuracy(layer_4 - estimator_2 - 5_folds.train_0.predict)=71.32%
[ 2018-03-19 12:46:04,733][kfold_wrapper.log_eval_metrics] Accuracy(layer_4 - estimator_2 - 5_folds.train_1.predict)=74.81%
[ 2018-03-19 12:46:05,906][kfold_wrapper.log_eval_metrics] Accuracy(layer_4 - estimator_2 - 5_folds.train_2.predict)=75.56%
[ 2018-03-19 12:46:06,761][kfold_wrapper.log_eval_metrics] Accuracy(layer_4 - estimator_2 - 5_folds.train_3.predict)=73.33%
[ 2018-03-19 12:46:07,908][kfold_wrapper.log_eval_metrics] Accuracy(layer_4 - estimator_2 - 5_folds.train_4.predict)=67.16%
[ 2018-03-19 12:46:07,908][kfold_wrapper.log_eval_metrics] Accuracy(layer_4 - estimator_2 - 5_folds.train_cv.predict)=72.44%
[ 2018-03-19 12:46:07,939][kfold_wrapper.log_eval_metrics] Accuracy(layer_4 - estimator_3 - 4_folds.train_0.predict)=68.24%
[ 2018-03-19 12:46:07,964][kfold_wrapper.log_eval_metrics] Accuracy(layer_4 - estimator_3 - 4_folds.train_1.predict)=66.27%
[ 2018-03-19 12:46:07,987][kfold_wrapper.log_eval_metrics] Accuracy(layer_4 - estimator_3 - 4_folds.train_2.predict)=68.45%
[ 2018-03-19 12:46:08,004][kfold_wrapper.log_eval_metrics] Accuracy(layer_4 - estimator_3 - 4_folds.train_3.predict)=59.52%
[ 2018-03-19 12:46:08,005][kfold_wrapper.log_eval_metrics] Accuracy(layer_4 - estimator_3 - 4_folds.train_cv.predict)=65.63%
[ 2018-03-19 12:46:08,005][cascade_classifier.calc_accuracy] Accuracy(layer_4 - train.classifier_average)=72.30%
[ 2018-03-19 12:46:08,005][cascade_classifier.fit_transform] [layer=5] look_indexs=[0], X_cur_train.shape=(675, 428), X_cur_test.shape=(0, 428)
[ 2018-03-19 12:46:09,154][kfold_wrapper.log_eval_metrics] Accuracy(layer_5 - estimator_0 - 5_folds.train_0.predict)=69.85%
[ 2018-03-19 12:46:10,343][kfold_wrapper.log_eval_metrics] Accuracy(layer_5 - estimator_0 - 5_folds.train_1.predict)=67.41%
[ 2018-03-19 12:46:11,330][kfold_wrapper.log_eval_metrics] Accuracy(layer_5 - estimator_0 - 5_folds.train_2.predict)=71.11%
[ 2018-03-19 12:46:12,201][kfold_wrapper.log_eval_metrics] Accuracy(layer_5 - estimator_0 - 5_folds.train_3.predict)=66.67%
[ 2018-03-19 12:46:13,099][kfold_wrapper.log_eval_metrics] Accuracy(layer_5 - estimator_0 - 5_folds.train_4.predict)=72.39%
[ 2018-03-19 12:46:13,100][kfold_wrapper.log_eval_metrics] Accuracy(layer_5 - estimator_0 - 5_folds.train_cv.predict)=69.48%
[ 2018-03-19 12:46:13,853][kfold_wrapper.log_eval_metrics] Accuracy(layer_5 - estimator_1 - 5_folds.train_0.predict)=67.65%
[ 2018-03-19 12:46:14,751][kfold_wrapper.log_eval_metrics] Accuracy(layer_5 - estimator_1 - 5_folds.train_1.predict)=69.63%
[ 2018-03-19 12:46:15,662][kfold_wrapper.log_eval_metrics] Accuracy(layer_5 - estimator_1 - 5_folds.train_2.predict)=71.85%
[ 2018-03-19 12:46:16,522][kfold_wrapper.log_eval_metrics] Accuracy(layer_5 - estimator_1 - 5_folds.train_3.predict)=76.30%
[ 2018-03-19 12:46:17,370][kfold_wrapper.log_eval_metrics] Accuracy(layer_5 - estimator_1 - 5_folds.train_4.predict)=75.37%
[ 2018-03-19 12:46:17,371][kfold_wrapper.log_eval_metrics] Accuracy(layer_5 - estimator_1 - 5_folds.train_cv.predict)=72.15%
[ 2018-03-19 12:46:18,289][kfold_wrapper.log_eval_metrics] Accuracy(layer_5 - estimator_2 - 5_folds.train_0.predict)=67.65%
[ 2018-03-19 12:46:19,229][kfold_wrapper.log_eval_metrics] Accuracy(layer_5 - estimator_2 - 5_folds.train_1.predict)=74.07%
[ 2018-03-19 12:46:20,125][kfold_wrapper.log_eval_metrics] Accuracy(layer_5 - estimator_2 - 5_folds.train_2.predict)=74.07%
[ 2018-03-19 12:46:21,073][kfold_wrapper.log_eval_metrics] Accuracy(layer_5 - estimator_2 - 5_folds.train_3.predict)=74.07%
[ 2018-03-19 12:46:22,846][kfold_wrapper.log_eval_metrics] Accuracy(layer_5 - estimator_2 - 5_folds.train_4.predict)=69.40%
[ 2018-03-19 12:46:22,847][kfold_wrapper.log_eval_metrics] Accuracy(layer_5 - estimator_2 - 5_folds.train_cv.predict)=71.85%
[ 2018-03-19 12:46:22,869][kfold_wrapper.log_eval_metrics] Accuracy(layer_5 - estimator_3 - 4_folds.train_0.predict)=67.06%
[ 2018-03-19 12:46:22,888][kfold_wrapper.log_eval_metrics] Accuracy(layer_5 - estimator_3 - 4_folds.train_1.predict)=73.37%
[ 2018-03-19 12:46:22,899][kfold_wrapper.log_eval_metrics] Accuracy(layer_5 - estimator_3 - 4_folds.train_2.predict)=70.24%
[ 2018-03-19 12:46:22,911][kfold_wrapper.log_eval_metrics] Accuracy(layer_5 - estimator_3 - 4_folds.train_3.predict)=72.02%
[ 2018-03-19 12:46:22,911][kfold_wrapper.log_eval_metrics] Accuracy(layer_5 - estimator_3 - 4_folds.train_cv.predict)=70.67%
[ 2018-03-19 12:46:22,911][cascade_classifier.calc_accuracy] Accuracy(layer_5 - train.classifier_average)=72.44%
[ 2018-03-19 12:46:22,912][cascade_classifier.fit_transform] [layer=6] look_indexs=[0], X_cur_train.shape=(675, 428), X_cur_test.shape=(0, 428)
[ 2018-03-19 12:46:23,874][kfold_wrapper.log_eval_metrics] Accuracy(layer_6 - estimator_0 - 5_folds.train_0.predict)=67.65%
[ 2018-03-19 12:46:24,658][kfold_wrapper.log_eval_metrics] Accuracy(layer_6 - estimator_0 - 5_folds.train_1.predict)=62.96%
[ 2018-03-19 12:46:25,345][kfold_wrapper.log_eval_metrics] Accuracy(layer_6 - estimator_0 - 5_folds.train_2.predict)=71.85%
[ 2018-03-19 12:46:26,201][kfold_wrapper.log_eval_metrics] Accuracy(layer_6 - estimator_0 - 5_folds.train_3.predict)=71.85%
[ 2018-03-19 12:46:27,727][kfold_wrapper.log_eval_metrics] Accuracy(layer_6 - estimator_0 - 5_folds.train_4.predict)=68.66%
[ 2018-03-19 12:46:27,727][kfold_wrapper.log_eval_metrics] Accuracy(layer_6 - estimator_0 - 5_folds.train_cv.predict)=68.59%
[ 2018-03-19 12:46:28,762][kfold_wrapper.log_eval_metrics] Accuracy(layer_6 - estimator_1 - 5_folds.train_0.predict)=72.06%
[ 2018-03-19 12:46:29,772][kfold_wrapper.log_eval_metrics] Accuracy(layer_6 - estimator_1 - 5_folds.train_1.predict)=69.63%
[ 2018-03-19 12:46:30,729][kfold_wrapper.log_eval_metrics] Accuracy(layer_6 - estimator_1 - 5_folds.train_2.predict)=72.59%
[ 2018-03-19 12:46:31,746][kfold_wrapper.log_eval_metrics] Accuracy(layer_6 - estimator_1 - 5_folds.train_3.predict)=72.59%
[ 2018-03-19 12:46:32,635][kfold_wrapper.log_eval_metrics] Accuracy(layer_6 - estimator_1 - 5_folds.train_4.predict)=64.93%
[ 2018-03-19 12:46:32,635][kfold_wrapper.log_eval_metrics] Accuracy(layer_6 - estimator_1 - 5_folds.train_cv.predict)=70.37%
[ 2018-03-19 12:46:33,492][kfold_wrapper.log_eval_metrics] Accuracy(layer_6 - estimator_2 - 5_folds.train_0.predict)=68.38%
[ 2018-03-19 12:46:34,283][kfold_wrapper.log_eval_metrics] Accuracy(layer_6 - estimator_2 - 5_folds.train_1.predict)=71.11%
[ 2018-03-19 12:46:35,041][kfold_wrapper.log_eval_metrics] Accuracy(layer_6 - estimator_2 - 5_folds.train_2.predict)=74.07%
[ 2018-03-19 12:46:35,946][kfold_wrapper.log_eval_metrics] Accuracy(layer_6 - estimator_2 - 5_folds.train_3.predict)=73.33%
[ 2018-03-19 12:46:36,845][kfold_wrapper.log_eval_metrics] Accuracy(layer_6 - estimator_2 - 5_folds.train_4.predict)=71.64%
[ 2018-03-19 12:46:36,846][kfold_wrapper.log_eval_metrics] Accuracy(layer_6 - estimator_2 - 5_folds.train_cv.predict)=71.70%
[ 2018-03-19 12:46:36,861][kfold_wrapper.log_eval_metrics] Accuracy(layer_6 - estimator_3 - 4_folds.train_0.predict)=61.76%
[ 2018-03-19 12:46:36,875][kfold_wrapper.log_eval_metrics] Accuracy(layer_6 - estimator_3 - 4_folds.train_1.predict)=63.31%
[ 2018-03-19 12:46:36,890][kfold_wrapper.log_eval_metrics] Accuracy(layer_6 - estimator_3 - 4_folds.train_2.predict)=66.07%
[ 2018-03-19 12:46:36,906][kfold_wrapper.log_eval_metrics] Accuracy(layer_6 - estimator_3 - 4_folds.train_3.predict)=64.88%
[ 2018-03-19 12:46:36,906][kfold_wrapper.log_eval_metrics] Accuracy(layer_6 - estimator_3 - 4_folds.train_cv.predict)=64.00%
[ 2018-03-19 12:46:36,906][cascade_classifier.calc_accuracy] Accuracy(layer_6 - train.classifier_average)=70.37%
[ 2018-03-19 12:46:36,907][cascade_classifier.fit_transform] [layer=7] look_indexs=[0], X_cur_train.shape=(675, 428), X_cur_test.shape=(0, 428)
[ 2018-03-19 12:46:37,717][kfold_wrapper.log_eval_metrics] Accuracy(layer_7 - estimator_0 - 5_folds.train_0.predict)=66.18%
[ 2018-03-19 12:46:38,557][kfold_wrapper.log_eval_metrics] Accuracy(layer_7 - estimator_0 - 5_folds.train_1.predict)=71.85%
[ 2018-03-19 12:46:39,373][kfold_wrapper.log_eval_metrics] Accuracy(layer_7 - estimator_0 - 5_folds.train_2.predict)=69.63%
[ 2018-03-19 12:46:40,259][kfold_wrapper.log_eval_metrics] Accuracy(layer_7 - estimator_0 - 5_folds.train_3.predict)=63.70%
[ 2018-03-19 12:46:41,067][kfold_wrapper.log_eval_metrics] Accuracy(layer_7 - estimator_0 - 5_folds.train_4.predict)=68.66%
[ 2018-03-19 12:46:41,067][kfold_wrapper.log_eval_metrics] Accuracy(layer_7 - estimator_0 - 5_folds.train_cv.predict)=68.00%
[ 2018-03-19 12:46:41,946][kfold_wrapper.log_eval_metrics] Accuracy(layer_7 - estimator_1 - 5_folds.train_0.predict)=66.18%
[ 2018-03-19 12:46:42,837][kfold_wrapper.log_eval_metrics] Accuracy(layer_7 - estimator_1 - 5_folds.train_1.predict)=68.15%
[ 2018-03-19 12:46:43,548][kfold_wrapper.log_eval_metrics] Accuracy(layer_7 - estimator_1 - 5_folds.train_2.predict)=68.15%
[ 2018-03-19 12:46:44,435][kfold_wrapper.log_eval_metrics] Accuracy(layer_7 - estimator_1 - 5_folds.train_3.predict)=73.33%
[ 2018-03-19 12:46:45,181][kfold_wrapper.log_eval_metrics] Accuracy(layer_7 - estimator_1 - 5_folds.train_4.predict)=73.13%
[ 2018-03-19 12:46:45,182][kfold_wrapper.log_eval_metrics] Accuracy(layer_7 - estimator_1 - 5_folds.train_cv.predict)=69.78%
[ 2018-03-19 12:46:46,066][kfold_wrapper.log_eval_metrics] Accuracy(layer_7 - estimator_2 - 5_folds.train_0.predict)=70.59%
[ 2018-03-19 12:46:46,939][kfold_wrapper.log_eval_metrics] Accuracy(layer_7 - estimator_2 - 5_folds.train_1.predict)=74.07%
[ 2018-03-19 12:46:47,791][kfold_wrapper.log_eval_metrics] Accuracy(layer_7 - estimator_2 - 5_folds.train_2.predict)=71.11%
[ 2018-03-19 12:46:48,678][kfold_wrapper.log_eval_metrics] Accuracy(layer_7 - estimator_2 - 5_folds.train_3.predict)=62.96%
[ 2018-03-19 12:46:49,574][kfold_wrapper.log_eval_metrics] Accuracy(layer_7 - estimator_2 - 5_folds.train_4.predict)=67.91%
[ 2018-03-19 12:46:49,575][kfold_wrapper.log_eval_metrics] Accuracy(layer_7 - estimator_2 - 5_folds.train_cv.predict)=69.33%
[ 2018-03-19 12:46:49,595][kfold_wrapper.log_eval_metrics] Accuracy(layer_7 - estimator_3 - 4_folds.train_0.predict)=74.12%
[ 2018-03-19 12:46:49,609][kfold_wrapper.log_eval_metrics] Accuracy(layer_7 - estimator_3 - 4_folds.train_1.predict)=71.01%
[ 2018-03-19 12:46:49,622][kfold_wrapper.log_eval_metrics] Accuracy(layer_7 - estimator_3 - 4_folds.train_2.predict)=66.67%
[ 2018-03-19 12:46:49,634][kfold_wrapper.log_eval_metrics] Accuracy(layer_7 - estimator_3 - 4_folds.train_3.predict)=70.83%
[ 2018-03-19 12:46:49,634][kfold_wrapper.log_eval_metrics] Accuracy(layer_7 - estimator_3 - 4_folds.train_cv.predict)=70.67%
[ 2018-03-19 12:46:49,634][cascade_classifier.calc_accuracy] Accuracy(layer_7 - train.classifier_average)=70.96%
[ 2018-03-19 12:46:49,635][cascade_classifier.fit_transform] [layer=8] look_indexs=[0], X_cur_train.shape=(675, 428), X_cur_test.shape=(0, 428)
[ 2018-03-19 12:46:50,349][kfold_wrapper.log_eval_metrics] Accuracy(layer_8 - estimator_0 - 5_folds.train_0.predict)=68.38%
[ 2018-03-19 12:46:51,153][kfold_wrapper.log_eval_metrics] Accuracy(layer_8 - estimator_0 - 5_folds.train_1.predict)=70.37%
[ 2018-03-19 12:46:52,210][kfold_wrapper.log_eval_metrics] Accuracy(layer_8 - estimator_0 - 5_folds.train_2.predict)=68.15%
[ 2018-03-19 12:46:53,055][kfold_wrapper.log_eval_metrics] Accuracy(layer_8 - estimator_0 - 5_folds.train_3.predict)=70.37%
[ 2018-03-19 12:46:53,845][kfold_wrapper.log_eval_metrics] Accuracy(layer_8 - estimator_0 - 5_folds.train_4.predict)=71.64%
[ 2018-03-19 12:46:53,845][kfold_wrapper.log_eval_metrics] Accuracy(layer_8 - estimator_0 - 5_folds.train_cv.predict)=69.78%
[ 2018-03-19 12:46:54,695][kfold_wrapper.log_eval_metrics] Accuracy(layer_8 - estimator_1 - 5_folds.train_0.predict)=67.65%
[ 2018-03-19 12:46:55,419][kfold_wrapper.log_eval_metrics] Accuracy(layer_8 - estimator_1 - 5_folds.train_1.predict)=65.93%
[ 2018-03-19 12:46:56,169][kfold_wrapper.log_eval_metrics] Accuracy(layer_8 - estimator_1 - 5_folds.train_2.predict)=70.37%
[ 2018-03-19 12:46:57,012][kfold_wrapper.log_eval_metrics] Accuracy(layer_8 - estimator_1 - 5_folds.train_3.predict)=72.59%
[ 2018-03-19 12:46:57,992][kfold_wrapper.log_eval_metrics] Accuracy(layer_8 - estimator_1 - 5_folds.train_4.predict)=68.66%
[ 2018-03-19 12:46:57,992][kfold_wrapper.log_eval_metrics] Accuracy(layer_8 - estimator_1 - 5_folds.train_cv.predict)=69.04%
[ 2018-03-19 12:46:58,936][kfold_wrapper.log_eval_metrics] Accuracy(layer_8 - estimator_2 - 5_folds.train_0.predict)=66.91%
[ 2018-03-19 12:46:59,807][kfold_wrapper.log_eval_metrics] Accuracy(layer_8 - estimator_2 - 5_folds.train_1.predict)=71.85%
[ 2018-03-19 12:47:00,723][kfold_wrapper.log_eval_metrics] Accuracy(layer_8 - estimator_2 - 5_folds.train_2.predict)=70.37%
[ 2018-03-19 12:47:01,606][kfold_wrapper.log_eval_metrics] Accuracy(layer_8 - estimator_2 - 5_folds.train_3.predict)=69.63%
[ 2018-03-19 12:47:02,515][kfold_wrapper.log_eval_metrics] Accuracy(layer_8 - estimator_2 - 5_folds.train_4.predict)=72.39%
[ 2018-03-19 12:47:02,515][kfold_wrapper.log_eval_metrics] Accuracy(layer_8 - estimator_2 - 5_folds.train_cv.predict)=70.22%
[ 2018-03-19 12:47:02,535][kfold_wrapper.log_eval_metrics] Accuracy(layer_8 - estimator_3 - 4_folds.train_0.predict)=55.29%
[ 2018-03-19 12:47:02,550][kfold_wrapper.log_eval_metrics] Accuracy(layer_8 - estimator_3 - 4_folds.train_1.predict)=63.91%
[ 2018-03-19 12:47:02,563][kfold_wrapper.log_eval_metrics] Accuracy(layer_8 - estimator_3 - 4_folds.train_2.predict)=63.69%
[ 2018-03-19 12:47:02,577][kfold_wrapper.log_eval_metrics] Accuracy(layer_8 - estimator_3 - 4_folds.train_3.predict)=62.50%
[ 2018-03-19 12:47:02,577][kfold_wrapper.log_eval_metrics] Accuracy(layer_8 - estimator_3 - 4_folds.train_cv.predict)=61.33%
[ 2018-03-19 12:47:02,577][cascade_classifier.calc_accuracy] Accuracy(layer_8 - train.classifier_average)=69.04%
[ 2018-03-19 12:47:02,577][cascade_classifier.fit_transform] [Result][Optimal Level Detected] opt_layer_num=6, accuracy_train=72.44%, accuracy_test=0.00%
[ 2018-03-19 12:47:02,600][cascade_classifier.transform] X_groups_test.shape=[(169, 420)]
[ 2018-03-19 12:47:02,600][cascade_classifier.transform] group_dims=[420]
[ 2018-03-19 12:47:02,600][cascade_classifier.transform] X_test.shape=(169, 420)
[ 2018-03-19 12:47:02,601][cascade_classifier.transform] [layer=0] look_indexs=[0], X_cur_test.shape=(169, 420)
[ 2018-03-19 12:47:04,047][cascade_classifier.transform] [layer=1] look_indexs=[0], X_cur_test.shape=(169, 428)
[ 2018-03-19 12:47:05,477][cascade_classifier.transform] [layer=2] look_indexs=[0], X_cur_test.shape=(169, 428)
[ 2018-03-19 12:47:06,992][cascade_classifier.transform] [layer=3] look_indexs=[0], X_cur_test.shape=(169, 428)
[ 2018-03-19 12:47:08,430][cascade_classifier.transform] [layer=4] look_indexs=[0], X_cur_test.shape=(169, 428)
[ 2018-03-19 12:47:09,868][cascade_classifier.transform] [layer=5] look_indexs=[0], X_cur_test.shape=(169, 428)
