[ 2018-03-19 13:07:23,930][cascade_classifier.fit_transform] X_groups_train.shape=[(675, 420)],y_train.shape=(675,),X_groups_test.shape=no_test,y_test.shape=no_test
[ 2018-03-19 13:07:23,932][cascade_classifier.fit_transform] group_dims=[420]
[ 2018-03-19 13:07:23,932][cascade_classifier.fit_transform] group_starts=[0]
[ 2018-03-19 13:07:23,932][cascade_classifier.fit_transform] group_ends=[420]
[ 2018-03-19 13:07:23,932][cascade_classifier.fit_transform] X_train.shape=(675, 420),X_test.shape=(0, 420)
[ 2018-03-19 13:07:23,934][cascade_classifier.fit_transform] [layer=0] look_indexs=[0], X_cur_train.shape=(675, 420), X_cur_test.shape=(0, 420)
[ 2018-03-19 13:07:24,575][kfold_wrapper.log_eval_metrics] Accuracy(layer_0 - estimator_0 - 5_folds.train_0.predict)=63.97%
[ 2018-03-19 13:07:25,203][kfold_wrapper.log_eval_metrics] Accuracy(layer_0 - estimator_0 - 5_folds.train_1.predict)=62.50%
[ 2018-03-19 13:07:25,714][kfold_wrapper.log_eval_metrics] Accuracy(layer_0 - estimator_0 - 5_folds.train_2.predict)=65.93%
[ 2018-03-19 13:07:26,210][kfold_wrapper.log_eval_metrics] Accuracy(layer_0 - estimator_0 - 5_folds.train_3.predict)=71.64%
[ 2018-03-19 13:07:26,670][kfold_wrapper.log_eval_metrics] Accuracy(layer_0 - estimator_0 - 5_folds.train_4.predict)=68.66%
[ 2018-03-19 13:07:26,671][kfold_wrapper.log_eval_metrics] Accuracy(layer_0 - estimator_0 - 5_folds.train_cv.predict)=66.52%
[ 2018-03-19 13:07:27,098][kfold_wrapper.log_eval_metrics] Accuracy(layer_0 - estimator_1 - 5_folds.train_0.predict)=67.65%
[ 2018-03-19 13:07:27,578][kfold_wrapper.log_eval_metrics] Accuracy(layer_0 - estimator_1 - 5_folds.train_1.predict)=66.18%
[ 2018-03-19 13:07:28,024][kfold_wrapper.log_eval_metrics] Accuracy(layer_0 - estimator_1 - 5_folds.train_2.predict)=65.93%
[ 2018-03-19 13:07:28,433][kfold_wrapper.log_eval_metrics] Accuracy(layer_0 - estimator_1 - 5_folds.train_3.predict)=63.43%
[ 2018-03-19 13:07:28,853][kfold_wrapper.log_eval_metrics] Accuracy(layer_0 - estimator_1 - 5_folds.train_4.predict)=66.42%
[ 2018-03-19 13:07:28,853][kfold_wrapper.log_eval_metrics] Accuracy(layer_0 - estimator_1 - 5_folds.train_cv.predict)=65.93%
[ 2018-03-19 13:07:29,270][kfold_wrapper.log_eval_metrics] Accuracy(layer_0 - estimator_2 - 5_folds.train_0.predict)=63.97%
[ 2018-03-19 13:07:29,706][kfold_wrapper.log_eval_metrics] Accuracy(layer_0 - estimator_2 - 5_folds.train_1.predict)=63.24%
[ 2018-03-19 13:07:30,143][kfold_wrapper.log_eval_metrics] Accuracy(layer_0 - estimator_2 - 5_folds.train_2.predict)=67.41%
[ 2018-03-19 13:07:30,558][kfold_wrapper.log_eval_metrics] Accuracy(layer_0 - estimator_2 - 5_folds.train_3.predict)=67.91%
[ 2018-03-19 13:07:30,959][kfold_wrapper.log_eval_metrics] Accuracy(layer_0 - estimator_2 - 5_folds.train_4.predict)=65.67%
[ 2018-03-19 13:07:30,960][kfold_wrapper.log_eval_metrics] Accuracy(layer_0 - estimator_2 - 5_folds.train_cv.predict)=65.63%
[ 2018-03-19 13:07:30,985][kfold_wrapper.log_eval_metrics] Accuracy(layer_0 - estimator_3 - 4_folds.train_0.predict)=65.68%
[ 2018-03-19 13:07:31,001][kfold_wrapper.log_eval_metrics] Accuracy(layer_0 - estimator_3 - 4_folds.train_1.predict)=68.64%
[ 2018-03-19 13:07:31,017][kfold_wrapper.log_eval_metrics] Accuracy(layer_0 - estimator_3 - 4_folds.train_2.predict)=62.13%
[ 2018-03-19 13:07:31,033][kfold_wrapper.log_eval_metrics] Accuracy(layer_0 - estimator_3 - 4_folds.train_3.predict)=70.83%
[ 2018-03-19 13:07:31,033][kfold_wrapper.log_eval_metrics] Accuracy(layer_0 - estimator_3 - 4_folds.train_cv.predict)=66.81%
[ 2018-03-19 13:07:31,033][cascade_classifier.calc_accuracy] Accuracy(layer_0 - train.classifier_average)=69.19%
[ 2018-03-19 13:07:31,035][cascade_classifier.fit_transform] [layer=1] look_indexs=[0], X_cur_train.shape=(675, 428), X_cur_test.shape=(0, 428)
[ 2018-03-19 13:07:31,700][kfold_wrapper.log_eval_metrics] Accuracy(layer_1 - estimator_0 - 5_folds.train_0.predict)=61.76%
[ 2018-03-19 13:07:32,197][kfold_wrapper.log_eval_metrics] Accuracy(layer_1 - estimator_0 - 5_folds.train_1.predict)=59.56%
[ 2018-03-19 13:07:32,718][kfold_wrapper.log_eval_metrics] Accuracy(layer_1 - estimator_0 - 5_folds.train_2.predict)=69.63%
[ 2018-03-19 13:07:33,209][kfold_wrapper.log_eval_metrics] Accuracy(layer_1 - estimator_0 - 5_folds.train_3.predict)=67.91%
[ 2018-03-19 13:07:33,715][kfold_wrapper.log_eval_metrics] Accuracy(layer_1 - estimator_0 - 5_folds.train_4.predict)=60.45%
[ 2018-03-19 13:07:33,715][kfold_wrapper.log_eval_metrics] Accuracy(layer_1 - estimator_0 - 5_folds.train_cv.predict)=63.85%
[ 2018-03-19 13:07:34,121][kfold_wrapper.log_eval_metrics] Accuracy(layer_1 - estimator_1 - 5_folds.train_0.predict)=66.18%
[ 2018-03-19 13:07:34,555][kfold_wrapper.log_eval_metrics] Accuracy(layer_1 - estimator_1 - 5_folds.train_1.predict)=66.18%
[ 2018-03-19 13:07:34,972][kfold_wrapper.log_eval_metrics] Accuracy(layer_1 - estimator_1 - 5_folds.train_2.predict)=66.67%
[ 2018-03-19 13:07:35,403][kfold_wrapper.log_eval_metrics] Accuracy(layer_1 - estimator_1 - 5_folds.train_3.predict)=68.66%
[ 2018-03-19 13:07:35,826][kfold_wrapper.log_eval_metrics] Accuracy(layer_1 - estimator_1 - 5_folds.train_4.predict)=64.93%
[ 2018-03-19 13:07:35,826][kfold_wrapper.log_eval_metrics] Accuracy(layer_1 - estimator_1 - 5_folds.train_cv.predict)=66.52%
[ 2018-03-19 13:07:36,244][kfold_wrapper.log_eval_metrics] Accuracy(layer_1 - estimator_2 - 5_folds.train_0.predict)=72.06%
[ 2018-03-19 13:07:36,675][kfold_wrapper.log_eval_metrics] Accuracy(layer_1 - estimator_2 - 5_folds.train_1.predict)=70.59%
[ 2018-03-19 13:07:37,104][kfold_wrapper.log_eval_metrics] Accuracy(layer_1 - estimator_2 - 5_folds.train_2.predict)=66.67%
[ 2018-03-19 13:07:37,567][kfold_wrapper.log_eval_metrics] Accuracy(layer_1 - estimator_2 - 5_folds.train_3.predict)=68.66%
[ 2018-03-19 13:07:37,993][kfold_wrapper.log_eval_metrics] Accuracy(layer_1 - estimator_2 - 5_folds.train_4.predict)=70.90%
[ 2018-03-19 13:07:37,994][kfold_wrapper.log_eval_metrics] Accuracy(layer_1 - estimator_2 - 5_folds.train_cv.predict)=69.78%
[ 2018-03-19 13:07:38,012][kfold_wrapper.log_eval_metrics] Accuracy(layer_1 - estimator_3 - 4_folds.train_0.predict)=77.51%
[ 2018-03-19 13:07:38,025][kfold_wrapper.log_eval_metrics] Accuracy(layer_1 - estimator_3 - 4_folds.train_1.predict)=61.54%
[ 2018-03-19 13:07:38,038][kfold_wrapper.log_eval_metrics] Accuracy(layer_1 - estimator_3 - 4_folds.train_2.predict)=69.23%
[ 2018-03-19 13:07:38,050][kfold_wrapper.log_eval_metrics] Accuracy(layer_1 - estimator_3 - 4_folds.train_3.predict)=69.05%
[ 2018-03-19 13:07:38,050][kfold_wrapper.log_eval_metrics] Accuracy(layer_1 - estimator_3 - 4_folds.train_cv.predict)=69.33%
[ 2018-03-19 13:07:38,050][cascade_classifier.calc_accuracy] Accuracy(layer_1 - train.classifier_average)=69.48%
[ 2018-03-19 13:07:38,051][cascade_classifier.fit_transform] [layer=2] look_indexs=[0], X_cur_train.shape=(675, 428), X_cur_test.shape=(0, 428)
[ 2018-03-19 13:07:38,559][kfold_wrapper.log_eval_metrics] Accuracy(layer_2 - estimator_0 - 5_folds.train_0.predict)=65.44%
[ 2018-03-19 13:07:39,056][kfold_wrapper.log_eval_metrics] Accuracy(layer_2 - estimator_0 - 5_folds.train_1.predict)=62.50%
[ 2018-03-19 13:07:39,587][kfold_wrapper.log_eval_metrics] Accuracy(layer_2 - estimator_0 - 5_folds.train_2.predict)=66.67%
[ 2018-03-19 13:07:40,262][kfold_wrapper.log_eval_metrics] Accuracy(layer_2 - estimator_0 - 5_folds.train_3.predict)=65.67%
[ 2018-03-19 13:07:41,037][kfold_wrapper.log_eval_metrics] Accuracy(layer_2 - estimator_0 - 5_folds.train_4.predict)=62.69%
[ 2018-03-19 13:07:41,039][kfold_wrapper.log_eval_metrics] Accuracy(layer_2 - estimator_0 - 5_folds.train_cv.predict)=64.59%
[ 2018-03-19 13:07:41,459][kfold_wrapper.log_eval_metrics] Accuracy(layer_2 - estimator_1 - 5_folds.train_0.predict)=67.65%
[ 2018-03-19 13:07:41,869][kfold_wrapper.log_eval_metrics] Accuracy(layer_2 - estimator_1 - 5_folds.train_1.predict)=69.85%
[ 2018-03-19 13:07:42,289][kfold_wrapper.log_eval_metrics] Accuracy(layer_2 - estimator_1 - 5_folds.train_2.predict)=67.41%
[ 2018-03-19 13:07:42,713][kfold_wrapper.log_eval_metrics] Accuracy(layer_2 - estimator_1 - 5_folds.train_3.predict)=74.63%
[ 2018-03-19 13:07:43,159][kfold_wrapper.log_eval_metrics] Accuracy(layer_2 - estimator_1 - 5_folds.train_4.predict)=64.18%
[ 2018-03-19 13:07:43,160][kfold_wrapper.log_eval_metrics] Accuracy(layer_2 - estimator_1 - 5_folds.train_cv.predict)=68.74%
[ 2018-03-19 13:07:43,582][kfold_wrapper.log_eval_metrics] Accuracy(layer_2 - estimator_2 - 5_folds.train_0.predict)=67.65%
[ 2018-03-19 13:07:44,001][kfold_wrapper.log_eval_metrics] Accuracy(layer_2 - estimator_2 - 5_folds.train_1.predict)=72.06%
[ 2018-03-19 13:07:44,434][kfold_wrapper.log_eval_metrics] Accuracy(layer_2 - estimator_2 - 5_folds.train_2.predict)=63.70%
[ 2018-03-19 13:07:44,848][kfold_wrapper.log_eval_metrics] Accuracy(layer_2 - estimator_2 - 5_folds.train_3.predict)=67.91%
[ 2018-03-19 13:07:45,254][kfold_wrapper.log_eval_metrics] Accuracy(layer_2 - estimator_2 - 5_folds.train_4.predict)=67.91%
[ 2018-03-19 13:07:45,254][kfold_wrapper.log_eval_metrics] Accuracy(layer_2 - estimator_2 - 5_folds.train_cv.predict)=67.85%
[ 2018-03-19 13:07:45,269][kfold_wrapper.log_eval_metrics] Accuracy(layer_2 - estimator_3 - 4_folds.train_0.predict)=66.86%
[ 2018-03-19 13:07:45,280][kfold_wrapper.log_eval_metrics] Accuracy(layer_2 - estimator_3 - 4_folds.train_1.predict)=63.91%
[ 2018-03-19 13:07:45,290][kfold_wrapper.log_eval_metrics] Accuracy(layer_2 - estimator_3 - 4_folds.train_2.predict)=63.91%
[ 2018-03-19 13:07:45,306][kfold_wrapper.log_eval_metrics] Accuracy(layer_2 - estimator_3 - 4_folds.train_3.predict)=67.26%
[ 2018-03-19 13:07:45,306][kfold_wrapper.log_eval_metrics] Accuracy(layer_2 - estimator_3 - 4_folds.train_cv.predict)=65.48%
[ 2018-03-19 13:07:45,306][cascade_classifier.calc_accuracy] Accuracy(layer_2 - train.classifier_average)=67.70%
[ 2018-03-19 13:07:45,308][cascade_classifier.fit_transform] [layer=3] look_indexs=[0], X_cur_train.shape=(675, 428), X_cur_test.shape=(0, 428)
[ 2018-03-19 13:07:45,844][kfold_wrapper.log_eval_metrics] Accuracy(layer_3 - estimator_0 - 5_folds.train_0.predict)=70.59%
[ 2018-03-19 13:07:46,348][kfold_wrapper.log_eval_metrics] Accuracy(layer_3 - estimator_0 - 5_folds.train_1.predict)=63.24%
[ 2018-03-19 13:07:46,841][kfold_wrapper.log_eval_metrics] Accuracy(layer_3 - estimator_0 - 5_folds.train_2.predict)=61.48%
[ 2018-03-19 13:07:47,317][kfold_wrapper.log_eval_metrics] Accuracy(layer_3 - estimator_0 - 5_folds.train_3.predict)=65.67%
[ 2018-03-19 13:07:47,828][kfold_wrapper.log_eval_metrics] Accuracy(layer_3 - estimator_0 - 5_folds.train_4.predict)=61.19%
[ 2018-03-19 13:07:47,828][kfold_wrapper.log_eval_metrics] Accuracy(layer_3 - estimator_0 - 5_folds.train_cv.predict)=64.44%
[ 2018-03-19 13:07:48,238][kfold_wrapper.log_eval_metrics] Accuracy(layer_3 - estimator_1 - 5_folds.train_0.predict)=63.97%
[ 2018-03-19 13:07:48,677][kfold_wrapper.log_eval_metrics] Accuracy(layer_3 - estimator_1 - 5_folds.train_1.predict)=69.12%
[ 2018-03-19 13:07:49,097][kfold_wrapper.log_eval_metrics] Accuracy(layer_3 - estimator_1 - 5_folds.train_2.predict)=64.44%
[ 2018-03-19 13:07:49,502][kfold_wrapper.log_eval_metrics] Accuracy(layer_3 - estimator_1 - 5_folds.train_3.predict)=65.67%
[ 2018-03-19 13:07:49,934][kfold_wrapper.log_eval_metrics] Accuracy(layer_3 - estimator_1 - 5_folds.train_4.predict)=69.40%
[ 2018-03-19 13:07:49,934][kfold_wrapper.log_eval_metrics] Accuracy(layer_3 - estimator_1 - 5_folds.train_cv.predict)=66.52%
[ 2018-03-19 13:07:50,354][kfold_wrapper.log_eval_metrics] Accuracy(layer_3 - estimator_2 - 5_folds.train_0.predict)=67.65%
[ 2018-03-19 13:07:50,774][kfold_wrapper.log_eval_metrics] Accuracy(layer_3 - estimator_2 - 5_folds.train_1.predict)=63.24%
[ 2018-03-19 13:07:51,217][kfold_wrapper.log_eval_metrics] Accuracy(layer_3 - estimator_2 - 5_folds.train_2.predict)=66.67%
[ 2018-03-19 13:07:51,636][kfold_wrapper.log_eval_metrics] Accuracy(layer_3 - estimator_2 - 5_folds.train_3.predict)=71.64%
[ 2018-03-19 13:07:52,046][kfold_wrapper.log_eval_metrics] Accuracy(layer_3 - estimator_2 - 5_folds.train_4.predict)=68.66%
[ 2018-03-19 13:07:52,046][kfold_wrapper.log_eval_metrics] Accuracy(layer_3 - estimator_2 - 5_folds.train_cv.predict)=67.56%
[ 2018-03-19 13:07:52,065][kfold_wrapper.log_eval_metrics] Accuracy(layer_3 - estimator_3 - 4_folds.train_0.predict)=71.01%
[ 2018-03-19 13:07:52,078][kfold_wrapper.log_eval_metrics] Accuracy(layer_3 - estimator_3 - 4_folds.train_1.predict)=69.82%
[ 2018-03-19 13:07:52,093][kfold_wrapper.log_eval_metrics] Accuracy(layer_3 - estimator_3 - 4_folds.train_2.predict)=71.01%
[ 2018-03-19 13:07:52,105][kfold_wrapper.log_eval_metrics] Accuracy(layer_3 - estimator_3 - 4_folds.train_3.predict)=65.48%
[ 2018-03-19 13:07:52,105][kfold_wrapper.log_eval_metrics] Accuracy(layer_3 - estimator_3 - 4_folds.train_cv.predict)=69.33%
[ 2018-03-19 13:07:52,105][cascade_classifier.calc_accuracy] Accuracy(layer_3 - train.classifier_average)=70.07%
[ 2018-03-19 13:07:52,106][cascade_classifier.fit_transform] [layer=4] look_indexs=[0], X_cur_train.shape=(675, 428), X_cur_test.shape=(0, 428)
[ 2018-03-19 13:07:52,619][kfold_wrapper.log_eval_metrics] Accuracy(layer_4 - estimator_0 - 5_folds.train_0.predict)=66.18%
[ 2018-03-19 13:07:53,094][kfold_wrapper.log_eval_metrics] Accuracy(layer_4 - estimator_0 - 5_folds.train_1.predict)=72.06%
[ 2018-03-19 13:07:53,560][kfold_wrapper.log_eval_metrics] Accuracy(layer_4 - estimator_0 - 5_folds.train_2.predict)=69.63%
[ 2018-03-19 13:07:54,019][kfold_wrapper.log_eval_metrics] Accuracy(layer_4 - estimator_0 - 5_folds.train_3.predict)=62.69%
[ 2018-03-19 13:07:54,505][kfold_wrapper.log_eval_metrics] Accuracy(layer_4 - estimator_0 - 5_folds.train_4.predict)=70.90%
[ 2018-03-19 13:07:54,506][kfold_wrapper.log_eval_metrics] Accuracy(layer_4 - estimator_0 - 5_folds.train_cv.predict)=68.30%
[ 2018-03-19 13:07:54,908][kfold_wrapper.log_eval_metrics] Accuracy(layer_4 - estimator_1 - 5_folds.train_0.predict)=72.06%
[ 2018-03-19 13:07:55,345][kfold_wrapper.log_eval_metrics] Accuracy(layer_4 - estimator_1 - 5_folds.train_1.predict)=69.12%
[ 2018-03-19 13:07:55,756][kfold_wrapper.log_eval_metrics] Accuracy(layer_4 - estimator_1 - 5_folds.train_2.predict)=68.15%
[ 2018-03-19 13:07:56,194][kfold_wrapper.log_eval_metrics] Accuracy(layer_4 - estimator_1 - 5_folds.train_3.predict)=64.93%
[ 2018-03-19 13:07:56,624][kfold_wrapper.log_eval_metrics] Accuracy(layer_4 - estimator_1 - 5_folds.train_4.predict)=67.16%
[ 2018-03-19 13:07:56,625][kfold_wrapper.log_eval_metrics] Accuracy(layer_4 - estimator_1 - 5_folds.train_cv.predict)=68.30%
[ 2018-03-19 13:07:57,037][kfold_wrapper.log_eval_metrics] Accuracy(layer_4 - estimator_2 - 5_folds.train_0.predict)=69.85%
[ 2018-03-19 13:07:57,435][kfold_wrapper.log_eval_metrics] Accuracy(layer_4 - estimator_2 - 5_folds.train_1.predict)=63.24%
[ 2018-03-19 13:07:57,854][kfold_wrapper.log_eval_metrics] Accuracy(layer_4 - estimator_2 - 5_folds.train_2.predict)=68.15%
[ 2018-03-19 13:07:58,280][kfold_wrapper.log_eval_metrics] Accuracy(layer_4 - estimator_2 - 5_folds.train_3.predict)=66.42%
[ 2018-03-19 13:07:58,691][kfold_wrapper.log_eval_metrics] Accuracy(layer_4 - estimator_2 - 5_folds.train_4.predict)=71.64%
[ 2018-03-19 13:07:58,692][kfold_wrapper.log_eval_metrics] Accuracy(layer_4 - estimator_2 - 5_folds.train_cv.predict)=67.85%
[ 2018-03-19 13:07:58,711][kfold_wrapper.log_eval_metrics] Accuracy(layer_4 - estimator_3 - 4_folds.train_0.predict)=62.72%
[ 2018-03-19 13:07:58,724][kfold_wrapper.log_eval_metrics] Accuracy(layer_4 - estimator_3 - 4_folds.train_1.predict)=66.27%
[ 2018-03-19 13:07:58,737][kfold_wrapper.log_eval_metrics] Accuracy(layer_4 - estimator_3 - 4_folds.train_2.predict)=67.46%
[ 2018-03-19 13:07:58,752][kfold_wrapper.log_eval_metrics] Accuracy(layer_4 - estimator_3 - 4_folds.train_3.predict)=64.88%
[ 2018-03-19 13:07:58,752][kfold_wrapper.log_eval_metrics] Accuracy(layer_4 - estimator_3 - 4_folds.train_cv.predict)=65.33%
[ 2018-03-19 13:07:58,753][cascade_classifier.calc_accuracy] Accuracy(layer_4 - train.classifier_average)=69.04%
[ 2018-03-19 13:07:58,753][cascade_classifier.fit_transform] [layer=5] look_indexs=[0], X_cur_train.shape=(675, 428), X_cur_test.shape=(0, 428)
[ 2018-03-19 13:07:59,270][kfold_wrapper.log_eval_metrics] Accuracy(layer_5 - estimator_0 - 5_folds.train_0.predict)=61.03%
[ 2018-03-19 13:07:59,772][kfold_wrapper.log_eval_metrics] Accuracy(layer_5 - estimator_0 - 5_folds.train_1.predict)=65.44%
[ 2018-03-19 13:08:00,295][kfold_wrapper.log_eval_metrics] Accuracy(layer_5 - estimator_0 - 5_folds.train_2.predict)=63.70%
[ 2018-03-19 13:08:00,811][kfold_wrapper.log_eval_metrics] Accuracy(layer_5 - estimator_0 - 5_folds.train_3.predict)=71.64%
[ 2018-03-19 13:08:01,321][kfold_wrapper.log_eval_metrics] Accuracy(layer_5 - estimator_0 - 5_folds.train_4.predict)=65.67%
[ 2018-03-19 13:08:01,321][kfold_wrapper.log_eval_metrics] Accuracy(layer_5 - estimator_0 - 5_folds.train_cv.predict)=65.48%
[ 2018-03-19 13:08:01,757][kfold_wrapper.log_eval_metrics] Accuracy(layer_5 - estimator_1 - 5_folds.train_0.predict)=65.44%
[ 2018-03-19 13:08:02,185][kfold_wrapper.log_eval_metrics] Accuracy(layer_5 - estimator_1 - 5_folds.train_1.predict)=68.38%
[ 2018-03-19 13:08:02,613][kfold_wrapper.log_eval_metrics] Accuracy(layer_5 - estimator_1 - 5_folds.train_2.predict)=64.44%
[ 2018-03-19 13:08:03,039][kfold_wrapper.log_eval_metrics] Accuracy(layer_5 - estimator_1 - 5_folds.train_3.predict)=70.15%
[ 2018-03-19 13:08:03,471][kfold_wrapper.log_eval_metrics] Accuracy(layer_5 - estimator_1 - 5_folds.train_4.predict)=60.45%
[ 2018-03-19 13:08:03,472][kfold_wrapper.log_eval_metrics] Accuracy(layer_5 - estimator_1 - 5_folds.train_cv.predict)=65.78%
[ 2018-03-19 13:08:03,890][kfold_wrapper.log_eval_metrics] Accuracy(layer_5 - estimator_2 - 5_folds.train_0.predict)=69.85%
[ 2018-03-19 13:08:04,306][kfold_wrapper.log_eval_metrics] Accuracy(layer_5 - estimator_2 - 5_folds.train_1.predict)=69.12%
[ 2018-03-19 13:08:04,750][kfold_wrapper.log_eval_metrics] Accuracy(layer_5 - estimator_2 - 5_folds.train_2.predict)=67.41%
[ 2018-03-19 13:08:05,177][kfold_wrapper.log_eval_metrics] Accuracy(layer_5 - estimator_2 - 5_folds.train_3.predict)=68.66%
[ 2018-03-19 13:08:05,599][kfold_wrapper.log_eval_metrics] Accuracy(layer_5 - estimator_2 - 5_folds.train_4.predict)=66.42%
[ 2018-03-19 13:08:05,600][kfold_wrapper.log_eval_metrics] Accuracy(layer_5 - estimator_2 - 5_folds.train_cv.predict)=68.30%
[ 2018-03-19 13:08:05,618][kfold_wrapper.log_eval_metrics] Accuracy(layer_5 - estimator_3 - 4_folds.train_0.predict)=63.91%
[ 2018-03-19 13:08:05,631][kfold_wrapper.log_eval_metrics] Accuracy(layer_5 - estimator_3 - 4_folds.train_1.predict)=66.86%
[ 2018-03-19 13:08:05,643][kfold_wrapper.log_eval_metrics] Accuracy(layer_5 - estimator_3 - 4_folds.train_2.predict)=73.37%
[ 2018-03-19 13:08:05,655][kfold_wrapper.log_eval_metrics] Accuracy(layer_5 - estimator_3 - 4_folds.train_3.predict)=70.83%
[ 2018-03-19 13:08:05,656][kfold_wrapper.log_eval_metrics] Accuracy(layer_5 - estimator_3 - 4_folds.train_cv.predict)=68.74%
[ 2018-03-19 13:08:05,656][cascade_classifier.calc_accuracy] Accuracy(layer_5 - train.classifier_average)=68.89%
[ 2018-03-19 13:08:05,657][cascade_classifier.fit_transform] [layer=6] look_indexs=[0], X_cur_train.shape=(675, 428), X_cur_test.shape=(0, 428)
[ 2018-03-19 13:08:06,181][kfold_wrapper.log_eval_metrics] Accuracy(layer_6 - estimator_0 - 5_folds.train_0.predict)=62.50%
[ 2018-03-19 13:08:06,689][kfold_wrapper.log_eval_metrics] Accuracy(layer_6 - estimator_0 - 5_folds.train_1.predict)=61.03%
[ 2018-03-19 13:08:07,169][kfold_wrapper.log_eval_metrics] Accuracy(layer_6 - estimator_0 - 5_folds.train_2.predict)=69.63%
[ 2018-03-19 13:08:07,641][kfold_wrapper.log_eval_metrics] Accuracy(layer_6 - estimator_0 - 5_folds.train_3.predict)=66.42%
[ 2018-03-19 13:08:08,128][kfold_wrapper.log_eval_metrics] Accuracy(layer_6 - estimator_0 - 5_folds.train_4.predict)=64.93%
[ 2018-03-19 13:08:08,128][kfold_wrapper.log_eval_metrics] Accuracy(layer_6 - estimator_0 - 5_folds.train_cv.predict)=64.89%
[ 2018-03-19 13:08:08,548][kfold_wrapper.log_eval_metrics] Accuracy(layer_6 - estimator_1 - 5_folds.train_0.predict)=69.85%
[ 2018-03-19 13:08:08,981][kfold_wrapper.log_eval_metrics] Accuracy(layer_6 - estimator_1 - 5_folds.train_1.predict)=69.12%
[ 2018-03-19 13:08:09,400][kfold_wrapper.log_eval_metrics] Accuracy(layer_6 - estimator_1 - 5_folds.train_2.predict)=65.19%
[ 2018-03-19 13:08:09,843][kfold_wrapper.log_eval_metrics] Accuracy(layer_6 - estimator_1 - 5_folds.train_3.predict)=66.42%
[ 2018-03-19 13:08:10,447][kfold_wrapper.log_eval_metrics] Accuracy(layer_6 - estimator_1 - 5_folds.train_4.predict)=67.16%
[ 2018-03-19 13:08:10,448][kfold_wrapper.log_eval_metrics] Accuracy(layer_6 - estimator_1 - 5_folds.train_cv.predict)=67.56%
[ 2018-03-19 13:08:11,074][kfold_wrapper.log_eval_metrics] Accuracy(layer_6 - estimator_2 - 5_folds.train_0.predict)=65.44%
[ 2018-03-19 13:08:11,574][kfold_wrapper.log_eval_metrics] Accuracy(layer_6 - estimator_2 - 5_folds.train_1.predict)=60.29%
[ 2018-03-19 13:08:11,991][kfold_wrapper.log_eval_metrics] Accuracy(layer_6 - estimator_2 - 5_folds.train_2.predict)=68.15%
[ 2018-03-19 13:08:12,424][kfold_wrapper.log_eval_metrics] Accuracy(layer_6 - estimator_2 - 5_folds.train_3.predict)=69.40%
[ 2018-03-19 13:08:12,859][kfold_wrapper.log_eval_metrics] Accuracy(layer_6 - estimator_2 - 5_folds.train_4.predict)=66.42%
[ 2018-03-19 13:08:12,859][kfold_wrapper.log_eval_metrics] Accuracy(layer_6 - estimator_2 - 5_folds.train_cv.predict)=65.93%
[ 2018-03-19 13:08:12,879][kfold_wrapper.log_eval_metrics] Accuracy(layer_6 - estimator_3 - 4_folds.train_0.predict)=68.64%
[ 2018-03-19 13:08:12,893][kfold_wrapper.log_eval_metrics] Accuracy(layer_6 - estimator_3 - 4_folds.train_1.predict)=65.09%
[ 2018-03-19 13:08:12,906][kfold_wrapper.log_eval_metrics] Accuracy(layer_6 - estimator_3 - 4_folds.train_2.predict)=59.17%
[ 2018-03-19 13:08:12,925][kfold_wrapper.log_eval_metrics] Accuracy(layer_6 - estimator_3 - 4_folds.train_3.predict)=64.88%
[ 2018-03-19 13:08:12,925][kfold_wrapper.log_eval_metrics] Accuracy(layer_6 - estimator_3 - 4_folds.train_cv.predict)=64.44%
[ 2018-03-19 13:08:12,926][cascade_classifier.calc_accuracy] Accuracy(layer_6 - train.classifier_average)=67.41%
[ 2018-03-19 13:08:12,926][cascade_classifier.fit_transform] [Result][Optimal Level Detected] opt_layer_num=4, accuracy_train=70.07%, accuracy_test=0.00%
[ 2018-03-19 13:08:12,940][cascade_classifier.transform] X_groups_test.shape=[(169, 420)]
[ 2018-03-19 13:08:12,941][cascade_classifier.transform] group_dims=[420]
[ 2018-03-19 13:08:12,941][cascade_classifier.transform] X_test.shape=(169, 420)
[ 2018-03-19 13:08:12,942][cascade_classifier.transform] [layer=0] look_indexs=[0], X_cur_test.shape=(169, 420)
[ 2018-03-19 13:08:14,460][cascade_classifier.transform] [layer=1] look_indexs=[0], X_cur_test.shape=(169, 428)
[ 2018-03-19 13:08:16,071][cascade_classifier.transform] [layer=2] look_indexs=[0], X_cur_test.shape=(169, 428)
[ 2018-03-19 13:08:17,593][cascade_classifier.transform] [layer=3] look_indexs=[0], X_cur_test.shape=(169, 428)
